
Showing logs for build [32mseldonio-seldon-core-pr-2450-in-frdw9-18[0m stage [32mpr-build-comment[0m and container [32mstep-credential-initializer-b49fm[0m
{"level":"info","ts":1601301075.3266962,"logger":"fallback-logger","caller":"logging/config.go:69","msg":"Fetch GitHub commit ID from kodata failed: open /var/run/ko/refs/heads/0.8.0-ns-support: no such file or directory"}
{"level":"info","ts":1601301075.3275852,"logger":"fallback-logger","caller":"creds-init/main.go:40","msg":"Credentials initialized."}

Showing logs for build [32mseldonio-seldon-core-pr-2450-in-frdw9-18[0m stage [32mpr-build-comment[0m and container [32mstep-working-dir-initializer-w7m9l[0m
{"level":"info","ts":1601301076.4662793,"logger":"fallback-logger","caller":"logging/config.go:69","msg":"Fetch GitHub commit ID from kodata failed: open /var/run/ko/HEAD: no such file or directory"}
{"level":"info","ts":1601301076.4695473,"logger":"fallback-logger","caller":"bash/main.go:64","msg":"Successfully executed command \"sh -c mkdir -p /workspace/source\"; output "}

Showing logs for build [32mseldonio-seldon-core-pr-2450-in-frdw9-18[0m stage [32mpr-build-comment[0m and container [32mstep-place-tools[0m

Showing logs for build [32mseldonio-seldon-core-pr-2450-in-frdw9-18[0m stage [32mpr-build-comment[0m and container [32mstep-create-dir-workspace-7bglr[0m
{"level":"info","ts":1601301099.159081,"logger":"fallback-logger","caller":"logging/config.go:69","msg":"Fetch GitHub commit ID from kodata failed: open /var/run/ko/HEAD: no such file or directory"}
{"level":"info","ts":1601301099.1621022,"logger":"fallback-logger","caller":"bash/main.go:64","msg":"Successfully executed command \"sh -c mkdir -p source\"; output "}

Showing logs for build [32mseldonio-seldon-core-pr-2450-in-frdw9-18[0m stage [32mpr-build-comment[0m and container [32mstep-git-source-seldonio-seldon-core-pr-2450-in-frdw9-lmf46[0m
{"level":"info","ts":1601301099.2893112,"logger":"fallback-logger","caller":"logging/config.go:69","msg":"Fetch GitHub commit ID from kodata failed: open /var/run/ko/refs/heads/0.8.0-ns-support: no such file or directory"}
{"level":"info","ts":1601301104.5294096,"logger":"fallback-logger","caller":"git/git.go:103","msg":"Successfully cloned https://github.com/SeldonIO/seldon-core.git @ master in path /workspace/source"}

Showing logs for build [32mseldonio-seldon-core-pr-2450-in-frdw9-18[0m stage [32mpr-build-comment[0m and container [32mstep-setup-builder-home[0m

Showing logs for build [32mseldonio-seldon-core-pr-2450-in-frdw9-18[0m stage [32mpr-build-comment[0m and container [32mstep-git-merge[0m
Using SHAs from PULL_REFS=master:85e5ed386ad9c24febe602330490de7d6949ed28,2450:8ea2afed5e5cb0686ad21c543ed92cca7bbbecd8
DEBUG: LC_ALL=C JX_LOG_LEVEL=error git fetch origin --unshallow 8ea2afed5e5cb0686ad21c543ed92cca7bbbecd8: 85e5ed386ad9c24febe602330490de7d6949ed28:
DEBUG: ran git fetch --unshallow origin 8ea2afed5e5cb0686ad21c543ed92cca7bbbecd8: 85e5ed386ad9c24febe602330490de7d6949ed28: in 
DEBUG: LC_ALL=C JX_LOG_LEVEL=error git branch
DEBUG: LC_ALL=C JX_LOG_LEVEL=error git checkout master
DEBUG: ran git checkout master in 
DEBUG: LC_ALL=C JX_LOG_LEVEL=error git reset --hard 85e5ed386ad9c24febe602330490de7d6949ed28
DEBUG: ran git reset --hard 85e5ed386ad9c24febe602330490de7d6949ed28 in 
DEBUG: LC_ALL=C JX_LOG_LEVEL=error git clean -fd .
DEBUG: ran clean --force -d . in 
DEBUG: JX_LOG_LEVEL=error LC_ALL=C git merge 8ea2afed5e5cb0686ad21c543ed92cca7bbbecd8
DEBUG: ran git merge 8ea2afed5e5cb0686ad21c543ed92cca7bbbecd8 in 
DEBUG: LC_ALL=C JX_LOG_LEVEL=error git log --format=%H%x1f%an%x1f%ae%x1f%cn%x1f%ce%x1f%s%n%b%x1e 85e5ed386ad9c24febe602330490de7d6949ed28..HEAD
Merged SHA 219391d30d04cfd7738d58373fe338cb105a6fa2 with commit message 'Merge commit '8ea2afed5e5cb0686ad21c543ed92cca7bbbecd8'' into base branch master
Merged SHA 8ea2afed5e5cb0686ad21c543ed92cca7bbbecd8 with commit message 'Merge env vars' into base branch master
Merged SHA 241f6faafa2e03df2b4f423789bb3151943c8d28 with commit message 'Fix NewModelInitializer' into base branch master
Merged SHA 64ee9fb8f7a1143441c283719aeaebb4bad049e6 with commit message 'Add test for xgboost' into base branch master
Merged SHA 00474d9284704b503dd81d36d9c26f97bc782f11 with commit message 'Add helper method to inject mlserver params into an existing container' into base branch master
Merged SHA 1e5c9a815ed6afebf9b7bbfdea14dbb355e1a392 with commit message 'Use new helper method in defaulter' into base branch master
Merged SHA 2148510638dcfc04b6dd306c09795086f5d3ae8e with commit message 'Add helper method to PredictorServerConfig to extract the image' into base branch master
Merged SHA 1d6ffe38146bbf3657167ab528c0e7667dc3bea3 with commit message 'Set model version to v1 by default' into base branch master
Merged SHA c7cfa162cade610418893ea79b8ccfa837a3d5bf with commit message 'Add test for v2 sklearn server' into base branch master
Merged SHA 18103305f003838093d465aba09e3df17aa7d5ae with commit message 'Add some sample resources' into base branch master
Merged SHA 083b180ce5426a46f09ce05242a58e5cf51df96d with commit message 'Add mlserver image to configmap' into base branch master
Merged SHA 5889a1bb4b784dc21cce8077bdaf72b1034f7cb7 with commit message 'Add model name and version' into base branch master
Merged SHA 8d47b8903a8d5216df199807c123ca3125c3045f with commit message 'Fix conversion from int32 to string' into base branch master
Merged SHA ce8d564b4a32599077ae0255119b60e609f7510f with commit message 'Fix tests for mlserver' into base branch master
Merged SHA e6a7af905c89840ab856893bbc660d6a4a39ce1f with commit message 'Add deepcopy methods for protocolsConfig' into base branch master
Merged SHA fd84f96012bc40a1b0f5b5c777337176ee519a7c with commit message 'Add integration test for mlserver deployments' into base branch master
Merged SHA 9c0065eb3c40dcf99c35e7be50796a6bbe235ebc with commit message 'Build container for mlserver' into base branch master
Merged SHA 3f88345cbb8da92b23ae39ddca01d47b3eee3510 with commit message 'Add test for container' into base branch master
Merged SHA ccaa288b3d3b9ba29a17467be44dfe02b5389d99 with commit message 'Update fixture configmap and add tests for image' into base branch master
Merged SHA c9d0f02c420e9b5db911fadf9a8e8e1a82204236 with commit message 'Add optional protocols entry to prepack configmap' into base branch master
Merged SHA da77cef3b3e7f98e9fa202c21c41901d950faadf with commit message 'Add tests for env vars' into base branch master
Merged SHA d78b2a37fd6cafb54d0dc3a899801399b6c5f03b with commit message 'Start adding MLServer pre-packaged server' into base branch master

Showing logs for build [32mseldonio-seldon-core-pr-2450-in-frdw9-18[0m stage [32mpr-build-comment[0m and container [32mstep-step2[0m
+++ dirname ./add-pr-build-comment
++ cd .
++ pwd
+ STARTUP_DIR=/workspace/source/ci
+ REPO_OWNER=SeldonIO
+ REPO_NAME=seldon-core
+ PULL_NUMBER=2450
+ BUILD_NUMBER=18
+ PIPELINE_CONTEXT=integration
++ cat
+++ date
+ COMMENT_MSG='Mon Sep 28 13:51:59 UTC 2020
The logs for [integration] [18] will show after the pipeline context has finished.  
https://github.com/SeldonIO/seldon-core/blob/gh-pages/jenkins-x/logs/SeldonIO/seldon-core/PR-2450/18.log

impatient try  
** get build logs SeldonIO/seldon-core/PR-2450 --build=18'
+ ** step pr comment --owner=SeldonIO --repository=seldon-core --pull-request=2450 '--comment=Mon Sep 28 13:51:59 UTC 2020
The logs for [integration] [18] will show after the pipeline context has finished.  
https://github.com/SeldonIO/seldon-core/blob/gh-pages/jenkins-x/logs/SeldonIO/seldon-core/PR-2450/18.log

impatient try  
** get build logs SeldonIO/seldon-core/PR-2450 --build=18'

Showing logs for build [32mseldonio-seldon-core-pr-2450-in-frdw9-18[0m stage [32mpr-build-comment[0m and container [32mstep-source-mkdir-seldonio-seldon-core-pr-2450-in-frdw9-xkv6n[0m
{"level":"info","ts":1601301121.621823,"logger":"fallback-logger","caller":"logging/config.go:69","msg":"Fetch GitHub commit ID from kodata failed: open /var/run/ko/HEAD: no such file or directory"}
{"level":"info","ts":1601301121.6494927,"logger":"fallback-logger","caller":"bash/main.go:64","msg":"Successfully executed command \"sh -c mkdir -p /pvc/pr-build-comment/workspace\"; output "}

Showing logs for build [32mseldonio-seldon-core-pr-2450-in-frdw9-18[0m stage [32mpr-build-comment[0m and container [32mstep-source-copy-seldonio-seldon-core-pr-2450-in-frdw9-hrn5w[0m
{"level":"info","ts":1601301122.0082567,"logger":"fallback-logger","caller":"logging/config.go:69","msg":"Fetch GitHub commit ID from kodata failed: open /var/run/ko/HEAD: no such file or directory"}
{"level":"info","ts":1601301122.5893333,"logger":"fallback-logger","caller":"bash/main.go:64","msg":"Successfully executed command \"sh -c cp -r source/. /pvc/pr-build-comment/workspace\"; output "}

Showing logs for build [32mseldonio-seldon-core-pr-2450-in-frdw9-18[0m stage [32mend-to-end[0m and container [32mstep-credential-initializer-d9hzd[0m
{"level":"info","ts":1601301140.7453876,"logger":"fallback-logger","caller":"logging/config.go:69","msg":"Fetch GitHub commit ID from kodata failed: open /var/run/ko/refs/heads/0.8.0-ns-support: no such file or directory"}
{"level":"info","ts":1601301140.7460644,"logger":"fallback-logger","caller":"creds-init/main.go:40","msg":"Credentials initialized."}

Showing logs for build [32mseldonio-seldon-core-pr-2450-in-frdw9-18[0m stage [32mend-to-end[0m and container [32mstep-working-dir-initializer-txhcx[0m
{"level":"info","ts":1601301141.3636127,"logger":"fallback-logger","caller":"logging/config.go:69","msg":"Fetch GitHub commit ID from kodata failed: open /var/run/ko/HEAD: no such file or directory"}
{"level":"info","ts":1601301141.3652866,"logger":"fallback-logger","caller":"bash/main.go:64","msg":"Successfully executed command \"sh -c mkdir -p /workspace/source\"; output "}

Showing logs for build [32mseldonio-seldon-core-pr-2450-in-frdw9-18[0m stage [32mend-to-end[0m and container [32mstep-place-tools[0m

Showing logs for build [32mseldonio-seldon-core-pr-2450-in-frdw9-18[0m stage [32mend-to-end[0m and container [32mstep-create-dir-workspace-qbcd7[0m
{"level":"info","ts":1601301153.1340892,"logger":"fallback-logger","caller":"logging/config.go:69","msg":"Fetch GitHub commit ID from kodata failed: open /var/run/ko/HEAD: no such file or directory"}
{"level":"info","ts":1601301153.137486,"logger":"fallback-logger","caller":"bash/main.go:64","msg":"Successfully executed command \"sh -c mkdir -p /workspace/source\"; output "}

Showing logs for build [32mseldonio-seldon-core-pr-2450-in-frdw9-18[0m stage [32mend-to-end[0m and container [32mstep-source-copy-workspace-7jgpw[0m
{"level":"info","ts":1601301153.503562,"logger":"fallback-logger","caller":"logging/config.go:69","msg":"Fetch GitHub commit ID from kodata failed: open /var/run/ko/HEAD: no such file or directory"}
{"level":"info","ts":1601301172.2959342,"logger":"fallback-logger","caller":"bash/main.go:64","msg":"Successfully executed command \"sh -c cp -r /pvc/pr-build-comment/workspace/. /workspace/source\"; output "}

Showing logs for build [32mseldonio-seldon-core-pr-2450-in-frdw9-18[0m stage [32mend-to-end[0m and container [32mstep-setup-builder-home[0m

Showing logs for build [32mseldonio-seldon-core-pr-2450-in-frdw9-18[0m stage [32mend-to-end[0m and container [32mstep-test-end-to-end[0m
Test run type is: [base]
Starting Docker: docker.
[SETUP] Waiting for Docker to be ready, sleeping for 1 seconds ...
kind create cluster --config ../resources/kind_config.yaml
Creating cluster "kind" ...
 • Ensuring node image (kindest/node:v1.16.3) 🖼  ...
 ✓ Ensuring node image (kindest/node:v1.16.3) 🖼
 • Preparing nodes 📦  ...
 ✓ Preparing nodes 📦
 • Writing configuration 📜  ...
 ✓ Writing configuration 📜
 • Starting control-plane 🕹️  ...
 ✓ Starting control-plane 🕹️
 • Installing CNI 🔌  ...
 ✓ Installing CNI 🔌
 • Installing StorageClass 💾  ...
 ✓ Installing StorageClass 💾
 • Joining worker nodes 🚜  ...
 ✓ Joining worker nodes 🚜
Set kubectl context to "kind-kind"
You can now use your cluster with:

kubectl cluster-info --context kind-kind

Have a nice day! 👋
`kind get kubeconfig-path` is deprecated!

KIND will export and merge kubeconfig like kops, minikube, etc.
This command is now unnecessary and will be removed in a future release.

For more info see: https://github.com/kubernetes-sigs/kind/issues/1060
See also the output of `kind create cluster`

Files changed in python folder:
SKIPPING PYTHON IMAGE BUILD...
Files changed in operator folder:
operator/apis/machinelearning.seldon.io/v1/prepack.go
operator/apis/machinelearning.seldon.io/v1/prepack_test.go
operator/apis/machinelearning.seldon.io/v1/seldondeployment_webhook.go
operator/apis/machinelearning.seldon.io/v1/zz_generated.deepcopy.go
operator/constants/constants.go
operator/controllers/mlserver.go
operator/controllers/mlserver_test.go
operator/controllers/seldondeployment_prepackaged_servers.go
operator/controllers/seldondeployment_prepackaged_servers_test.go
operator/controllers/suite_test.go
cd ../../operator && make kind-image-install
make[1]: Entering directory '/workspace/source/operator'
go: creating new go.mod: module tmp
go: downloading sigs.k8s.io/controller-tools v0.2.5
go: found sigs.k8s.io/controller-tools/cmd/controller-gen in sigs.k8s.io/controller-tools v0.2.5
go: downloading github.com/fatih/color v1.7.0
go: downloading github.com/spf13/cobra v0.0.5
go: downloading k8s.io/apimachinery v0.17.0
go: downloading k8s.io/apiextensions-apiserver v0.17.0
go: downloading sigs.k8s.io/yaml v1.1.0
go: downloading golang.org/x/tools v0.0.0-20190920225731-5eefd052ad72
go: downloading github.com/mattn/go-isatty v0.0.8
go: downloading golang.org/x/sys v0.0.0-20190826190057-c7b8b68b1456
go: downloading gopkg.in/yaml.v3 v3.0.0-20190905181640-827449938966
go: downloading github.com/inconshreveable/mousetrap v1.0.0
go: downloading github.com/gobuffalo/flect v0.2.0
go: downloading github.com/mattn/go-colorable v0.1.2
go: downloading k8s.io/api v0.17.0
go: downloading github.com/spf13/pflag v1.0.5
go: downloading github.com/gogo/protobuf v1.2.2-0.20190723190241-65acae22fc9d
go: downloading gopkg.in/yaml.v2 v2.2.4
go: downloading k8s.io/klog v1.0.0
go: downloading k8s.io/utils v0.0.0-20191114184206-e782cd3c129f
go: downloading github.com/google/gofuzz v1.0.0
go: downloading golang.org/x/net v0.0.0-20191004110552-13f9640d40b9
go: downloading gopkg.in/inf.v0 v0.9.1
go: downloading golang.org/x/text v0.3.2
/builder/home/go/bin/controller-gen object:headerFile=./hack/boilerplate.go.txt paths="./..."
go fmt ./...
go vet ./...
go: downloading github.com/onsi/ginkgo v1.14.0
go: downloading github.com/onsi/gomega v1.10.1
go: downloading golang.org/x/xerrors v0.0.0-20191204190536-9bdfabe68543
go: downloading github.com/nxadm/tail v1.4.4
go: downloading gopkg.in/tomb.v1 v1.0.0-20141024135613-dd632973f1e7
/builder/home/go/bin/controller-gen "crd:trivialVersions=true" rbac:roleName=manager-role webhook paths="./..." output:crd:artifacts:config=config/crd/bases
rm -rf generated
mkdir generated
kustomize build config/default/ -o generated
cp generated/apiextensions.k8s.io_v1beta1_customresourcedefinition_seldondeployments.machinelearning.seldon.io.yaml testing/machinelearning.seldon.io_seldondeployments.yaml
ginkgo -r -outputdir=. -cover -coverprofile=cover.out ./controllers ./utils ./apis
[1601301415] [1mController Suite[0m - 65/65 specs test k8s client
&{Reader:0xc00078c860 Writer:0xc0009949c0 StatusClient:0xc0009949c0}
[32m•[0m[32m•[0m[32m•[0m[32m•[0m[32m•[0m[32m•[0m[32m•[0m[32m•[0m[32m•[0m[32m•[0m[32m•[0m[32m•[0m[32m•[0m[32m•[0m[32m•[0m[32m•[0m[32m•[0m[32m•[0m[32m•[0m[32m•[0m[32m•[0m[32m•[0m[32m•[0m[32m•[0m[32m•[0m[32m•[0m[32m•[0m[32m•[0m[32m•[0m[32m•[0m[32m•[0m[32m•[0m[32m•[0m[32m•[0m[32m•[0m[32m•[0m[32m•[0m[32m•[0m[32m•[0m[32m•[0m[32m•[0m[32m•[0m[32m•[0m[32m•[0m[32m•[0m[32m•[0m[32m•[0m[32m•[0m[32m•[0m[32m•[0m[32m•[0m[32m•[0m[32m•[0m[32m•[0m[32m•[0m[32m•[0m[32m•[0m[32m•[0m[32m•[0m[32m•[0m[32m•[0m[32m•[0m[32m•[0m[32m•[0m[32m•[0mE0928 13:58:05.326901   26339 reflector.go:383] pkg/mod/k8s.io/client-go@v0.18.8/tools/cache/reflector.go:125: Failed to watch *v1.SeldonDeployment: Get "http://127.0.0.1:33291/apis/machinelearning.seldon.io/v1/seldondeployments?allowWatchBookmarks=true&resourceVersion=390&timeoutSeconds=440&watch=true": dial tcp 127.0.0.1:33291: connect: connection refused
E0928 13:58:05.326936   26339 reflector.go:383] pkg/mod/k8s.io/client-go@v0.18.8/tools/cache/reflector.go:125: Failed to watch *v1.Namespace: Get "http://127.0.0.1:33291/api/v1/namespaces?allowWatchBookmarks=true&resourceVersion=295&timeoutSeconds=395&watch=true": dial tcp 127.0.0.1:33291: connect: connection refused
E0928 13:58:05.327297   26339 reflector.go:383] pkg/mod/k8s.io/client-go@v0.18.8/tools/cache/reflector.go:125: Failed to watch *v1alpha3.VirtualService: Get "http://127.0.0.1:33291/apis/networking.istio.io/v1alpha3/virtualservices?allowWatchBookmarks=true&resourceVersion=118&timeoutSeconds=387&watch=true": dial tcp 127.0.0.1:33291: connect: connection refused
E0928 13:58:05.327331   26339 reflector.go:383] pkg/mod/k8s.io/client-go@v0.18.8/tools/cache/reflector.go:125: Failed to watch *v1.Deployment: Get "http://127.0.0.1:33291/apis/apps/v1/deployments?allowWatchBookmarks=true&resourceVersion=384&timeoutSeconds=384&watch=true": dial tcp 127.0.0.1:33291: connect: connection refused
E0928 13:58:05.327394   26339 reflector.go:383] pkg/mod/k8s.io/client-go@v0.18.8/tools/cache/reflector.go:125: Failed to watch *v1.ConfigMap: Get "http://127.0.0.1:33291/api/v1/configmaps?allowWatchBookmarks=true&resourceVersion=118&timeoutSeconds=503&watch=true": dial tcp 127.0.0.1:33291: connect: connection refused
E0928 13:58:05.327706   26339 reflector.go:383] pkg/mod/k8s.io/client-go@v0.18.8/tools/cache/reflector.go:125: Failed to watch *v1.Service: Get "http://127.0.0.1:33291/api/v1/services?allowWatchBookmarks=true&resourceVersion=382&timeoutSeconds=365&watch=true": dial tcp 127.0.0.1:33291: connect: connection refused
E0928 13:58:05.329459   26339 reflector.go:383] pkg/mod/k8s.io/client-go@v0.18.8/tools/cache/reflector.go:125: Failed to watch *v2beta1.HorizontalPodAutoscaler: Get "http://127.0.0.1:33291/apis/autoscaling/v2beta1/horizontalpodautoscalers?allowWatchBookmarks=true&resourceVersion=303&timeoutSeconds=360&watch=true": dial tcp 127.0.0.1:33291: connect: connection refused

 [32mSUCCESS![0m 41.920363954s PASS
coverage: 67.0% of statements
=== RUN   TestGcsSecret
--- PASS: TestGcsSecret (0.00s)
PASS
coverage: 100.0% of statements
=== RUN   TestS3Secret
--- PASS: TestS3Secret (0.00s)
PASS
coverage: 94.6% of statements
=== RUN   TestGetEnvAsBool
--- PASS: TestGetEnvAsBool (0.00s)
=== RUN   TestAddEnvVarToDeploymentContainers
--- PASS: TestAddEnvVarToDeploymentContainers (0.00s)
=== RUN   TestMountSecretToDeploymentContainers
--- PASS: TestMountSecretToDeploymentContainers (0.00s)
PASS
coverage: 30.0% of statements
=== RUN   TestGenerateCerts
--- PASS: TestGenerateCerts (3.11s)
=== RUN   TestConfigmapCreate
--- PASS: TestConfigmapCreate (0.00s)
=== RUN   TestCRDCreate
--- PASS: TestCRDCreate (0.07s)
=== RUN   TestMutatingWebhookCreate
--- PASS: TestMutatingWebhookCreate (3.16s)
=== RUN   TestMutatingWebhookCreateNamespaced
--- PASS: TestMutatingWebhookCreateNamespaced (3.56s)
=== RUN   TestValidatingWebhookCreate
--- PASS: TestValidatingWebhookCreate (1.51s)
=== RUN   TestValidatingWebhookCreateNamespaced
--- PASS: TestValidatingWebhookCreateNamespaced (2.96s)
=== RUN   TestWebHookSvcCreate
--- PASS: TestWebHookSvcCreate (1.90s)
PASS
coverage: 52.1% of statements
=== RUN   TestImageSetNormal
    prepack_test.go:50: Scenario: GRPC image with version
    prepack_test.go:50: Scenario: GRPC image with no version
    prepack_test.go:50: Scenario: REST image with version
    prepack_test.go:50: Scenario: REST image with no version
--- PASS: TestImageSetNormal (0.01s)
=== RUN   TestGetPredictorConfig
    prepack_test.go:81: Scenario: related image sklearn
    prepack_test.go:81: Scenario: default image sklearn
--- PASS: TestGetPredictorConfig (0.00s)
=== RUN   TestPredictorServerConfigPrepackImageConfig
--- PASS: TestPredictorServerConfigPrepackImageConfig (0.00s)
=== RUN   TestPredictorServerConfigPrepackImageName
--- PASS: TestPredictorServerConfigPrepackImageName (0.00s)
=== RUN   TestGetDeploymentNameOneModel
--- PASS: TestGetDeploymentNameOneModel (0.00s)
=== RUN   TestGetDeploymentNameLong
--- PASS: TestGetDeploymentNameLong (0.00s)
=== RUN   TestValidProtocolTransportServerType
--- PASS: TestValidProtocolTransportServerType (0.00s)
=== RUN   TestValidateBadProtocol
--- PASS: TestValidateBadProtocol (0.00s)
=== RUN   TestValidateBadTransport
--- PASS: TestValidateBadTransport (0.00s)
=== RUN   TestValidateBadServerType
--- PASS: TestValidateBadServerType (0.00s)
=== RUN   TestValidateMixedTransport
--- PASS: TestValidateMixedTransport (0.00s)
=== RUN   TestValidateMixedMultipleTransport
--- PASS: TestValidateMixedMultipleTransport (0.00s)
=== RUN   TestDefaultSingleContainer
--- PASS: TestDefaultSingleContainer (0.00s)
=== RUN   TestMetricsPortAddedTwoContainers
--- PASS: TestMetricsPortAddedTwoContainers (0.00s)
=== RUN   TestMetricsPortAddedTwoComponentSpecsTwoContainers
--- PASS: TestMetricsPortAddedTwoComponentSpecsTwoContainers (0.00s)
=== RUN   TestOverrideMetricsPortName
Failed to find config map seldon-config
no kind is registered for the type v1.ConfigMap in scheme "pkg/runtime/scheme.go:101"
--- PASS: TestOverrideMetricsPortName (0.00s)
=== RUN   TestPortUseExisting
--- PASS: TestPortUseExisting (0.00s)
=== RUN   TestMetricsPortAddedToPrepacked
--- PASS: TestMetricsPortAddedToPrepacked (0.00s)
=== RUN   TestPredictorProtocolGrpc
--- PASS: TestPredictorProtocolGrpc (0.01s)
=== RUN   TestPrepackedWithExistingContainer
--- PASS: TestPrepackedWithExistingContainer (0.01s)
=== RUN   TestPrepackedWithCustom
--- PASS: TestPrepackedWithCustom (0.00s)
=== RUN   TestPrepackedWithExistingContainerAndImage
--- PASS: TestPrepackedWithExistingContainerAndImage (0.00s)
=== RUN   TestMetricsPortAddedToTwoPrepacked
--- PASS: TestMetricsPortAddedToTwoPrepacked (0.00s)
=== RUN   TestDefaultPrepackagedServerType
--- PASS: TestDefaultPrepackagedServerType (0.00s)
=== RUN   TestValidateSingleModel
--- PASS: TestValidateSingleModel (0.00s)
=== RUN   TestValidateSingleModelNoName
--- PASS: TestValidateSingleModelNoName (0.00s)
=== RUN   TestValidateNoEngineMultiGraph
--- PASS: TestValidateNoEngineMultiGraph (0.00s)
=== RUN   TestValidateDuplPredictorName
--- PASS: TestValidateDuplPredictorName (0.00s)
=== RUN   TestValidateTrafficSum
--- PASS: TestValidateTrafficSum (0.00s)
=== RUN   TestDefaultABTest
--- PASS: TestDefaultABTest (0.00s)
=== RUN   TestValidateTensorflowProtocolNormalPrepackaged
--- PASS: TestValidateTensorflowProtocolNormalPrepackaged (0.00s)
=== RUN   TestValidateTensorflowProtocolNormal
--- PASS: TestValidateTensorflowProtocolNormal (0.00s)
=== RUN   TestValidateV2ProtocolNormal
--- PASS: TestValidateV2ProtocolNormal (0.00s)
=== RUN   TestPredictorNoGraph
--- PASS: TestPredictorNoGraph (0.00s)
=== RUN   TestShadowPredictor
--- PASS: TestShadowPredictor (0.00s)
=== RUN   TestNoPredictors
--- PASS: TestNoPredictors (0.00s)
=== RUN   TestValidateTwoShadows
--- PASS: TestValidateTwoShadows (0.01s)
PASS
coverage: 41.4% of statements
path is /workspace/source/operator
All profiles combined

Ginkgo ran 6 suites in 1m26.752576915s
Test Suite Passed
docker build . -t seldonio/seldon-core-operator:1.3.0-dev
Sending build context to Docker daemon  10.34MB
Step 1/28 : FROM golang:1.13.2 as builder
1.13.2: Pulling from library/golang
c7b7d16361e0: Pulling fs layer
b7a128769df1: Pulling fs layer
1128949d0793: Pulling fs layer
667692510b70: Pulling fs layer
c70d80036479: Pulling fs layer
a8669f8c1a42: Pulling fs layer
433331673060: Pulling fs layer
667692510b70: Waiting
c70d80036479: Waiting
a8669f8c1a42: Waiting
433331673060: Waiting
1128949d0793: Verifying Checksum
1128949d0793: Download complete
b7a128769df1: Verifying Checksum
b7a128769df1: Download complete
c7b7d16361e0: Verifying Checksum
c7b7d16361e0: Download complete
667692510b70: Verifying Checksum
667692510b70: Download complete
c70d80036479: Verifying Checksum
c70d80036479: Download complete
433331673060: Verifying Checksum
433331673060: Download complete
a8669f8c1a42: Verifying Checksum
a8669f8c1a42: Download complete
c7b7d16361e0: Pull complete
b7a128769df1: Pull complete
1128949d0793: Pull complete
667692510b70: Pull complete
c70d80036479: Pull complete
a8669f8c1a42: Pull complete
433331673060: Pull complete
Digest: sha256:b3086f21bfbe896973dd6147b46f2736a7deb2c04ed76219835befa0244a9562
Status: Downloaded newer image for golang:1.13.2
 ---> e37698ff7351
Step 2/28 : WORKDIR /workspace
 ---> Running in df851a42d7a1
Removing intermediate container df851a42d7a1
 ---> eb826de3f011
Step 3/28 : COPY go.mod go.mod
 ---> 12a8f7fa0420
Step 4/28 : COPY go.sum go.sum
 ---> c3f3313ab7d1
Step 5/28 : RUN go mod download
 ---> Running in b9acf672a981
[91mgo: finding cloud.google.com/go v0.38.0
[0m[91mgo: finding github.com/Azure/go-ansiterm v0.0.0-20170929234023-d6e3b3328b78
[0m[91mgo: finding github.com/Azure/go-autorest v14.2.0+incompatible
[0m[91mgo: finding github.com/Azure/go-autorest/autorest v0.9.0
[0m[91mgo: finding github.com/Azure/go-autorest/autorest/adal v0.9.0
[0m[91mgo: finding github.com/Azure/go-autorest/autorest/date v0.3.0
[0m[91mgo: finding github.com/Azure/go-autorest/autorest/mocks v0.4.0
[0m[91mgo: finding github.com/Azure/go-autorest/logger v0.1.0
[0m[91mgo: finding github.com/Azure/go-autorest/tracing v0.6.0
[0m[91mgo: finding github.com/BurntSushi/toml v0.3.1
[0m[91mgo: finding github.com/NYTimes/gziphandler v0.0.0-20170623195520-56545f4a5d46
[0m[91mgo: finding github.com/PuerkitoBio/purell v1.1.1
[0m[91mgo: finding github.com/PuerkitoBio/urlesc v0.0.0-20170810143723-de5bf2ad4578
[0m[91mgo: finding github.com/agnivade/levenshtein v1.0.1
[0m[91mgo: finding github.com/alecthomas/template v0.0.0-20160405071501-a0175ee3bccc
[0m[91mgo: finding github.com/alecthomas/units v0.0.0-20151022065526-2efee857e7cf
[0m[91mgo: finding github.com/andreyvit/diff v0.0.0-20170406064948-c7f18ee00883
[0m[91mgo: finding github.com/armon/consul-api v0.0.0-20180202201655-eb2c6b5be1b6
[0m[91mgo: finding github.com/asaskevich/govalidator v0.0.0-20190424111038-f61b66f89f4a
[0m[91mgo: finding github.com/beorn7/perks v1.0.1
[0m[91mgo: finding github.com/bgentry/speakeasy v0.1.0
[0m[91mgo: finding github.com/blang/semver v3.5.0+incompatible
[0m[91mgo: finding github.com/census-instrumentation/opencensus-proto v0.2.1
[0m[91mgo: finding github.com/client9/misspell v0.3.4
[0m[91mgo: finding github.com/cockroachdb/datadriven v0.0.0-20190809214429-80d97fb3cbaa
[0m[91mgo: finding github.com/coreos/etcd v3.3.10+incompatible
[0m[91mgo: finding github.com/coreos/go-etcd v2.0.0+incompatible
[0m[91mgo: finding github.com/coreos/go-oidc v2.1.0+incompatible
[0m[91mgo: finding github.com/coreos/go-semver v0.3.0
[0m[91mgo: finding github.com/coreos/go-systemd v0.0.0-20190321100706-95778dfbb74e
[0m[91mgo: finding github.com/coreos/pkg v0.0.0-20180108230652-97fdf19511ea
[0m[91mgo: finding github.com/cpuguy83/go-md2man v1.0.10
[0m[91mgo: finding github.com/creack/pty v1.1.7
[0m[91mgo: finding github.com/davecgh/go-spew v1.1.1
[0m[91mgo: finding github.com/dgrijalva/jwt-go v3.2.0+incompatible
[0m[91mgo: finding github.com/docker/docker v0.7.3-0.20190327010347-be7ac8be2ae0
[0m[91mgo: finding github.com/docker/go-units v0.4.0
[0m[91mgo: finding github.com/docker/spdystream v0.0.0-20160310174837-449fdfce4d96
[0m[91mgo: finding github.com/docopt/docopt-go v0.0.0-20180111231733-ee0de3bc6815
[0m[91mgo: finding github.com/dustin/go-humanize v1.0.0
[0m[91mgo: finding github.com/elazarl/goproxy v0.0.0-20180725130230-947c36da3153
[0m[91mgo: finding github.com/emicklei/go-restful v2.9.5+incompatible
[0m[91mgo: finding github.com/envoyproxy/go-control-plane v0.9.1-0.20191026205805-5f8ba28d4473
[0m[91mgo: finding github.com/envoyproxy/protoc-gen-validate v0.1.0
[0m[91mgo: finding github.com/evanphx/json-patch v4.5.0+incompatible
[0m[91mgo: finding github.com/fatih/color v1.7.0
[0m[91mgo: finding github.com/fsnotify/fsnotify v1.4.9
[0m[91mgo: finding github.com/ghodss/yaml v1.0.0
[0m[91mgo: finding github.com/globalsign/mgo v0.0.0-20181015135952-eeefdecb41b8
[0m[91mgo: finding github.com/go-kit/kit v0.8.0
[0m[91mgo: finding github.com/go-logfmt/logfmt v0.3.0
[0m[91mgo: finding github.com/go-logr/logr v0.1.0
[0m[91mgo: finding github.com/go-logr/zapr v0.1.0
[0m[91mgo: finding github.com/go-openapi/analysis v0.19.5
[0m[91mgo: finding github.com/go-openapi/errors v0.19.2
[0m[91mgo: finding github.com/go-openapi/jsonpointer v0.19.3
[0m[91mgo: finding github.com/go-openapi/jsonreference v0.19.3
[0m[91mgo: finding github.com/go-openapi/loads v0.19.4
[0m[91mgo: finding github.com/go-openapi/runtime v0.19.4
[0m[91mgo: finding github.com/go-openapi/spec v0.19.3
[0m[91mgo: finding github.com/go-openapi/strfmt v0.19.3
[0m[91mgo: finding github.com/go-openapi/swag v0.19.5
[0m[91mgo: finding github.com/go-openapi/validate v0.19.5
[0m[91mgo: finding github.com/go-stack/stack v1.8.0
[0m[91mgo: finding github.com/gogo/protobuf v1.3.1
[0m[91mgo: finding github.com/golang/glog v0.0.0-20160126235308-23def4e6c14b
[0m[91mgo: finding github.com/golang/groupcache v0.0.0-20190702054246-869f871628b6
[0m[91mgo: finding github.com/golang/mock v1.2.0
[0m[91mgo: finding github.com/golang/protobuf v1.4.2
[0m[91mgo: finding github.com/google/btree v1.0.0
[0m[91mgo: finding github.com/google/go-cmp v0.5.0
[0m[91mgo: finding github.com/google/gofuzz v1.1.0
[0m[91mgo: finding github.com/google/martian v2.1.0+incompatible
[0m[91mgo: finding github.com/google/pprof v0.0.0-20181206194817-3ea8567a2e57
[0m[91mgo: finding github.com/google/renameio v0.1.0
[0m[91mgo: finding github.com/google/uuid v1.1.1
[0m[91mgo: finding github.com/googleapis/gax-go/v2 v2.0.4
[0m[91mgo: finding github.com/googleapis/gnostic v0.3.1
[0m[91mgo: finding github.com/gophercloud/gophercloud v0.1.0
[0m[91mgo: finding github.com/gorilla/websocket v1.4.0
[0m[91mgo: finding github.com/gregjones/httpcache v0.0.0-20180305231024-9cad4c3443a7
[0m[91mgo: finding github.com/grpc-ecosystem/go-grpc-middleware v1.0.1-0.20190118093823-f849b5445de4
[0m[91mgo: finding github.com/grpc-ecosystem/go-grpc-prometheus v1.2.0
[0m[91mgo: finding github.com/grpc-ecosystem/grpc-gateway v1.9.5
[0m[91mgo: finding github.com/hashicorp/golang-lru v0.5.4
[0m[91mgo: finding github.com/hashicorp/hcl v1.0.0
[0m[91mgo: finding github.com/hpcloud/tail v1.0.0
[0m[91mgo: finding github.com/imdario/mergo v0.3.9
[0m[91mgo: finding github.com/inconshreveable/mousetrap v1.0.0
[0m[91mgo: finding github.com/jessevdk/go-flags v1.4.0
[0m[91mgo: finding github.com/jonboulle/clockwork v0.1.0
[0m[91mgo: finding github.com/json-iterator/go v1.1.10
[0m[91mgo: finding github.com/jstemmer/go-junit-report v0.0.0-20190106144839-af01ea7f8024
[0m[91mgo: finding github.com/julienschmidt/httprouter v1.2.0
[0m[91mgo: finding github.com/kisielk/errcheck v1.2.0
[0m[91mgo: finding github.com/kisielk/gotool v1.0.0
[0m[91mgo: finding github.com/konsorten/go-windows-terminal-sequences v1.0.1
[0m[91mgo: finding github.com/kr/logfmt v0.0.0-20140226030751-b84e30acd515
[0m[91mgo: finding github.com/kr/pretty v0.1.0
[0m[91mgo: finding github.com/kr/pty v1.1.5
[0m[91mgo: finding github.com/kr/text v0.1.0
[0m[91mgo: finding github.com/magiconair/properties v1.8.0
[0m[91mgo: finding github.com/mailru/easyjson v0.7.0
[0m[91mgo: finding github.com/mattn/go-colorable v0.0.9
[0m[91mgo: finding github.com/mattn/go-isatty v0.0.4
[0m[91mgo: finding github.com/mattn/go-runewidth v0.0.2
[0m[91mgo: finding github.com/matttproud/golang_protobuf_extensions v1.0.1
[0m[91mgo: finding github.com/mitchellh/go-homedir v1.1.0
[0m[91mgo: finding github.com/mitchellh/mapstructure v1.1.2
[0m[91mgo: finding github.com/modern-go/concurrent v0.0.0-20180306012644-bacd9c7ef1dd
[0m[91mgo: finding github.com/modern-go/reflect2 v1.0.1
[0m[91mgo: finding github.com/munnerz/goautoneg v0.0.0-20191010083416-a7dc8b61c822
[0m[91mgo: finding github.com/mwitkow/go-conntrack v0.0.0-20161129095857-cc309e4a2223
[0m[91mgo: finding github.com/mxk/go-flowrate v0.0.0-20140419014527-cca7078d478f
[0m[91mgo: finding github.com/nxadm/tail v1.4.4
[0m[91mgo: finding github.com/olekukonko/tablewriter v0.0.0-20170122224234-a0225b3f23b5
[0m[91mgo: finding github.com/onsi/ginkgo v1.14.0
[0m[91mgo: finding github.com/onsi/gomega v1.10.1
[0m[91mgo: finding github.com/pborman/uuid v1.2.0
[0m[91mgo: finding github.com/pelletier/go-toml v1.2.0
[0m[91mgo: finding github.com/peterbourgon/diskv v2.0.1+incompatible
[0m[91mgo: finding github.com/pkg/errors v0.8.1
[0m[91mgo: finding github.com/pmezard/go-difflib v1.0.0
[0m[91mgo: finding github.com/pquerna/cachecontrol v0.0.0-20171018203845-0dec1b30a021
[0m[91mgo: finding github.com/prometheus/client_golang v1.0.0
[0m[91mgo: finding github.com/prometheus/client_model v0.2.0
[0m[91mgo: finding github.com/prometheus/common v0.4.1
[0m[91mgo: finding github.com/prometheus/procfs v0.0.11
[0m[91mgo: finding github.com/rogpeppe/fastuuid v0.0.0-20150106093220-6724a57986af
[0m[91mgo: finding github.com/rogpeppe/go-internal v1.3.0
[0m[91mgo: finding github.com/russross/blackfriday v1.5.2
[0m[91mgo: finding github.com/sergi/go-diff v1.0.0
[0m[91mgo: finding github.com/sirupsen/logrus v1.4.2
[0m[91mgo: finding github.com/soheilhy/cmux v0.1.4
[0m[91mgo: finding github.com/spf13/afero v1.2.2
[0m[91mgo: finding github.com/spf13/cast v1.3.0
[0m[91mgo: finding github.com/spf13/cobra v0.0.5
[0m[91mgo: finding github.com/spf13/jwalterweatherman v1.0.0
[0m[91mgo: finding github.com/spf13/pflag v1.0.5
[0m[91mgo: finding github.com/spf13/viper v1.3.2
[0m[91mgo: finding github.com/stretchr/ob** v0.2.0
[0m[91mgo: finding github.com/stretchr/testify v1.4.0
[0m[91mgo: finding github.com/tidwall/pretty v1.0.0
[0m[91mgo: finding github.com/tmc/grpc-websocket-proxy v0.0.0-20170815181823-89b8d40f7ca8
[0m[91mgo: finding github.com/ugorji/go/codec v0.0.0-20181204163529-d75b2dcb6bc8
[0m[91mgo: finding github.com/urfave/cli v1.20.0
[0m[91mgo: finding github.com/vektah/gqlparser v1.1.2
[0m[91mgo: finding github.com/xiang90/probing v0.0.0-20190116061207-43a291ad63a2
[0m[91mgo: finding github.com/xordataexchange/crypt v0.0.3-0.20170626215501-b2862e3d0a77
[0m[91mgo: finding go.etcd.io/bbolt v1.3.3
[0m[91mgo: finding go.etcd.io/etcd v0.0.0-20191023171146-3cf2f69b5738
[0m[91mgo: finding go.mongodb.org/mongo-driver v1.1.2
[0m[91mgo: finding go.opencensus.io v0.21.0
[0m[91mgo: finding go.uber.org/atomic v1.6.0
[0m[91mgo: finding go.uber.org/multierr v1.5.0
[0m[91mgo: finding go.uber.org/tools v0.0.0-20190618225709-2cfd321de3ee
[0m[91mgo: finding go.uber.org/zap v1.15.0
[0m[91mgo: finding golang.org/x/crypto v0.0.0-20200622213623-75b288015ac9
[0m[91mgo: finding golang.org/x/exp v0.0.0-20190121172915-509febef88a4
[0m[91mgo: finding golang.org/x/lint v0.0.0-20190930215403-16217165b5de
[0m[91mgo: finding golang.org/x/mod v0.0.0-20190513183733-4bf6d317e70e
[0m[91mgo: finding golang.org/x/net v0.0.0-20200520004742-59133d7f0dd7
[0m[91mgo: finding golang.org/x/oauth2 v0.0.0-20190604053449-0f29369cfe45
[0m[91mgo: finding golang.org/x/sync v0.0.0-20190911185100-cd5d95a43a6e
[0m[91mgo: finding golang.org/x/sys v0.0.0-20200519105757-fe76b779f299
[0m[91mgo: finding golang.org/x/text v0.3.3
[0m[91mgo: finding golang.org/x/time v0.0.0-20190921001708-c4c64cad1fd0
[0m[91mgo: finding golang.org/x/tools v0.0.0-20191029190741-b9c20aec41a5
[0m[91mgo: finding golang.org/x/xerrors v0.0.0-20191204190536-9bdfabe68543
[0m[91mgo: finding gomodules.xyz/jsonpatch/v2 v2.0.1
[0m[91mgo: finding google.golang.org/api v0.4.0
[0m[91mgo: finding google.golang.org/appengine v1.6.5
[0m[91mgo: finding google.golang.org/genproto v0.0.0-20190916214212-f660b8655731
[0m[91mgo: finding google.golang.org/grpc v1.26.0
[0m[91mgo: finding google.golang.org/protobuf v1.23.0
[0m[91mgo: finding gopkg.in/alecthomas/kingpin.v2 v2.2.6
[0m[91mgo: finding gopkg.in/check.v1 v1.0.0-20190902080502-41f04d3bba15
[0m[91mgo: finding gopkg.in/cheggaaa/pb.v1 v1.0.25
[0m[91mgo: finding gopkg.in/errgo.v2 v2.1.0
[0m[91mgo: finding gopkg.in/fsnotify.v1 v1.4.7
[0m[91mgo: finding gopkg.in/inf.v0 v0.9.1
[0m[91mgo: finding gopkg.in/natefinch/lumberjack.v2 v2.0.0
[0m[91mgo: finding gopkg.in/resty.v1 v1.12.0
[0m[91mgo: finding gopkg.in/square/go-jose.v2 v2.2.2
[0m[91mgo: finding gopkg.in/tomb.v1 v1.0.0-20141024135613-dd632973f1e7
[0m[91mgo: finding gopkg.in/yaml.v2 v2.3.0
[0m[91mgo: finding gotest.tools v2.2.0+incompatible
[0m[91mgo: finding honnef.co/go/tools v0.0.1-2019.2.3
[0m[91mgo: finding istio.io/api v0.0.0-20200513175333-ae3da0d240e3
[0m[91mgo: finding istio.io/client-go v0.0.0-20200513180646-f8d9d8ff84e6
[0m[91mgo: finding istio.io/gogo-genproto v0.0.0-20190930162913-45029607206a
[0m[91mgo: finding k8s.io/api v0.18.8
[0m[91mgo: finding k8s.io/apiextensions-apiserver v0.18.8
[0m[91mgo: finding k8s.io/apimachinery v0.18.8
[0m[91mgo: finding k8s.io/apiserver v0.18.8
[0m[91mgo: finding k8s.io/client-go v0.18.8
[0m[91mgo: finding k8s.io/code-generator v0.18.8
[0m[91mgo: finding k8s.io/component-base v0.18.8
[0m[91mgo: finding k8s.io/gengo v0.0.0-20200114144118-36b2048a9120
[0m[91mgo: finding k8s.io/klog v1.0.0
[0m[91mgo: finding k8s.io/klog/v2 v2.0.0
[0m[91mgo: finding k8s.io/kube-openapi v0.0.0-20200410145947-61e04a5be9a6
[0m[91mgo: finding k8s.io/utils v0.0.0-20200603063816-c1c6865ac451
[0m[91mgo: finding knative.dev/pkg v0.0.0-20200513151758-7b6bb61326ae
[0m[91mgo: finding sigs.k8s.io/apiserver-network-proxy/konnectivity-client v0.0.7
[0m[91mgo: finding sigs.k8s.io/controller-runtime v0.6.2
[0m[91mgo: finding sigs.k8s.io/structured-merge-diff v0.0.0-20190525122527-15d366b2352e
[0m[91mgo: finding sigs.k8s.io/structured-merge-diff/v3 v3.0.0
[0m[91mgo: finding sigs.k8s.io/yaml v1.2.0
[0mRemoving intermediate container b9acf672a981
 ---> 2e17847a036b
Step 6/28 : COPY main.go main.go
 ---> b8b6e89feaae
Step 7/28 : COPY apis/ apis/
 ---> 10525cff28d1
Step 8/28 : COPY controllers/ controllers/
 ---> 7062eebe7fbd
Step 9/28 : COPY utils/ utils/
 ---> f0d5053798df
Step 10/28 : COPY constants/ constants/
 ---> 87168f45b659
Step 11/28 : COPY client/ client/
 ---> 5ed146eff71b
Step 12/28 : RUN go build -a -o manager main.go
 ---> Running in 6ffd5bd25716
Removing intermediate container 6ffd5bd25716
 ---> 9c5e4f7eb716
Step 13/28 : RUN wget -O hashicorp-golang-lru.tar.gz https://github.com/hashicorp/golang-lru/archive/master.tar.gz
 ---> Running in 43d768f11d6d
[91m--2020-09-28 14:02:02--  https://github.com/hashicorp/golang-lru/archive/master.tar.gz
[0m[91mResolving github.com (github.com)... [0m[91m140.82.121.4
Connecting to github.com (github.com)|140.82.121.4|:443... [0m[91mconnected.
[0m[91mHTTP request sent, awaiting response... [0m[91m302 Found
Location: https://codeload.github.com/hashicorp/golang-lru/tar.gz/master [following]
--2020-09-28 14:02:02--  https://codeload.github.com/hashicorp/golang-lru/tar.gz/master
Resolving codeload.github.com (codeload.github.com)... [0m[91m140.82.121.10
Connecting to codeload.github.com (codeload.github.com)|140.82.121.10|:443... [0m[91mconnected.
[0m[91mHTTP request sent, awaiting response... [0m[91m200 OK
Length: unspecified [application/x-gzip]
Saving to: 'hashicorp-golang-lru.tar.gz'
[0m[91m
     0K .......[0m[91m... .[0m[91m..                                         1014K=0.01s

2020-09-28 14:02:02 (1014 KB/s) - 'hashicorp-golang-lru.tar.gz' saved [13973]

[0mRemoving intermediate container 43d768f11d6d
 ---> d3b0c137bda5
Step 14/28 : RUN wget -O armon-consul-api.tar.gz https://github.com/armon/consul-api/archive/master.tar.gz
 ---> Running in f9c502cefca3
[91m--2020-09-28 14:02:07--  https://github.com/armon/consul-api/archive/master.tar.gz
[0m[91mResolving github.com (github.com)... [0m[91m140.82.121.3
Connecting to github.com (github.com)|140.82.121.3|:443... [0m[91mconnected.
[0m[91mHTTP request sent, awaiting response... [0m[91m302 Found
Location: https://codeload.github.com/armon/consul-api/tar.gz/master [following]
[0m[91m--2020-09-28 14:02:08--  https://codeload.github.com/armon/consul-api/tar.gz/master
Resolving codeload.github.com (codeload.github.com)... [0m[91m140.82.121.10
Connecting to codeload.github.com (codeload.github.com)|140.82.121.10|:443... [0m[91mconnected.
[0m[91mHTTP request sent, awaiting response... [0m[91m200 OK
Length: unspecified [application/x-gzip]
Saving to: 'armon-consul-api.tar.gz'
[0m[91m
     0K .......... .[0m[91m..[0m[91m...[0m[91m.                                     1.35M=0.01s

[0m[91m2020-09-28 14:02:08 (1.35 MB/s) - 'armon-consul-api.tar.gz' saved [17977]

[0mRemoving intermediate container f9c502cefca3
 ---> f5cbfd06b072
Step 15/28 : RUN wget -O hasicorp-hcl.tar.gz https://github.com/hashicorp/hcl/archive/master.tar.gz
 ---> Running in 282dcae0abff
[91m--2020-09-28 14:02:11--  https://github.com/hashicorp/hcl/archive/master.tar.gz
[0m[91mResolving github.com (github.com)... [0m[91m140.82.121.3
Connecting to github.com (github.com)|140.82.121.3|:443... [0m[91mconnected.
[0m[91mHTTP request sent, awaiting response... [0m[91m302 Found
Location: https://codeload.github.com/hashicorp/hcl/tar.gz/master [following]
--2020-09-28 14:02:11--  https://codeload.github.com/hashicorp/hcl/tar.gz/master
Resolving codeload.github.com (codeload.github.com)... [0m[91m140.82.121.10
Connecting to codeload.github.com (codeload.github.com)|140.82.121.10|:443... [0m[91mconnected.
[0m[91mHTTP request sent, awaiting response... [0m[91m200 OK
Length: unspecified [application/x-gzip]
Saving to: 'hasicorp-hcl.tar.gz'

     0K .........[0m[91m. .[0m[91m.....[0m[91m...[0m[91m. .......... .[0m[91m.[0m[91m....[0m[91m.[0m[91m... ...[0m[91m....... 1.95M
    50K .....[0m[91m..... .......... .                                66.6M=0.03s

2020-09-28 14:02:11 (2.75 MB/s) - 'hasicorp-hcl.tar.gz' saved [72956]

[0mRemoving intermediate container 282dcae0abff
 ---> 3d1995c108e0
Step 16/28 : FROM gcr.io/distroless/base:latest
latest: Pulling from distroless/base
4000adbbc3eb: Pulling fs layer
69e2f037cdb3: Pulling fs layer
4000adbbc3eb: Verifying Checksum
4000adbbc3eb: Download complete
69e2f037cdb3: Verifying Checksum
69e2f037cdb3: Download complete
4000adbbc3eb: Pull complete
69e2f037cdb3: Pull complete
Digest: sha256:be73c7e6bb15793be42cdba97ca55d731558d8a625acdc13f9b8d49e3ef7de02
Status: Downloaded newer image for gcr.io/distroless/base:latest
 ---> ae9876e34217
Step 17/28 : WORKDIR /
 ---> Running in fc3fb4d06606
Removing intermediate container fc3fb4d06606
 ---> 82913ed9d5aa
Step 18/28 : COPY --from=builder /workspace/manager .
 ---> 2a74db46d687
Step 19/28 : COPY licenses/license.txt licenses/license.txt
 ---> 1330feab3e07
Step 20/28 : COPY --from=builder /workspace/hashicorp-golang-lru.tar.gz licenses/mpl_source/hashicorp-golang-lru.tar.gz
 ---> 4c92a39e6301
Step 21/28 : COPY --from=builder /workspace/armon-consul-api.tar.gz licenses/mpl_source/armon-consul-api.tar.gz
 ---> 008ef3970615
Step 22/28 : COPY --from=builder /workspace/hasicorp-hcl.tar.gz licenses/mpl_source/hasicorp-hcl.tar.gz
 ---> b2162a165b37
Step 23/28 : COPY generated/admissionregistration.k8s.io_v1beta1_mutatingwebhookconfiguration_seldon-mutating-webhook-configuration.yaml /tmp/operator-resources/mutate.yaml
 ---> 9a0919e41e83
Step 24/28 : COPY generated/admissionregistration.k8s.io_v1beta1_validatingwebhookconfiguration_seldon-validating-webhook-configuration.yaml /tmp/operator-resources/validate.yaml
 ---> ec560cea4470
Step 25/28 : COPY generated/~g_v1_service_seldon-webhook-service.yaml /tmp/operator-resources/service.yaml
 ---> 7ad23899945f
Step 26/28 : COPY generated/~g_v1_configmap_seldon-config.yaml /tmp/operator-resources/configmap.yaml
 ---> 9c454419a26a
Step 27/28 : COPY generated/apiextensions.k8s.io_v1beta1_customresourcedefinition_seldondeployments.machinelearning.seldon.io.yaml /tmp/operator-resources/crd.yaml
 ---> 9196364c8b9f
Step 28/28 : ENTRYPOINT ["/manager"]
 ---> Running in 504a509fa33b
Removing intermediate container 504a509fa33b
 ---> 3a1c455be7cc
Successfully built 3a1c455be7cc
Successfully tagged seldonio/seldon-core-operator:1.3.0-dev
docker save seldonio/seldon-core-operator:1.3.0-dev > operator.tar
kind load image-archive operator.tar --name kind
make[1]: Leaving directory '/workspace/source/operator'
Files changed in engine folder:
SKIPPING ENGINE IMAGE BUILD...
Files changed in executor folder:
SKIPPING EXECUTOR IMAGE BUILD...
Build test models
make -C ../docker/fixed-model kind_load_images
make[1]: Entering directory '/workspace/source/testing/docker/fixed-model'
s2i build -E environment_rest_v1 . seldonio/seldon-core-s2i-python3:0.15 seldonio/fixed-model:0.1
---> Installing application source...
Build completed successfully
s2i build -E environment_rest_v2 . seldonio/seldon-core-s2i-python3:0.15 seldonio/fixed-model:0.2
---> Installing application source...
Build completed successfully
kind load -v 3 docker-image seldonio/fixed-model:0.1
Image: "seldonio/fixed-model:0.1" with ID "sha256:88859aba439f71dd9ca61757bb527c732d02535d8a59af13dd4b0f706d5ecd77" not present on node "kind-control-plane"
Image: "seldonio/fixed-model:0.1" with ID "sha256:88859aba439f71dd9ca61757bb527c732d02535d8a59af13dd4b0f706d5ecd77" not present on node "kind-worker"
kind load -v 3 docker-image seldonio/fixed-model:0.2
Image: "seldonio/fixed-model:0.2" with ID "sha256:cc86faff370c2f9a528f0cc0d75b68e23343e1ee0c76298655fb30345884e092" not present on node "kind-control-plane"
Image: "seldonio/fixed-model:0.2" with ID "sha256:cc86faff370c2f9a528f0cc0d75b68e23343e1ee0c76298655fb30345884e092" not present on node "kind-worker"
make[1]: Leaving directory '/workspace/source/testing/docker/fixed-model'
make -C ../docker/echo-model kind_load_image
make[1]: Entering directory '/workspace/source/testing/docker/echo-model'
s2i build \
	-E environment_rest \
	.\
	seldonio/seldon-core-s2i-python3:1.1.1-SNAPSHOT\
	seldonio/echo-model:0.1
---> Installing application source...
Build completed successfully
kind load -v 3 docker-image seldonio/echo-model:0.1
Image: "seldonio/echo-model:0.1" with ID "sha256:ec9d5df9e85829c725615530bd3fc66eb7e754023783b82fe0e819077cc4f127" not present on node "kind-control-plane"
Image: "seldonio/echo-model:0.1" with ID "sha256:ec9d5df9e85829c725615530bd3fc66eb7e754023783b82fe0e819077cc4f127" not present on node "kind-worker"
make[1]: Leaving directory '/workspace/source/testing/docker/echo-model'
Files changed in prepackaged folder:
SKIPPING PREPACKAGED IMAGE BUILD...
Files changed in alibi explain folder:
SKIPPING ALIBI EXPLAIN IMAGE BUILD...
Files changed in alibi detect folder:
SKIPPING ALIBI DETECT IMAGE BUILD...
Files changed in misc folders:
SKIPPING MISC IMAGE BUILD...
kubectl create namespace seldon || echo "Namespace seldon already exists"
namespace/seldon created
kubectl create namespace test1 || echo "Namespace test1 already exists"
namespace/test1 created
helm repo add stable https://kubernetes-charts.storage.googleapis.com/
"stable" has been added to your repositories
helm repo add seldonio https://storage.googleapis.com/seldon-charts
"seldonio" has been added to your repositories
helm repo add jaegertracing https://jaegertracing.github.io/helm-charts
"jaegertracing" has been added to your repositories
helm repo add datawire https://www.getambassador.io
"datawire" has been added to your repositories
helm repo update
Hang tight while we grab the latest from your chart repositories...
...Successfully got an update from the "jaegertracing" chart repository
...Successfully got an update from the "seldonio" chart repository
...Successfully got an update from the "datawire" chart repository
...Successfully got an update from the "stable" chart repository
Update Complete. ⎈ Happy Helming!⎈ 
helm upgrade ambassador \
	datawire/ambassador \
	-f ../resources/ambassador_values.yaml \
	--set image.repository=quay.io/datawire/ambassador \
	--set crds.keep=false \
	--set enableAES=false \
	--namespace seldon \
	--set replicaCount=1 \
	--wait --install
Release "ambassador" does not exist. Installing it now.
manifest_sorter.go:192: info: skipping unknown hook: "crd-install"
manifest_sorter.go:192: info: skipping unknown hook: "crd-install"
manifest_sorter.go:192: info: skipping unknown hook: "crd-install"
manifest_sorter.go:192: info: skipping unknown hook: "crd-install"
manifest_sorter.go:192: info: skipping unknown hook: "crd-install"
manifest_sorter.go:192: info: skipping unknown hook: "crd-install"
manifest_sorter.go:192: info: skipping unknown hook: "crd-install"
manifest_sorter.go:192: info: skipping unknown hook: "crd-install"
manifest_sorter.go:192: info: skipping unknown hook: "crd-install"
manifest_sorter.go:192: info: skipping unknown hook: "crd-install"
manifest_sorter.go:192: info: skipping unknown hook: "crd-install"
manifest_sorter.go:192: info: skipping unknown hook: "crd-install"
manifest_sorter.go:192: info: skipping unknown hook: "crd-install"
manifest_sorter.go:192: info: skipping unknown hook: "crd-install"
manifest_sorter.go:192: info: skipping unknown hook: "crd-install"
manifest_sorter.go:192: info: skipping unknown hook: "crd-install"
manifest_sorter.go:192: info: skipping unknown hook: "crd-install"
manifest_sorter.go:192: info: skipping unknown hook: "crd-install"
NAME: ambassador
LAST DEPLOYED: Mon Sep 28 14:10:13 2020
NAMESPACE: seldon
STATUS: deployed
REVISION: 1
NOTES:
-------------------------------------------------------------------------------
  Congratulations! You've successfully installed Ambassador!

-------------------------------------------------------------------------------
To get the IP address of Ambassador, run the following commands:
  export NODE_PORT=$(kubectl get --namespace seldon -o jsonpath="{.spec.ports[0].nodePort}" services ambassador)
  export NODE_IP=$(kubectl get nodes --namespace seldon -o jsonpath="{.items[0].status.addresses[0].address}")
  echo http://$NODE_IP:$NODE_PORT

For help, visit our Slack at https://d6e.co/slack or view the documentation online at https://www.getambassador.io.
kubectl apply -f istio-1.4.2.yaml
clusterrole.rbac.authorization.k8s.io/istio-reader-istio-system created
clusterrolebinding.rbac.authorization.k8s.io/istio-reader-istio-system created
customresourcedefinition.apiextensions.k8s.io/attributemanifests.config.istio.io created
customresourcedefinition.apiextensions.k8s.io/clusterrbacconfigs.rbac.istio.io created
customresourcedefinition.apiextensions.k8s.io/destinationrules.networking.istio.io created
customresourcedefinition.apiextensions.k8s.io/envoyfilters.networking.istio.io created
customresourcedefinition.apiextensions.k8s.io/gateways.networking.istio.io created
customresourcedefinition.apiextensions.k8s.io/httpapispecbindings.config.istio.io created
customresourcedefinition.apiextensions.k8s.io/httpapispecs.config.istio.io created
customresourcedefinition.apiextensions.k8s.io/meshpolicies.authentication.istio.io created
customresourcedefinition.apiextensions.k8s.io/policies.authentication.istio.io created
customresourcedefinition.apiextensions.k8s.io/quotaspecbindings.config.istio.io created
customresourcedefinition.apiextensions.k8s.io/quotaspecs.config.istio.io created
customresourcedefinition.apiextensions.k8s.io/rbacconfigs.rbac.istio.io created
customresourcedefinition.apiextensions.k8s.io/rules.config.istio.io created
customresourcedefinition.apiextensions.k8s.io/serviceentries.networking.istio.io created
customresourcedefinition.apiextensions.k8s.io/servicerolebindings.rbac.istio.io created
customresourcedefinition.apiextensions.k8s.io/serviceroles.rbac.istio.io created
customresourcedefinition.apiextensions.k8s.io/virtualservices.networking.istio.io created
customresourcedefinition.apiextensions.k8s.io/adapters.config.istio.io created
customresourcedefinition.apiextensions.k8s.io/instances.config.istio.io created
customresourcedefinition.apiextensions.k8s.io/templates.config.istio.io created
customresourcedefinition.apiextensions.k8s.io/handlers.config.istio.io created
customresourcedefinition.apiextensions.k8s.io/sidecars.networking.istio.io created
customresourcedefinition.apiextensions.k8s.io/authorizationpolicies.security.istio.io created
namespace/istio-system created
serviceaccount/istio-reader-service-account created
clusterrole.rbac.authorization.k8s.io/istio-citadel-istio-system created
clusterrolebinding.rbac.authorization.k8s.io/istio-citadel-istio-system created
deployment.apps/istio-citadel created
poddisruptionbudget.policy/istio-citadel created
service/istio-citadel created
serviceaccount/istio-citadel-service-account created
deployment.apps/istio-egressgateway created
poddisruptionbudget.policy/istio-egressgateway created
gateway.networking.istio.io/istio-multicluster-egressgateway created
virtualservice.networking.istio.io/istio-multicluster-egressgateway created
envoyfilter.networking.istio.io/istio-multicluster-egressgateway created
destinationrule.networking.istio.io/istio-multicluster-destinationrule created
service/istio-egressgateway created
role.rbac.authorization.k8s.io/istio-egressgateway-sds created
rolebinding.rbac.authorization.k8s.io/istio-egressgateway-sds created
serviceaccount/istio-egressgateway-service-account created
clusterrole.rbac.authorization.k8s.io/istio-galley-istio-system created
clusterrolebinding.rbac.authorization.k8s.io/istio-galley-*****-role-binding-istio-system created
configmap/istio-mesh-galley created
configmap/istio-galley-configuration created
deployment.apps/istio-galley created
poddisruptionbudget.policy/istio-galley created
service/istio-galley created
serviceaccount/istio-galley-service-account created
configmap/istio-grafana-configuration-dashboards-citadel-dashboard created
configmap/istio-grafana-configuration-dashboards-galley-dashboard created
configmap/istio-grafana-configuration-dashboards-istio-mesh-dashboard created
configmap/istio-grafana-configuration-dashboards-istio-performance-dashboard created
configmap/istio-grafana-configuration-dashboards-istio-service-dashboard created
configmap/istio-grafana-configuration-dashboards-istio-workload-dashboard created
configmap/istio-grafana-configuration-dashboards-mixer-dashboard created
configmap/istio-grafana-configuration-dashboards-pilot-dashboard created
configmap/istio-grafana created
deployment.apps/grafana created
policy.authentication.istio.io/grafana-ports-mtls-disabled created
service/grafana created
deployment.apps/istio-ingressgateway created
gateway.networking.istio.io/ingressgateway created
poddisruptionbudget.policy/ingressgateway created
service/istio-ingressgateway created
serviceaccount/istio-ingressgateway-service-account created
sidecar.networking.istio.io/default created
clusterrole.rbac.authorization.k8s.io/istio-sidecar-injector-istio-system created
clusterrolebinding.rbac.authorization.k8s.io/istio-sidecar-injector-*****-role-binding-istio-system created
configmap/injector-mesh created
deployment.apps/istio-sidecar-injector created
mutatingwebhookconfiguration.admissionregistration.k8s.io/istio-sidecar-injector created
poddisruptionbudget.policy/istio-sidecar-injector created
service/istio-sidecar-injector created
serviceaccount/istio-sidecar-injector-service-account created
configmap/istio-sidecar-injector created
clusterrole.rbac.authorization.k8s.io/kiali created
clusterrole.rbac.authorization.k8s.io/kiali-viewer created
clusterrolebinding.rbac.authorization.k8s.io/kiali created
configmap/kiali created
secret/kiali created
deployment.apps/kiali created
service/kiali created
serviceaccount/kiali-service-account created
clusterrole.rbac.authorization.k8s.io/istio-pilot-istio-system created
clusterrolebinding.rbac.authorization.k8s.io/istio-pilot-istio-system created
configmap/pilot-envoy-config created
configmap/istio created
deployment.apps/istio-pilot created
meshpolicy.authentication.istio.io/default created
poddisruptionbudget.policy/istio-pilot created
service/istio-pilot created
serviceaccount/istio-pilot-service-account created
clusterrole.rbac.authorization.k8s.io/istio-policy created
clusterrolebinding.rbac.authorization.k8s.io/istio-policy-*****-role-binding-istio-system created
destinationrule.networking.istio.io/istio-policy created
deployment.apps/istio-policy created
poddisruptionbudget.policy/istio-policy created
service/istio-policy created
serviceaccount/istio-policy-service-account created
clusterrole.rbac.authorization.k8s.io/prometheus-istio-system created
clusterrolebinding.rbac.authorization.k8s.io/prometheus-istio-system created
configmap/prometheus created
deployment.apps/prometheus created
service/prometheus created
serviceaccount/prometheus created
horizontalpodautoscaler.autoscaling/istio-telemetry created
clusterrole.rbac.authorization.k8s.io/istio-mixer-istio-system created
clusterrolebinding.rbac.authorization.k8s.io/istio-mixer-*****-role-binding-istio-system created
attributemanifest.config.istio.io/istioproxy created
attributemanifest.config.istio.io/kubernetes created
handler.config.istio.io/stdio created
instance.config.istio.io/accesslog created
instance.config.istio.io/tcpaccesslog created
rule.config.istio.io/stdio created
rule.config.istio.io/stdiotcp created
instance.config.istio.io/requestcount created
instance.config.istio.io/requestduration created
instance.config.istio.io/requestsize created
instance.config.istio.io/responsesize created
instance.config.istio.io/tcpbytesent created
instance.config.istio.io/tcpbytereceived created
instance.config.istio.io/tcpconnectionsopened created
instance.config.istio.io/tcpconnectionsclosed created
handler.config.istio.io/prometheus created
rule.config.istio.io/promhttp created
rule.config.istio.io/promtcp created
rule.config.istio.io/promtcpconnectionopen created
rule.config.istio.io/promtcpconnectionclosed created
handler.config.istio.io/kubernetesenv created
rule.config.istio.io/kubeattrgenrulerule created
rule.config.istio.io/tcpkubeattrgenrulerule created
instance.config.istio.io/attributes created
destinationrule.networking.istio.io/istio-telemetry created
configmap/telemetry-envoy-config created
deployment.apps/istio-telemetry created
poddisruptionbudget.policy/istio-telemetry created
service/istio-telemetry created
serviceaccount/istio-mixer-service-account created
deployment.apps/istio-tracing created
service/jaeger-query created
service/jaeger-collector created
service/jaeger-agent created
service/zipkin created
service/tracing created
kubectl rollout status deployment.apps/istio-ingressgateway -n istio-system
Waiting for deployment "istio-ingressgateway" rollout to finish: 0 of 1 updated replicas are available...
deployment "istio-ingressgateway" successfully rolled out
kubectl rollout status deployment.apps/istio-pilot -n istio-system
deployment "istio-pilot" successfully rolled out
kubectl rollout status deployment.apps/istio-citadel -n istio-system
deployment "istio-citadel" successfully rolled out
kubectl create -f ../resources/seldon-gateway.yaml -n istio-system
gateway.networking.istio.io/seldon-gateway created
helm upgrade jaeger-operator \
	jaegertracing/jaeger-operator \
	--set rbac.clusterRole=true \
	--namespace seldon \
	--wait --install
Release "jaeger-operator" does not exist. Installing it now.
manifest_sorter.go:192: info: skipping unknown hook: "crd-install"
NAME: jaeger-operator
LAST DEPLOYED: Mon Sep 28 14:14:17 2020
NAMESPACE: seldon
STATUS: deployed
REVISION: 1
TEST SUITE: None
NOTES:
jaeger-operator is installed.


Check the jaeger-operator logs
  export POD=$(kubectl get pods-l app.kubernetes.io/instance=jaeger-operator -lapp.kubernetes.io/name=jaeger-operator --namespace seldon --output name)
  kubectl logs $POD --namespace=seldon
kubectl apply -f ../resources/jaeger.yaml --namespace seldon
jaeger.jaegertracing.io/jaeger created
mapping.getambassador.io/jaeger created
cd ../../operator && make install-cert-manager
make[1]: Entering directory '/workspace/source/operator'
kubectl create namespace cert-manager || echo "Namespace cert-manager-exists"
namespace/cert-manager created
kubectl label namespace cert-manager cert-manager.io/disable-validation=true || echo "namespace cert-manager-already labelled"
namespace/cert-manager labeled
kubectl apply --validate=false -f https://github.com/jetstack/cert-manager/releases/download/v0.12.0/cert-manager.yaml
customresourcedefinition.apiextensions.k8s.io/certificaterequests.cert-manager.io created
customresourcedefinition.apiextensions.k8s.io/certificates.cert-manager.io created
customresourcedefinition.apiextensions.k8s.io/challenges.acme.cert-manager.io created
customresourcedefinition.apiextensions.k8s.io/clusterissuers.cert-manager.io created
customresourcedefinition.apiextensions.k8s.io/issuers.cert-manager.io created
customresourcedefinition.apiextensions.k8s.io/orders.acme.cert-manager.io created
Warning: kubectl apply should be used on resource created by either kubectl create --save-config or kubectl apply
namespace/cert-manager configured
serviceaccount/cert-manager-cainjector created
serviceaccount/cert-manager created
serviceaccount/cert-manager-webhook created
clusterrole.rbac.authorization.k8s.io/cert-manager-cainjector created
clusterrolebinding.rbac.authorization.k8s.io/cert-manager-cainjector created
role.rbac.authorization.k8s.io/cert-manager-cainjector:leaderelection created
rolebinding.rbac.authorization.k8s.io/cert-manager-cainjector:leaderelection created
clusterrolebinding.rbac.authorization.k8s.io/cert-manager-webhook:auth-delegator created
rolebinding.rbac.authorization.k8s.io/cert-manager-webhook:webhook-authentication-reader created
clusterrole.rbac.authorization.k8s.io/cert-manager-webhook:webhook-requester created
role.rbac.authorization.k8s.io/cert-manager:leaderelection created
rolebinding.rbac.authorization.k8s.io/cert-manager:leaderelection created
clusterrole.rbac.authorization.k8s.io/cert-manager-controller-issuers created
clusterrole.rbac.authorization.k8s.io/cert-manager-controller-clusterissuers created
clusterrole.rbac.authorization.k8s.io/cert-manager-controller-certificates created
clusterrole.rbac.authorization.k8s.io/cert-manager-controller-orders created
clusterrole.rbac.authorization.k8s.io/cert-manager-controller-challenges created
clusterrole.rbac.authorization.k8s.io/cert-manager-controller-ingress-shim created
clusterrolebinding.rbac.authorization.k8s.io/cert-manager-controller-issuers created
clusterrolebinding.rbac.authorization.k8s.io/cert-manager-controller-clusterissuers created
clusterrolebinding.rbac.authorization.k8s.io/cert-manager-controller-certificates created
clusterrolebinding.rbac.authorization.k8s.io/cert-manager-controller-orders created
clusterrolebinding.rbac.authorization.k8s.io/cert-manager-controller-challenges created
clusterrolebinding.rbac.authorization.k8s.io/cert-manager-controller-ingress-shim created
clusterrole.rbac.authorization.k8s.io/cert-manager-view created
clusterrole.rbac.authorization.k8s.io/cert-manager-edit created
service/cert-manager created
service/cert-manager-webhook created
deployment.apps/cert-manager-cainjector created
deployment.apps/cert-manager created
deployment.apps/cert-manager-webhook created
mutatingwebhookconfiguration.admissionregistration.k8s.io/cert-manager-webhook created
validatingwebhookconfiguration.admissionregistration.k8s.io/cert-manager-webhook created
kubectl rollout status deployment.apps/cert-manager -n cert-manager
Waiting for deployment "cert-manager" rollout to finish: 0 of 1 updated replicas are available...
deployment "cert-manager" successfully rolled out
kubectl rollout status deployment.apps/cert-manager-cainjector -n cert-manager
deployment "cert-manager-cainjector" successfully rolled out
kubectl rollout status deployment.apps/cert-manager-webhook -n cert-manager
Waiting for deployment "cert-manager-webhook" rollout to finish: 0 of 1 updated replicas are available...
deployment "cert-manager-webhook" successfully rolled out
make[1]: Leaving directory '/workspace/source/operator'
sleep 5 #https://github.com/jetstack/cert-manager/issues/2273
kubectl create namespace seldon-system || echo "namespace seldon-system exists"
namespace/seldon-system created
helm delete seldon --namespace seldon-system || echo "seldon-core not installed"
Error: uninstall: Release not loaded: seldon: release: not found
seldon-core not installed
helm upgrade seldon \
	../../helm-charts/seldon-core-operator \
	--namespace seldon-system \
	--set istio.enabled=true \
	--set istio.gateway=istio-system/seldon-gateway \
	--set certManager.enabled=false \
	--set executor.enabled="true" \
	--wait --install
Release "seldon" does not exist. Installing it now.
NAME: seldon
LAST DEPLOYED: Mon Sep 28 14:15:39 2020
NAMESPACE: seldon-system
STATUS: deployed
REVISION: 1
TEST SUITE: None
kubectl config set-context $(kubectl config current-context) --namespace=seldon
Context "kind-kind" modified.
kubectl apply -f metrics.yaml
clusterrole.rbac.authorization.k8s.io/system:aggregated-metrics-reader created
clusterrolebinding.rbac.authorization.k8s.io/metrics-server:system:auth-delegator created
rolebinding.rbac.authorization.k8s.io/metrics-server-auth-reader created
apiservice.apiregistration.k8s.io/v1beta1.metrics.k8s.io created
serviceaccount/metrics-server created
deployment.apps/metrics-server created
service/metrics-server created
clusterrole.rbac.authorization.k8s.io/system:metrics-server created
clusterrolebinding.rbac.authorization.k8s.io/system:metrics-server created
make: Entering directory '/workspace/source/python'
pip install -e . -r requirements-dev.txt
Obtaining file:///workspace/source/python
Collecting black==19.10b0
  Downloading black-19.10b0-py36-none-any.whl (97 kB)
Collecting flake8==3.8.1
  Downloading flake8-3.8.1-py2.py3-none-any.whl (72 kB)
Collecting mypy<0.783
  Downloading mypy-0.782-cp36-cp36m-manylinux1_x86_64.whl (20.8 MB)
Requirement already satisfied: Pillow==7.2.0 in /usr/local/lib/python3.6/site-packages (from -r requirements-dev.txt (line 5)) (7.2.0)
Collecting pytest==6.0.2
  Downloading pytest-6.0.2-py3-none-any.whl (270 kB)
Collecting pytest-cov==2.10.1
  Downloading pytest_cov-2.10.1-py2.py3-none-any.whl (19 kB)
Collecting tox<4.0.0
  Downloading tox-3.20.0-py2.py3-none-any.whl (83 kB)
Requirement already satisfied: grpcio-tools==1.32.0 in /usr/local/lib/python3.6/site-packages (from -r requirements-dev.txt (line 9)) (1.32.0)
Collecting mypy-protobuf==1.22
  Downloading mypy_protobuf-1.22-py3-none-any.whl (7.5 kB)
Collecting tenacity==6.2.0
  Downloading tenacity-6.2.0-py2.py3-none-any.whl (24 kB)
Collecting coverage==5.3
  Downloading coverage-5.3-cp36-cp36m-manylinux1_x86_64.whl (229 kB)
Collecting pandas==1.1.0
  Downloading pandas-1.1.0-cp36-cp36m-manylinux1_x86_64.whl (10.5 MB)
Collecting pip-licenses==2.3.0
  Downloading pip_licenses-2.3.0-py3-none-any.whl (14 kB)
Collecting Flask<2.0.0
  Downloading Flask-1.1.2-py2.py3-none-any.whl (94 kB)
Requirement already satisfied: jsonschema<4.0.0 in /usr/local/lib/python3.6/site-packages (from seldon-core==1.3.0.dev0) (3.2.0)
Collecting Flask-cors<4.0.0
  Downloading Flask_Cors-3.0.9-py2.py3-none-any.whl (14 kB)
Collecting redis<4.0.0
  Downloading redis-3.5.3-py2.py3-none-any.whl (72 kB)
Requirement already satisfied: requests<3.0.0 in /usr/local/lib/python3.6/site-packages (from seldon-core==1.3.0.dev0) (2.24.0)
Requirement already satisfied: numpy<2.0.0 in /usr/local/lib/python3.6/site-packages (from seldon-core==1.3.0.dev0) (1.19.2)
Collecting flatbuffers<2.0.0
  Downloading flatbuffers-1.12-py2.py3-none-any.whl (15 kB)
Requirement already satisfied: protobuf<4.0.0 in /usr/local/lib/python3.6/site-packages (from seldon-core==1.3.0.dev0) (3.13.0)
Requirement already satisfied: grpcio<2.0.0 in /usr/local/lib/python3.6/site-packages (from seldon-core==1.3.0.dev0) (1.32.0)
Collecting Flask-OpenTracing<1.2.0,>=1.1.0
  Downloading Flask-OpenTracing-1.1.0.tar.gz (8.2 kB)
Collecting opentracing<2.4.0,>=2.2.0
  Downloading opentracing-2.3.0.tar.gz (48 kB)
Collecting jaeger-client<4.4.0,>=4.1.0
  Downloading jaeger-client-4.3.0.tar.gz (81 kB)
Collecting grpcio-opentracing<1.2.0,>=1.1.4
  Downloading grpcio_opentracing-1.1.4-py3-none-any.whl (14 kB)
Requirement already satisfied: PyYAML<5.4 in /usr/local/lib/python3.6/site-packages (from seldon-core==1.3.0.dev0) (5.3.1)
Collecting gunicorn<20.1.0,>=19.9.0
  Downloading gunicorn-20.0.4-py2.py3-none-any.whl (77 kB)
Requirement already satisfied: setuptools>=41.0.0 in /usr/local/lib/python3.6/site-packages (from seldon-core==1.3.0.dev0) (50.3.0)
Requirement already satisfied: prometheus_client<0.9.0,>=0.7.1 in /usr/local/lib/python3.6/site-packages (from seldon-core==1.3.0.dev0) (0.8.0)
Requirement already satisfied: attrs>=18.1.0 in /usr/local/lib/python3.6/site-packages (from black==19.10b0->-r requirements-dev.txt (line 2)) (20.2.0)
Collecting pathspec<1,>=0.6
  Downloading pathspec-0.8.0-py2.py3-none-any.whl (28 kB)
Collecting typed-ast>=1.4.0
  Downloading typed_ast-1.4.1-cp36-cp36m-manylinux1_x86_64.whl (737 kB)
Collecting toml>=0.9.4
  Downloading toml-0.10.1-py2.py3-none-any.whl (19 kB)
Collecting regex
  Downloading regex-2020.9.27-cp36-cp36m-manylinux2010_x86_64.whl (662 kB)
Collecting appdirs
  Downloading appdirs-1.4.4-py2.py3-none-any.whl (9.6 kB)
Collecting click>=6.5
  Downloading click-7.1.2-py2.py3-none-any.whl (82 kB)
Collecting pyflakes<2.3.0,>=2.2.0
  Downloading pyflakes-2.2.0-py2.py3-none-any.whl (66 kB)
Collecting pycodestyle<2.7.0,>=2.6.0a1
  Downloading pycodestyle-2.6.0-py2.py3-none-any.whl (41 kB)
Collecting mccabe<0.7.0,>=0.6.0
  Downloading mccabe-0.6.1-py2.py3-none-any.whl (8.6 kB)
Requirement already satisfied: importlib-metadata; python_version < "3.8" in /usr/local/lib/python3.6/site-packages (from flake8==3.8.1->-r requirements-dev.txt (line 3)) (1.7.0)
Requirement already satisfied: typing-extensions>=3.7.4 in /usr/local/lib/python3.6/site-packages (from mypy<0.783->-r requirements-dev.txt (line 4)) (3.7.4.3)
Collecting mypy-extensions<0.5.0,>=0.4.3
  Downloading mypy_extensions-0.4.3-py2.py3-none-any.whl (4.5 kB)
Requirement already satisfied: pluggy<1.0,>=0.12 in /usr/local/lib/python3.6/site-packages (from pytest==6.0.2->-r requirements-dev.txt (line 6)) (0.13.1)
Requirement already satisfied: packaging in /usr/local/lib/python3.6/site-packages (from pytest==6.0.2->-r requirements-dev.txt (line 6)) (20.4)
Requirement already satisfied: py>=1.8.2 in /usr/local/lib/python3.6/site-packages (from pytest==6.0.2->-r requirements-dev.txt (line 6)) (1.9.0)
Collecting iniconfig
  Downloading iniconfig-1.0.1-py3-none-any.whl (4.2 kB)
Requirement already satisfied: more-itertools>=4.0.0 in /usr/local/lib/python3.6/site-packages (from pytest==6.0.2->-r requirements-dev.txt (line 6)) (8.5.0)
Requirement already satisfied: six>=1.14.0 in /usr/local/lib/python3.6/site-packages (from tox<4.0.0->-r requirements-dev.txt (line 8)) (1.15.0)
Collecting filelock>=3.0.0
  Downloading filelock-3.0.12-py3-none-any.whl (7.6 kB)
Collecting virtualenv!=20.0.0,!=20.0.1,!=20.0.2,!=20.0.3,!=20.0.4,!=20.0.5,!=20.0.6,!=20.0.7,>=16.0.0
  Downloading virtualenv-20.0.31-py2.py3-none-any.whl (4.9 MB)
Requirement already satisfied: python-dateutil>=2.7.3 in /usr/local/lib/python3.6/site-packages (from pandas==1.1.0->-r requirements-dev.txt (line 19)) (2.8.1)
Requirement already satisfied: pytz>=2017.2 in /usr/local/lib/python3.6/site-packages (from pandas==1.1.0->-r requirements-dev.txt (line 19)) (2020.1)
Collecting PTable
  Downloading PTable-0.9.2.tar.gz (31 kB)
Requirement already satisfied: Werkzeug>=0.15 in /usr/local/lib/python3.6/site-packages (from Flask<2.0.0->seldon-core==1.3.0.dev0) (1.0.1)
Requirement already satisfied: Jinja2>=2.10.1 in /usr/local/lib/python3.6/site-packages (from Flask<2.0.0->seldon-core==1.3.0.dev0) (2.11.2)
Collecting itsdangerous>=0.24
  Downloading itsdangerous-1.1.0-py2.py3-none-any.whl (16 kB)
Requirement already satisfied: pyrsistent>=0.14.0 in /usr/local/lib/python3.6/site-packages (from jsonschema<4.0.0->seldon-core==1.3.0.dev0) (0.17.3)
Requirement already satisfied: certifi>=2017.4.17 in /usr/local/lib/python3.6/site-packages (from requests<3.0.0->seldon-core==1.3.0.dev0) (2020.6.20)
Requirement already satisfied: idna<3,>=2.5 in /usr/local/lib/python3.6/site-packages (from requests<3.0.0->seldon-core==1.3.0.dev0) (2.10)
Requirement already satisfied: chardet<4,>=3.0.2 in /usr/local/lib/python3.6/site-packages (from requests<3.0.0->seldon-core==1.3.0.dev0) (3.0.4)
Requirement already satisfied: urllib3!=1.25.0,!=1.25.1,<1.26,>=1.21.1 in /usr/local/lib/python3.6/site-packages (from requests<3.0.0->seldon-core==1.3.0.dev0) (1.25.10)
Collecting threadloop<2,>=1
  Downloading threadloop-1.0.2.tar.gz (4.9 kB)
Collecting thrift
  Downloading thrift-0.13.0.tar.gz (59 kB)
Requirement already satisfied: tornado>=4.3 in /usr/local/lib/python3.6/site-packages (from jaeger-client<4.4.0,>=4.1.0->seldon-core==1.3.0.dev0) (6.0.4)
Requirement already satisfied: zipp>=0.5 in /usr/local/lib/python3.6/site-packages (from importlib-metadata; python_version < "3.8"->flake8==3.8.1->-r requirements-dev.txt (line 3)) (3.1.0)
Requirement already satisfied: pyparsing>=2.0.2 in /usr/local/lib/python3.6/site-packages (from packaging->pytest==6.0.2->-r requirements-dev.txt (line 6)) (2.4.7)
Collecting importlib-resources>=1.0; python_version < "3.7"
  Downloading importlib_resources-3.0.0-py2.py3-none-any.whl (23 kB)
Collecting distlib<1,>=0.3.1
  Downloading distlib-0.3.1-py2.py3-none-any.whl (335 kB)
Requirement already satisfied: MarkupSafe>=0.23 in /usr/local/lib/python3.6/site-packages (from Jinja2>=2.10.1->Flask<2.0.0->seldon-core==1.3.0.dev0) (1.1.1)
Building wheels for collected packages: Flask-OpenTracing, opentracing, jaeger-client, PTable, threadloop, thrift
  Building wheel for Flask-OpenTracing (setup.py): started
  Building wheel for Flask-OpenTracing (setup.py): finished with status 'done'
  Created wheel for Flask-OpenTracing: filename=Flask_OpenTracing-1.1.0-py3-none-any.whl size=9071 sha256=41e632fa1a3170f4e5181748c777f4dd225d394ecc69be10ac2bfb194355b209
  Stored in directory: /builder/home/.cache/pip/wheels/ad/4b/2d/24ff0da0a0b53c7c77ce59b843bcceaf644c88703241e59615
  Building wheel for opentracing (setup.py): started
  Building wheel for opentracing (setup.py): finished with status 'done'
  Created wheel for opentracing: filename=opentracing-2.3.0-py3-none-any.whl size=51346 sha256=3b6f651a01054205f1f0bacd1d2244c63e4c030bf3d4677ce2e38a5d49bdc1ac
  Stored in directory: /builder/home/.cache/pip/wheels/d4/53/31/bfca74f038fa9f83eb7de2131555b75ffa9bcbca18d23e5edf
  Building wheel for jaeger-client (setup.py): started
  Building wheel for jaeger-client (setup.py): finished with status 'done'
  Created wheel for jaeger-client: filename=jaeger_client-4.3.0-py3-none-any.whl size=64290 sha256=31799809074889c7e0095a9fb96a28c27ce5c0129b44b988f8aeaa0d45ea5486
  Stored in directory: /builder/home/.cache/pip/wheels/a8/37/30/d86c970966efbf6da89e8085db50f2be4cf36ca68513eff785
  Building wheel for PTable (setup.py): started
  Building wheel for PTable (setup.py): finished with status 'done'
  Created wheel for PTable: filename=PTable-0.9.2-py3-none-any.whl size=22907 sha256=f35fc3ecbbc0eeb44545ce9518bba478d6841b4e6a3a22735b27e8572e29e903
  Stored in directory: /builder/home/.cache/pip/wheels/f3/65/67/71f473ec87ea4554d1bdfb1b5128cfe1414c2b113b72a1ee8e
  Building wheel for threadloop (setup.py): started
  Building wheel for threadloop (setup.py): finished with status 'done'
  Created wheel for threadloop: filename=threadloop-1.0.2-py3-none-any.whl size=3425 sha256=57805716634663eec718d06407d3c2073670bf992cebfaac732f98f68498c4bf
  Stored in directory: /builder/home/.cache/pip/wheels/02/54/65/9f87de48fe8fcaaee30f279973d946ad55f9df56b93b3e78da
  Building wheel for thrift (setup.py): started
  Building wheel for thrift (setup.py): finished with status 'done'
  Created wheel for thrift: filename=thrift-0.13.0-cp36-cp36m-linux_x86_64.whl size=483921 sha256=92d2f2d9310af31f08f81f416d3a5c57ad658335b2c62389b416eddc459024ec
  Stored in directory: /builder/home/.cache/pip/wheels/e0/38/fc/472fe18756b177b42096961f8bd3ff2dc5c5620ac399fce52d
Successfully built Flask-OpenTracing opentracing jaeger-client PTable threadloop thrift
Installing collected packages: pathspec, typed-ast, toml, regex, appdirs, click, black, pyflakes, pycodestyle, mccabe, flake8, mypy-extensions, mypy, iniconfig, pytest, coverage, pytest-cov, filelock, importlib-resources, distlib, virtualenv, tox, mypy-protobuf, tenacity, pandas, PTable, pip-licenses, itsdangerous, Flask, Flask-cors, redis, flatbuffers, opentracing, Flask-OpenTracing, threadloop, thrift, jaeger-client, grpcio-opentracing, gunicorn, seldon-core
  Attempting uninstall: pytest
    Found existing installation: pytest 5.3.1
    Uninstalling pytest-5.3.1:
      Successfully uninstalled pytest-5.3.1
  Attempting uninstall: coverage
    Found existing installation: coverage 4.5.4
    Uninstalling coverage-4.5.4:
      Successfully uninstalled coverage-4.5.4
  Attempting uninstall: pytest-cov
    Found existing installation: pytest-cov 2.8.1
    Uninstalling pytest-cov-2.8.1:
      Successfully uninstalled pytest-cov-2.8.1
  Attempting uninstall: tenacity
    Found existing installation: tenacity 6.0.0
    Uninstalling tenacity-6.0.0:
      Successfully uninstalled tenacity-6.0.0
  Attempting uninstall: pandas
    Found existing installation: pandas 1.1.2
    Uninstalling pandas-1.1.2:
      Successfully uninstalled pandas-1.1.2
  Running setup.py develop for seldon-core
Successfully installed Flask-1.1.2 Flask-OpenTracing-1.1.0 Flask-cors-3.0.9 PTable-0.9.2 appdirs-1.4.4 black-19.10b0 click-7.1.2 coverage-5.3 distlib-0.3.1 filelock-3.0.12 flake8-3.8.1 flatbuffers-1.12 grpcio-opentracing-1.1.4 gunicorn-20.0.4 importlib-resources-3.0.0 iniconfig-1.0.1 itsdangerous-1.1.0 jaeger-client-4.3.0 mccabe-0.6.1 mypy-0.782 mypy-extensions-0.4.3 mypy-protobuf-1.22 opentracing-2.3.0 pandas-1.1.0 pathspec-0.8.0 pip-licenses-2.3.0 pycodestyle-2.6.0 pyflakes-2.2.0 pytest-6.0.2 pytest-cov-2.10.1 redis-3.5.3 regex-2020.9.27 seldon-core tenacity-6.2.0 threadloop-1.0.2 thrift-0.13.0 toml-0.10.1 tox-3.20.0 typed-ast-1.4.1 virtualenv-20.0.31
ERROR: After October 2020 you may experience errors when installing or updating packages. This is because pip will change the way that it resolves dependency conflicts.

We recommend you use --use-feature=2020-resolver to test your packages with the new resolver before it becomes the default.

alibi 0.5.2 requires tensorflow>=2.0, but you'll have tensorflow 1.15.2 which is incompatible.
make: Leaving directory '/workspace/source/python'
cp ../../proto/prediction.proto ./proto
cd ../../proto/tensorflow && make create_protos
make[1]: Entering directory '/workspace/source/proto/tensorflow'
./create-protos.sh
Downloading proto files for master
make[1]: Leaving directory '/workspace/source/proto/tensorflow'
cp -vr ../../proto/tensorflow/tensorflow .
'../../proto/tensorflow/tensorflow' -> './tensorflow'
'../../proto/tensorflow/tensorflow/core' -> './tensorflow/core'
'../../proto/tensorflow/tensorflow/core/framework' -> './tensorflow/core/framework'
'../../proto/tensorflow/tensorflow/core/framework/types.proto' -> './tensorflow/core/framework/types.proto'
'../../proto/tensorflow/tensorflow/core/framework/resource_handle.proto' -> './tensorflow/core/framework/resource_handle.proto'
'../../proto/tensorflow/tensorflow/core/framework/tensor_shape.proto' -> './tensorflow/core/framework/tensor_shape.proto'
'../../proto/tensorflow/tensorflow/core/framework/tensor.proto' -> './tensorflow/core/framework/tensor.proto'
python -m grpc.tools.protoc -I. --python_out=. --grpc_python_out=. ./proto/prediction.proto
cd ../../notebooks && make build_protos
make[1]: Entering directory '/workspace/source/notebooks'
cd ../proto/tensorflow && make create_protos
make[2]: Entering directory '/workspace/source/proto/tensorflow'
make[2]: Nothing to be done for 'create_protos'.
make[2]: Leaving directory '/workspace/source/proto/tensorflow'
cp -vr ../proto/tensorflow/tensorflow .
'../proto/tensorflow/tensorflow' -> './tensorflow'
'../proto/tensorflow/tensorflow/core' -> './tensorflow/core'
'../proto/tensorflow/tensorflow/core/framework' -> './tensorflow/core/framework'
'../proto/tensorflow/tensorflow/core/framework/types.proto' -> './tensorflow/core/framework/types.proto'
'../proto/tensorflow/tensorflow/core/framework/resource_handle.proto' -> './tensorflow/core/framework/resource_handle.proto'
'../proto/tensorflow/tensorflow/core/framework/tensor_shape.proto' -> './tensorflow/core/framework/tensor_shape.proto'
'../proto/tensorflow/tensorflow/core/framework/tensor.proto' -> './tensorflow/core/framework/tensor.proto'
cp ../proto/prediction.proto ./proto
python -m grpc.tools.protoc -I. --python_out=. --grpc_python_out=. ./proto/prediction.proto
make[1]: Leaving directory '/workspace/source/notebooks'
cd ../../proto/k8s && make create_protos
make[1]: Entering directory '/workspace/source/proto/k8s'
./create-k8s-protos.sh
Downloading proto files for master
Munging proto file packages
sed -i.bak 's|import "k8s.io/apiextensions-apiserver/|//import "k8s.io/apiextensions-apiserver/|' k8s.io/api/core/v1/generated.proto
rm k8s.io/api/core/v1/generated.proto.bak
make[1]: Leaving directory '/workspace/source/proto/k8s'
pip install -r dev_requirements.txt
Collecting pytest==5.3.1
  Downloading pytest-5.3.1-py3-none-any.whl (233 kB)
Requirement already satisfied: pytest-xdist==1.30.0 in /usr/local/lib/python3.6/site-packages (from -r dev_requirements.txt (line 2)) (1.30.0)
Collecting pytest-cov==2.8.1
  Downloading pytest_cov-2.8.1-py2.py3-none-any.whl (18 kB)
Requirement already satisfied: flaky==3.6.1 in /usr/local/lib/python3.6/site-packages (from -r dev_requirements.txt (line 4)) (3.6.1)
Collecting tenacity==6.0.0
  Downloading tenacity-6.0.0-py2.py3-none-any.whl (24 kB)
Requirement already satisfied: sh==1.13.1 in /usr/local/lib/python3.6/site-packages (from -r dev_requirements.txt (line 6)) (1.13.1)
Requirement already satisfied: ipython==7.13.0 in /usr/local/lib/python3.6/site-packages (from -r dev_requirements.txt (line 9)) (7.13.0)
Requirement already satisfied: nbconvert==5.6.1 in /usr/local/lib/python3.6/site-packages (from -r dev_requirements.txt (line 10)) (5.6.1)
Requirement already satisfied: alibi==0.5.2 in /usr/local/lib/python3.6/site-packages (from -r dev_requirements.txt (line 11)) (0.5.2)
Collecting shap==0.35.0
  Downloading shap-0.35.0.tar.gz (273 kB)
Requirement already satisfied: matplotlib==3.1.3 in /usr/local/lib/python3.6/site-packages (from -r dev_requirements.txt (line 13)) (3.1.3)
Requirement already satisfied: tensorflow==1.15.2 in /usr/local/lib/python3.6/site-packages (from -r dev_requirements.txt (line 14)) (1.15.2)
Collecting coverage==4.5.4
  Downloading coverage-4.5.4-cp36-cp36m-manylinux1_x86_64.whl (205 kB)
Requirement already satisfied: importlib-metadata>=0.12; python_version < "3.8" in /usr/local/lib/python3.6/site-packages (from pytest==5.3.1->-r dev_requirements.txt (line 1)) (1.7.0)
Requirement already satisfied: more-itertools>=4.0.0 in /usr/local/lib/python3.6/site-packages (from pytest==5.3.1->-r dev_requirements.txt (line 1)) (8.5.0)
Requirement already satisfied: packaging in /usr/local/lib/python3.6/site-packages (from pytest==5.3.1->-r dev_requirements.txt (line 1)) (20.4)
Requirement already satisfied: wcwidth in /usr/local/lib/python3.6/site-packages (from pytest==5.3.1->-r dev_requirements.txt (line 1)) (0.2.5)
Requirement already satisfied: pluggy<1.0,>=0.12 in /usr/local/lib/python3.6/site-packages (from pytest==5.3.1->-r dev_requirements.txt (line 1)) (0.13.1)
Requirement already satisfied: attrs>=17.4.0 in /usr/local/lib/python3.6/site-packages (from pytest==5.3.1->-r dev_requirements.txt (line 1)) (20.2.0)
Requirement already satisfied: py>=1.5.0 in /usr/local/lib/python3.6/site-packages (from pytest==5.3.1->-r dev_requirements.txt (line 1)) (1.9.0)
Requirement already satisfied: pytest-forked in /usr/local/lib/python3.6/site-packages (from pytest-xdist==1.30.0->-r dev_requirements.txt (line 2)) (1.3.0)
Requirement already satisfied: six in /usr/local/lib/python3.6/site-packages (from pytest-xdist==1.30.0->-r dev_requirements.txt (line 2)) (1.15.0)
Requirement already satisfied: execnet>=1.1 in /usr/local/lib/python3.6/site-packages (from pytest-xdist==1.30.0->-r dev_requirements.txt (line 2)) (1.7.1)
Requirement already satisfied: backcall in /usr/local/lib/python3.6/site-packages (from ipython==7.13.0->-r dev_requirements.txt (line 9)) (0.2.0)
Requirement already satisfied: traitlets>=4.2 in /usr/local/lib/python3.6/site-packages (from ipython==7.13.0->-r dev_requirements.txt (line 9)) (4.3.3)
Requirement already satisfied: setuptools>=18.5 in /usr/local/lib/python3.6/site-packages (from ipython==7.13.0->-r dev_requirements.txt (line 9)) (50.3.0)
Requirement already satisfied: pygments in /usr/local/lib/python3.6/site-packages (from ipython==7.13.0->-r dev_requirements.txt (line 9)) (2.7.1)
Requirement already satisfied: jedi>=0.10 in /usr/local/lib/python3.6/site-packages (from ipython==7.13.0->-r dev_requirements.txt (line 9)) (0.17.2)
Requirement already satisfied: pexpect; sys_platform != "win32" in /usr/local/lib/python3.6/site-packages (from ipython==7.13.0->-r dev_requirements.txt (line 9)) (4.8.0)
Requirement already satisfied: pickleshare in /usr/local/lib/python3.6/site-packages (from ipython==7.13.0->-r dev_requirements.txt (line 9)) (0.7.5)
Requirement already satisfied: decorator in /usr/local/lib/python3.6/site-packages (from ipython==7.13.0->-r dev_requirements.txt (line 9)) (4.4.2)
Requirement already satisfied: prompt-toolkit!=3.0.0,!=3.0.1,<3.1.0,>=2.0.0 in /usr/local/lib/python3.6/site-packages (from ipython==7.13.0->-r dev_requirements.txt (line 9)) (3.0.7)
Requirement already satisfied: pandocfilters>=1.4.1 in /usr/local/lib/python3.6/site-packages (from nbconvert==5.6.1->-r dev_requirements.txt (line 10)) (1.4.2)
Requirement already satisfied: mistune<2,>=0.8.1 in /usr/local/lib/python3.6/site-packages (from nbconvert==5.6.1->-r dev_requirements.txt (line 10)) (0.8.4)
Requirement already satisfied: jupyter-core in /usr/local/lib/python3.6/site-packages (from nbconvert==5.6.1->-r dev_requirements.txt (line 10)) (4.6.3)
Requirement already satisfied: jinja2>=2.4 in /usr/local/lib/python3.6/site-packages (from nbconvert==5.6.1->-r dev_requirements.txt (line 10)) (2.11.2)
Requirement already satisfied: nbformat>=4.4 in /usr/local/lib/python3.6/site-packages (from nbconvert==5.6.1->-r dev_requirements.txt (line 10)) (5.0.7)
Requirement already satisfied: entrypoints>=0.2.2 in /usr/local/lib/python3.6/site-packages (from nbconvert==5.6.1->-r dev_requirements.txt (line 10)) (0.3)
Requirement already satisfied: bleach in /usr/local/lib/python3.6/site-packages (from nbconvert==5.6.1->-r dev_requirements.txt (line 10)) (3.2.0)
Requirement already satisfied: defusedxml in /usr/local/lib/python3.6/site-packages (from nbconvert==5.6.1->-r dev_requirements.txt (line 10)) (0.6.0)
Requirement already satisfied: testpath in /usr/local/lib/python3.6/site-packages (from nbconvert==5.6.1->-r dev_requirements.txt (line 10)) (0.4.4)
Requirement already satisfied: beautifulsoup4 in /usr/local/lib/python3.6/site-packages (from alibi==0.5.2->-r dev_requirements.txt (line 11)) (4.9.1)
Requirement already satisfied: requests in /usr/local/lib/python3.6/site-packages (from alibi==0.5.2->-r dev_requirements.txt (line 11)) (2.24.0)
Requirement already satisfied: spacy[lookups] in /usr/local/lib/python3.6/site-packages (from alibi==0.5.2->-r dev_requirements.txt (line 11)) (2.3.2)
Requirement already satisfied: scikit-image!=0.17.1 in /usr/local/lib/python3.6/site-packages (from alibi==0.5.2->-r dev_requirements.txt (line 11)) (0.17.2)
Requirement already satisfied: typing-extensions>=3.7.2 in /usr/local/lib/python3.6/site-packages (from alibi==0.5.2->-r dev_requirements.txt (line 11)) (3.7.4.3)
Requirement already satisfied: Pillow in /usr/local/lib/python3.6/site-packages (from alibi==0.5.2->-r dev_requirements.txt (line 11)) (7.2.0)
Requirement already satisfied: pandas in /usr/local/lib/python3.6/site-packages (from alibi==0.5.2->-r dev_requirements.txt (line 11)) (1.1.0)
Requirement already satisfied: scikit-learn in /usr/local/lib/python3.6/site-packages (from alibi==0.5.2->-r dev_requirements.txt (line 11)) (0.23.2)
Requirement already satisfied: prettyprinter in /usr/local/lib/python3.6/site-packages (from alibi==0.5.2->-r dev_requirements.txt (line 11)) (0.18.0)
Requirement already satisfied: numpy in /usr/local/lib/python3.6/site-packages (from alibi==0.5.2->-r dev_requirements.txt (line 11)) (1.19.2)
Requirement already satisfied: scipy in /usr/local/lib/python3.6/site-packages (from alibi==0.5.2->-r dev_requirements.txt (line 11)) (1.5.2)
Requirement already satisfied: tqdm>4.25.0 in /usr/local/lib/python3.6/site-packages (from shap==0.35.0->-r dev_requirements.txt (line 12)) (4.49.0)
Requirement already satisfied: kiwisolver>=1.0.1 in /usr/local/lib/python3.6/site-packages (from matplotlib==3.1.3->-r dev_requirements.txt (line 13)) (1.2.0)
Requirement already satisfied: cycler>=0.10 in /usr/local/lib/python3.6/site-packages (from matplotlib==3.1.3->-r dev_requirements.txt (line 13)) (0.10.0)
Requirement already satisfied: python-dateutil>=2.1 in /usr/local/lib/python3.6/site-packages (from matplotlib==3.1.3->-r dev_requirements.txt (line 13)) (2.8.1)
Requirement already satisfied: pyparsing!=2.0.4,!=2.1.2,!=2.1.6,>=2.0.1 in /usr/local/lib/python3.6/site-packages (from matplotlib==3.1.3->-r dev_requirements.txt (line 13)) (2.4.7)
Requirement already satisfied: grpcio>=1.8.6 in /usr/local/lib/python3.6/site-packages (from tensorflow==1.15.2->-r dev_requirements.txt (line 14)) (1.32.0)
Requirement already satisfied: protobuf>=3.6.1 in /usr/local/lib/python3.6/site-packages (from tensorflow==1.15.2->-r dev_requirements.txt (line 14)) (3.13.0)
Requirement already satisfied: gast==0.2.2 in /usr/local/lib/python3.6/site-packages (from tensorflow==1.15.2->-r dev_requirements.txt (line 14)) (0.2.2)
Requirement already satisfied: astor>=0.6.0 in /usr/local/lib/python3.6/site-packages (from tensorflow==1.15.2->-r dev_requirements.txt (line 14)) (0.8.1)
Requirement already satisfied: keras-applications>=1.0.8 in /usr/local/lib/python3.6/site-packages (from tensorflow==1.15.2->-r dev_requirements.txt (line 14)) (1.0.8)
Requirement already satisfied: tensorflow-estimator==1.15.1 in /usr/local/lib/python3.6/site-packages (from tensorflow==1.15.2->-r dev_requirements.txt (line 14)) (1.15.1)
Requirement already satisfied: wheel>=0.26; python_version >= "3" in /usr/local/lib/python3.6/site-packages (from tensorflow==1.15.2->-r dev_requirements.txt (line 14)) (0.35.1)
Requirement already satisfied: keras-preprocessing>=1.0.5 in /usr/local/lib/python3.6/site-packages (from tensorflow==1.15.2->-r dev_requirements.txt (line 14)) (1.1.2)
Requirement already satisfied: absl-py>=0.7.0 in /usr/local/lib/python3.6/site-packages (from tensorflow==1.15.2->-r dev_requirements.txt (line 14)) (0.10.0)
Requirement already satisfied: wrapt>=1.11.1 in /usr/local/lib/python3.6/site-packages (from tensorflow==1.15.2->-r dev_requirements.txt (line 14)) (1.12.1)
Requirement already satisfied: google-pasta>=0.1.6 in /usr/local/lib/python3.6/site-packages (from tensorflow==1.15.2->-r dev_requirements.txt (line 14)) (0.2.0)
Requirement already satisfied: termcolor>=1.1.0 in /usr/local/lib/python3.6/site-packages (from tensorflow==1.15.2->-r dev_requirements.txt (line 14)) (1.1.0)
Requirement already satisfied: opt-einsum>=2.3.2 in /usr/local/lib/python3.6/site-packages (from tensorflow==1.15.2->-r dev_requirements.txt (line 14)) (3.3.0)
Requirement already satisfied: tensorboard<1.16.0,>=1.15.0 in /usr/local/lib/python3.6/site-packages (from tensorflow==1.15.2->-r dev_requirements.txt (line 14)) (1.15.0)
Requirement already satisfied: zipp>=0.5 in /usr/local/lib/python3.6/site-packages (from importlib-metadata>=0.12; python_version < "3.8"->pytest==5.3.1->-r dev_requirements.txt (line 1)) (3.1.0)
Requirement already satisfied: apipkg>=1.4 in /usr/local/lib/python3.6/site-packages (from execnet>=1.1->pytest-xdist==1.30.0->-r dev_requirements.txt (line 2)) (1.5)
Requirement already satisfied: ipython-genutils in /usr/local/lib/python3.6/site-packages (from traitlets>=4.2->ipython==7.13.0->-r dev_requirements.txt (line 9)) (0.2.0)
Requirement already satisfied: parso<0.8.0,>=0.7.0 in /usr/local/lib/python3.6/site-packages (from jedi>=0.10->ipython==7.13.0->-r dev_requirements.txt (line 9)) (0.7.1)
Requirement already satisfied: ptyprocess>=0.5 in /usr/local/lib/python3.6/site-packages (from pexpect; sys_platform != "win32"->ipython==7.13.0->-r dev_requirements.txt (line 9)) (0.6.0)
Requirement already satisfied: MarkupSafe>=0.23 in /usr/local/lib/python3.6/site-packages (from jinja2>=2.4->nbconvert==5.6.1->-r dev_requirements.txt (line 10)) (1.1.1)
Requirement already satisfied: jsonschema!=2.5.0,>=2.4 in /usr/local/lib/python3.6/site-packages (from nbformat>=4.4->nbconvert==5.6.1->-r dev_requirements.txt (line 10)) (3.2.0)
Requirement already satisfied: webencodings in /usr/local/lib/python3.6/site-packages (from bleach->nbconvert==5.6.1->-r dev_requirements.txt (line 10)) (0.5.1)
Requirement already satisfied: soupsieve>1.2 in /usr/local/lib/python3.6/site-packages (from beautifulsoup4->alibi==0.5.2->-r dev_requirements.txt (line 11)) (2.0.1)
Requirement already satisfied: certifi>=2017.4.17 in /usr/local/lib/python3.6/site-packages (from requests->alibi==0.5.2->-r dev_requirements.txt (line 11)) (2020.6.20)
Requirement already satisfied: urllib3!=1.25.0,!=1.25.1,<1.26,>=1.21.1 in /usr/local/lib/python3.6/site-packages (from requests->alibi==0.5.2->-r dev_requirements.txt (line 11)) (1.25.10)
Requirement already satisfied: idna<3,>=2.5 in /usr/local/lib/python3.6/site-packages (from requests->alibi==0.5.2->-r dev_requirements.txt (line 11)) (2.10)
Requirement already satisfied: chardet<4,>=3.0.2 in /usr/local/lib/python3.6/site-packages (from requests->alibi==0.5.2->-r dev_requirements.txt (line 11)) (3.0.4)
Requirement already satisfied: thinc==7.4.1 in /usr/local/lib/python3.6/site-packages (from spacy[lookups]->alibi==0.5.2->-r dev_requirements.txt (line 11)) (7.4.1)
Requirement already satisfied: plac<1.2.0,>=0.9.6 in /usr/local/lib/python3.6/site-packages (from spacy[lookups]->alibi==0.5.2->-r dev_requirements.txt (line 11)) (1.1.3)
Requirement already satisfied: murmurhash<1.1.0,>=0.28.0 in /usr/local/lib/python3.6/site-packages (from spacy[lookups]->alibi==0.5.2->-r dev_requirements.txt (line 11)) (1.0.2)
Requirement already satisfied: preshed<3.1.0,>=3.0.2 in /usr/local/lib/python3.6/site-packages (from spacy[lookups]->alibi==0.5.2->-r dev_requirements.txt (line 11)) (3.0.2)
Requirement already satisfied: wasabi<1.1.0,>=0.4.0 in /usr/local/lib/python3.6/site-packages (from spacy[lookups]->alibi==0.5.2->-r dev_requirements.txt (line 11)) (0.8.0)
Requirement already satisfied: srsly<1.1.0,>=1.0.2 in /usr/local/lib/python3.6/site-packages (from spacy[lookups]->alibi==0.5.2->-r dev_requirements.txt (line 11)) (1.0.2)
Requirement already satisfied: cymem<2.1.0,>=2.0.2 in /usr/local/lib/python3.6/site-packages (from spacy[lookups]->alibi==0.5.2->-r dev_requirements.txt (line 11)) (2.0.3)
Requirement already satisfied: catalogue<1.1.0,>=0.0.7 in /usr/local/lib/python3.6/site-packages (from spacy[lookups]->alibi==0.5.2->-r dev_requirements.txt (line 11)) (1.0.0)
Requirement already satisfied: blis<0.5.0,>=0.4.0 in /usr/local/lib/python3.6/site-packages (from spacy[lookups]->alibi==0.5.2->-r dev_requirements.txt (line 11)) (0.4.1)
Requirement already satisfied: spacy-lookups-data<0.4.0,>=0.3.2; extra == "lookups" in /usr/local/lib/python3.6/site-packages (from spacy[lookups]->alibi==0.5.2->-r dev_requirements.txt (line 11)) (0.3.2)
Requirement already satisfied: PyWavelets>=1.1.1 in /usr/local/lib/python3.6/site-packages (from scikit-image!=0.17.1->alibi==0.5.2->-r dev_requirements.txt (line 11)) (1.1.1)
Requirement already satisfied: networkx>=2.0 in /usr/local/lib/python3.6/site-packages (from scikit-image!=0.17.1->alibi==0.5.2->-r dev_requirements.txt (line 11)) (2.5)
Requirement already satisfied: imageio>=2.3.0 in /usr/local/lib/python3.6/site-packages (from scikit-image!=0.17.1->alibi==0.5.2->-r dev_requirements.txt (line 11)) (2.9.0)
Requirement already satisfied: tifffile>=2019.7.26 in /usr/local/lib/python3.6/site-packages (from scikit-image!=0.17.1->alibi==0.5.2->-r dev_requirements.txt (line 11)) (2020.9.3)
Requirement already satisfied: pytz>=2017.2 in /usr/local/lib/python3.6/site-packages (from pandas->alibi==0.5.2->-r dev_requirements.txt (line 11)) (2020.1)
Requirement already satisfied: threadpoolctl>=2.0.0 in /usr/local/lib/python3.6/site-packages (from scikit-learn->alibi==0.5.2->-r dev_requirements.txt (line 11)) (2.1.0)
Requirement already satisfied: joblib>=0.11 in /usr/local/lib/python3.6/site-packages (from scikit-learn->alibi==0.5.2->-r dev_requirements.txt (line 11)) (0.16.0)
Requirement already satisfied: colorful>=0.4.0 in /usr/local/lib/python3.6/site-packages (from prettyprinter->alibi==0.5.2->-r dev_requirements.txt (line 11)) (0.5.4)
Requirement already satisfied: h5py in /usr/local/lib/python3.6/site-packages (from keras-applications>=1.0.8->tensorflow==1.15.2->-r dev_requirements.txt (line 14)) (2.10.0)
Requirement already satisfied: markdown>=2.6.8 in /usr/local/lib/python3.6/site-packages (from tensorboard<1.16.0,>=1.15.0->tensorflow==1.15.2->-r dev_requirements.txt (line 14)) (3.2.2)
Requirement already satisfied: werkzeug>=0.11.15 in /usr/local/lib/python3.6/site-packages (from tensorboard<1.16.0,>=1.15.0->tensorflow==1.15.2->-r dev_requirements.txt (line 14)) (1.0.1)
Requirement already satisfied: pyrsistent>=0.14.0 in /usr/local/lib/python3.6/site-packages (from jsonschema!=2.5.0,>=2.4->nbformat>=4.4->nbconvert==5.6.1->-r dev_requirements.txt (line 10)) (0.17.3)
Building wheels for collected packages: shap
  Building wheel for shap (setup.py): started
  Building wheel for shap (setup.py): finished with status 'done'
  Created wheel for shap: filename=shap-0.35.0-cp36-cp36m-linux_x86_64.whl size=450801 sha256=46ddf8afb5a6431d4939606dbc693d15e450dd523c3527fd7c4dde8d4ac0daf3
  Stored in directory: /builder/home/.cache/pip/wheels/ac/f6/db/c284df1614d9fd3093cdcae76f0246077fb8862be3c4c95b09
Successfully built shap
Installing collected packages: pytest, coverage, pytest-cov, tenacity, shap
  Attempting uninstall: pytest
    Found existing installation: pytest 6.0.2
    Uninstalling pytest-6.0.2:
      Successfully uninstalled pytest-6.0.2
  Attempting uninstall: coverage
    Found existing installation: coverage 5.3
    Uninstalling coverage-5.3:
      Successfully uninstalled coverage-5.3
  Attempting uninstall: pytest-cov
    Found existing installation: pytest-cov 2.10.1
    Uninstalling pytest-cov-2.10.1:
      Successfully uninstalled pytest-cov-2.10.1
  Attempting uninstall: tenacity
    Found existing installation: tenacity 6.2.0
    Uninstalling tenacity-6.2.0:
      Successfully uninstalled tenacity-6.2.0
  Attempting uninstall: shap
    Found existing installation: shap 0.36.0
    Uninstalling shap-0.36.0:
      Successfully uninstalled shap-0.36.0
ERROR: After October 2020 you may experience errors when installing or updating packages. This is because pip will change the way that it resolves dependency conflicts.

We recommend you use --use-feature=2020-resolver to test your packages with the new resolver before it becomes the default.

alibi 0.5.2 requires tensorflow>=2.0, but you'll have tensorflow 1.15.2 which is incompatible.
Successfully installed coverage-4.5.4 pytest-5.3.1 pytest-cov-2.8.1 shap-0.35.0 tenacity-6.0.0
pip install -e ../../python
Obtaining file:///workspace/source/python
Requirement already satisfied: Flask<2.0.0 in /usr/local/lib/python3.6/site-packages (from seldon-core==1.3.0.dev0) (1.1.2)
Requirement already satisfied: jsonschema<4.0.0 in /usr/local/lib/python3.6/site-packages (from seldon-core==1.3.0.dev0) (3.2.0)
Requirement already satisfied: Flask-cors<4.0.0 in /usr/local/lib/python3.6/site-packages (from seldon-core==1.3.0.dev0) (3.0.9)
Requirement already satisfied: redis<4.0.0 in /usr/local/lib/python3.6/site-packages (from seldon-core==1.3.0.dev0) (3.5.3)
Requirement already satisfied: requests<3.0.0 in /usr/local/lib/python3.6/site-packages (from seldon-core==1.3.0.dev0) (2.24.0)
Requirement already satisfied: numpy<2.0.0 in /usr/local/lib/python3.6/site-packages (from seldon-core==1.3.0.dev0) (1.19.2)
Requirement already satisfied: flatbuffers<2.0.0 in /usr/local/lib/python3.6/site-packages (from seldon-core==1.3.0.dev0) (1.12)
Requirement already satisfied: protobuf<4.0.0 in /usr/local/lib/python3.6/site-packages (from seldon-core==1.3.0.dev0) (3.13.0)
Requirement already satisfied: grpcio<2.0.0 in /usr/local/lib/python3.6/site-packages (from seldon-core==1.3.0.dev0) (1.32.0)
Requirement already satisfied: Flask-OpenTracing<1.2.0,>=1.1.0 in /usr/local/lib/python3.6/site-packages (from seldon-core==1.3.0.dev0) (1.1.0)
Requirement already satisfied: opentracing<2.4.0,>=2.2.0 in /usr/local/lib/python3.6/site-packages (from seldon-core==1.3.0.dev0) (2.3.0)
Requirement already satisfied: jaeger-client<4.4.0,>=4.1.0 in /usr/local/lib/python3.6/site-packages (from seldon-core==1.3.0.dev0) (4.3.0)
Requirement already satisfied: grpcio-opentracing<1.2.0,>=1.1.4 in /usr/local/lib/python3.6/site-packages (from seldon-core==1.3.0.dev0) (1.1.4)
Requirement already satisfied: PyYAML<5.4 in /usr/local/lib/python3.6/site-packages (from seldon-core==1.3.0.dev0) (5.3.1)
Requirement already satisfied: gunicorn<20.1.0,>=19.9.0 in /usr/local/lib/python3.6/site-packages (from seldon-core==1.3.0.dev0) (20.0.4)
Requirement already satisfied: setuptools>=41.0.0 in /usr/local/lib/python3.6/site-packages (from seldon-core==1.3.0.dev0) (50.3.0)
Requirement already satisfied: prometheus_client<0.9.0,>=0.7.1 in /usr/local/lib/python3.6/site-packages (from seldon-core==1.3.0.dev0) (0.8.0)
Requirement already satisfied: click>=5.1 in /usr/local/lib/python3.6/site-packages (from Flask<2.0.0->seldon-core==1.3.0.dev0) (7.1.2)
Requirement already satisfied: itsdangerous>=0.24 in /usr/local/lib/python3.6/site-packages (from Flask<2.0.0->seldon-core==1.3.0.dev0) (1.1.0)
Requirement already satisfied: Werkzeug>=0.15 in /usr/local/lib/python3.6/site-packages (from Flask<2.0.0->seldon-core==1.3.0.dev0) (1.0.1)
Requirement already satisfied: Jinja2>=2.10.1 in /usr/local/lib/python3.6/site-packages (from Flask<2.0.0->seldon-core==1.3.0.dev0) (2.11.2)
Requirement already satisfied: attrs>=17.4.0 in /usr/local/lib/python3.6/site-packages (from jsonschema<4.0.0->seldon-core==1.3.0.dev0) (20.2.0)
Requirement already satisfied: pyrsistent>=0.14.0 in /usr/local/lib/python3.6/site-packages (from jsonschema<4.0.0->seldon-core==1.3.0.dev0) (0.17.3)
Requirement already satisfied: six>=1.11.0 in /usr/local/lib/python3.6/site-packages (from jsonschema<4.0.0->seldon-core==1.3.0.dev0) (1.15.0)
Requirement already satisfied: importlib-metadata; python_version < "3.8" in /usr/local/lib/python3.6/site-packages (from jsonschema<4.0.0->seldon-core==1.3.0.dev0) (1.7.0)
Requirement already satisfied: idna<3,>=2.5 in /usr/local/lib/python3.6/site-packages (from requests<3.0.0->seldon-core==1.3.0.dev0) (2.10)
Requirement already satisfied: certifi>=2017.4.17 in /usr/local/lib/python3.6/site-packages (from requests<3.0.0->seldon-core==1.3.0.dev0) (2020.6.20)
Requirement already satisfied: urllib3!=1.25.0,!=1.25.1,<1.26,>=1.21.1 in /usr/local/lib/python3.6/site-packages (from requests<3.0.0->seldon-core==1.3.0.dev0) (1.25.10)
Requirement already satisfied: chardet<4,>=3.0.2 in /usr/local/lib/python3.6/site-packages (from requests<3.0.0->seldon-core==1.3.0.dev0) (3.0.4)
Requirement already satisfied: threadloop<2,>=1 in /usr/local/lib/python3.6/site-packages (from jaeger-client<4.4.0,>=4.1.0->seldon-core==1.3.0.dev0) (1.0.2)
Requirement already satisfied: thrift in /usr/local/lib/python3.6/site-packages (from jaeger-client<4.4.0,>=4.1.0->seldon-core==1.3.0.dev0) (0.13.0)
Requirement already satisfied: tornado>=4.3 in /usr/local/lib/python3.6/site-packages (from jaeger-client<4.4.0,>=4.1.0->seldon-core==1.3.0.dev0) (6.0.4)
Requirement already satisfied: MarkupSafe>=0.23 in /usr/local/lib/python3.6/site-packages (from Jinja2>=2.10.1->Flask<2.0.0->seldon-core==1.3.0.dev0) (1.1.1)
Requirement already satisfied: zipp>=0.5 in /usr/local/lib/python3.6/site-packages (from importlib-metadata; python_version < "3.8"->jsonschema<4.0.0->seldon-core==1.3.0.dev0) (3.1.0)
Installing collected packages: seldon-core
  Attempting uninstall: seldon-core
    Found existing installation: seldon-core 1.3.0.dev0
    Uninstalling seldon-core-1.3.0.dev0:
      Successfully uninstalled seldon-core-1.3.0.dev0
  Running setup.py develop for seldon-core
Successfully installed seldon-core
# Run the core tests in parallel
pytest \
	--verbose \
	-s \
	-W ignore \
	-n "4" \
	-m "not sequential and not notebooks" 2>&1
============================= test session starts ==============================
platform linux -- Python 3.6.10, pytest-5.3.1, py-1.9.0, pluggy-0.13.1 -- /usr/local/bin/python
cachedir: .pytest_cache
rootdir: /workspace/source/testing/scripts, inifile: setup.cfg
plugins: cov-2.8.1, xdist-1.30.0, flaky-3.6.1, forked-1.3.0
gw0 I / gw1 I / gw2 I / gw3 I
[gw0] linux Python 3.6.10 cwd: /workspace/source/testing/scripts
[gw1] linux Python 3.6.10 cwd: /workspace/source/testing/scripts
[gw2] linux Python 3.6.10 cwd: /workspace/source/testing/scripts
[gw3] linux Python 3.6.10 cwd: /workspace/source/testing/scripts
[gw0] Python 3.6.10 (default, Sep 18 2020, 12:54:15)  -- [GCC 8.3.0]
[gw2] Python 3.6.10 (default, Sep 18 2020, 12:54:15)  -- [GCC 8.3.0]
[gw3] Python 3.6.10 (default, Sep 18 2020, 12:54:15)  -- [GCC 8.3.0]
[gw1] Python 3.6.10 (default, Sep 18 2020, 12:54:15)  -- [GCC 8.3.0]
gw0 [35] / gw1 [35] / gw2 [35] / gw3 [35]

scheduling tests via LoadScheduling

test_api_version.py::test_api_version[machinelearning.seldon.io/v1alpha2] 
test_api_version.py::test_api_version[machinelearning.seldon.io/v1] 
test_bad_graphs.py::TestBadGraphs::test_duplicate_predictor_name 
test_api_version.py::test_api_version[machinelearning.seldon.io/v1alpha3] Error from server (SeldonDeployment.machinelearing.seldon.io "dupname" is invalid: [spec.predictors[1]: Invalid value: "mymodel": Duplicate predictor name, spec: Invalid value: "mymodel": Traffic must sum to 100 for multiple predictors]): error when creating "../resources/bad_duplicate_predictor_name.json": admission webhook "v1alpha2.vseldondeployment.kb.io" denied the request: SeldonDeployment.machinelearing.seldon.io "dupname" is invalid: [spec.predictors[1]: Invalid value: "mymodel": Duplicate predictor name, spec: Invalid value: "mymodel": Traffic must sum to 100 for multiple predictors]

[gw1] PASSED test_bad_graphs.py::TestBadGraphs::test_duplicate_predictor_name 
test_helm_charts_clusterwide.py::TestClusterWide::test_single_model Error: uninstall: Release not loaded: mymodel: release: not found

[gw3] PASSED test_api_version.py::test_api_version[machinelearning.seldon.io/v1] Error: uninstall: Release not loaded: mymodel: release: not found

[gw2] PASSED test_api_version.py::test_api_version[machinelearning.seldon.io/v1alpha3] Error: uninstall: Release not loaded: mymodel: release: not found

[gw0] PASSED test_api_version.py::test_api_version[machinelearning.seldon.io/v1alpha2] Error: uninstall: Release not loaded: mymodel: release: not found

[gw1] PASSED test_helm_charts_clusterwide.py::TestClusterWide::test_single_model 
test_bad_graphs.py::TestBadGraphs::test_model_no_graph 
test_batch_processor.py::TestBatchWorker::test_batch_worker Error from server (SeldonDeployment.machinelearing.seldon.io "test-deployment" is invalid: spec.predictors[0].graph: Invalid value: "": Can't find container for Predictive Unit): error when creating "../resources/bad_no_graph.yaml": admission webhook "v1.vseldondeployment.kb.io" denied the request: SeldonDeployment.machinelearing.seldon.io "test-deployment" is invalid: spec.predictors[0].graph: Invalid value: "": Can't find container for Predictive Unit

[gw2] PASSED test_bad_graphs.py::TestBadGraphs::test_model_no_graph 
test_local_operators.py::TestLocalOperators::test_namespace_operator 
test_bad_graphs.py::TestBadGraphs::test_model_name_mismatch Error from server (SeldonDeployment.machinelearing.seldon.io "namemismatch" is invalid: spec.predictors[0].graph: Invalid value: "complex-model_bad_name": Can't find container for Predictive Unit): error when creating "../resources/bad_name_mismatch.json": admission webhook "v1alpha2.vseldondeployment.kb.io" denied the request: SeldonDeployment.machinelearing.seldon.io "namemismatch" is invalid: spec.predictors[0].graph: Invalid value: "complex-model_bad_name": Can't find container for Predictive Unit

[gw0] PASSED test_bad_graphs.py::TestBadGraphs::test_model_name_mismatch 
test_prepackaged_servers.py::TestPrepack::test_sklearn_v2 
test_helm_charts_clusterwide.py::TestClusterWide::test_abtest_model 
[gw2] PASSED test_local_operators.py::TestLocalOperators::test_namespace_operator 
test_local_operators.py::TestLocalOperators::test_labelled_operator Error from server (InternalError): error when creating "../resources/model_controller_id.yaml": Internal error occurred: failed calling webhook "v1alpha2.mseldondeployment.kb.io": Post https://seldon-webhook-service.test-labelled-operator.svc:443/mutate-machinelearning-seldon-io-v1alpha2-seldondeployment?timeout=30s: dial tcp 10.98.24.97:443: connect: connection refused

[gw2] PASSED test_local_operators.py::TestLocalOperators::test_labelled_operator Error: uninstall: Release not loaded: myabtest: release: not found

[gw1] PASSED test_helm_charts_clusterwide.py::TestClusterWide::test_abtest_model 
test_prepackaged_servers.py::TestPrepack::test_xgboost 
test_helm_charts_clusterwide.py::TestClusterWide::test_mab_model 
[gw3] PASSED test_batch_processor.py::TestBatchWorker::test_batch_worker 
test_prepackaged_servers.py::TestPrepack::test_sklearn 
[gw2] PASSED test_prepackaged_servers.py::TestPrepack::test_xgboost 
[gw0] FAILED test_prepackaged_servers.py::TestPrepack::test_sklearn_v2 
test_prepackaged_servers.py::TestPrepack::test_xgboost_v2 Error: uninstall: Release not loaded: mymab: release: not found

[gw1] PASSED test_helm_charts_clusterwide.py::TestClusterWide::test_mab_model 
test_prepackaged_servers.py::TestPrepack::test_tfserving 
[gw3] PASSED test_prepackaged_servers.py::TestPrepack::test_sklearn 
test_prepackaged_servers.py::TestPrepack::test_mlflow 
[gw0] PASSED test_prepackaged_servers.py::TestPrepack::test_tfserving 
test_prepackaged_servers.py::TestPrepack::test_text_alibi_explainer 
test_rolling_updates.py::test_rolling_deployment[graph1.json-graph2.json-True-ambas] 
[gw2] FAILED test_prepackaged_servers.py::TestPrepack::test_xgboost_v2 
test_prepackaged_servers.py::TestPrepack::test_openapi_sklearn 
[gw1] PASSED test_prepackaged_servers.py::TestPrepack::test_mlflow 
test_rolling_updates.py::test_rolling_deployment[graph1.json-graph2.json-True-istio] 
[gw2] PASSED test_prepackaged_servers.py::TestPrepack::test_openapi_sklearn 
test_rolling_updates.py::test_rolling_deployment[graph1.json-graph4.json-True-ambas] 
[gw1] PASSED test_rolling_updates.py::test_rolling_deployment[graph1.json-graph2.json-True-istio] 
test_rolling_updates.py::test_rolling_deployment[graph1.json-graph2.json-True-ambas] 
test_rolling_updates.py::test_rolling_deployment[graph1.json-graph4.json-True-istio] 
[gw3] PASSED test_prepackaged_servers.py::TestPrepack::test_text_alibi_explainer 
test_rolling_updates.py::test_rolling_deployment[graph1.json-graph3.json-True-ambas] 
test_rolling_updates.py::test_rolling_deployment[graph1.json-graph4.json-True-ambas] 
[gw1] PASSED test_rolling_updates.py::test_rolling_deployment[graph1.json-graph4.json-True-istio] 
[gw0] PASSED test_rolling_updates.py::test_rolling_deployment[graph1.json-graph2.json-True-ambas] 
test_rolling_updates.py::test_rolling_deployment[graph1.json-graph5.json-True-istio] 
test_rolling_updates.py::test_rolling_deployment[graph1.json-graph3.json-True-istio] 
test_rolling_updates.py::test_rolling_deployment[graph1.json-graph3.json-True-ambas] 
test_rolling_updates.py::test_rolling_deployment[graph1.json-graph4.json-True-ambas] 
[gw0] PASSED test_rolling_updates.py::test_rolling_deployment[graph1.json-graph3.json-True-istio] 
[gw1] PASSED test_rolling_updates.py::test_rolling_deployment[graph1.json-graph5.json-True-istio] 
test_rolling_updates.py::test_rolling_deployment[graph7.json-graph8.json-False-ambas] 
test_rolling_updates.py::test_rolling_deployment[graph1.json-graph8.json-True-istio] 
[gw2] PASSED test_rolling_updates.py::test_rolling_deployment[graph1.json-graph4.json-True-ambas] 
[gw0] PASSED test_rolling_updates.py::test_rolling_deployment[graph7.json-graph8.json-False-ambas] 
test_rolling_updates.py::test_rolling_deployment[graph1.json-graph5.json-True-ambas] 
test_rolling_updates.py::test_rolling_deployment[graph7.json-graph8.json-False-istio] 
test_rolling_updates.py::test_rolling_deployment[graph1.json-graph3.json-True-ambas] 
[gw0] PASSED test_rolling_updates.py::test_rolling_deployment[graph7.json-graph8.json-False-istio] 
test_tracing.py::test_tracing_rest 
[gw1] PASSED test_rolling_updates.py::test_rolling_deployment[graph1.json-graph8.json-True-istio] 
[gw0] PASSED test_tracing.py::test_tracing_rest 
[gw2] PASSED test_rolling_updates.py::test_rolling_deployment[graph1.json-graph5.json-True-ambas] 
test_security.py::test_xss_header 
test_security.py::test_xss_escaping 
[gw3] PASSED test_rolling_updates.py::test_rolling_deployment[graph1.json-graph3.json-True-ambas] 
test_rolling_updates.py::test_rolling_deployment[graph1.json-graph8.json-True-ambas] 
[gw2] PASSED test_security.py::test_xss_header 
[gw1] PASSED test_security.py::test_xss_escaping 
test_rolling_updates.py::test_rolling_deployment[graph1.json-graph8.json-True-ambas] 
[gw3] PASSED test_rolling_updates.py::test_rolling_deployment[graph1.json-graph8.json-True-ambas] 

=================================== FAILURES ===================================
_________________________ TestPrepack.test_sklearn_v2 __________________________
[gw0] linux -- Python 3.6.10 /usr/local/bin/python

self = <test_prepackaged_servers.TestPrepack object at 0x7f3e2cc114e0>
namespace = 'test-sklearn-v2'

    @skipif_engine
    def test_sklearn_v2(self, namespace):
        spec = "../resources/iris-sklearn-v2.yaml"
        retry_run(f"kubectl apply -f {spec} -n {namespace}")
        wait_for_status("sklearn", namespace)
        wait_for_rollout("sklearn", namespace)
        time.sleep(1)
    
        logging.warning("Initial request")
        r = v2_protocol.inference_request(
            model_name="sklearn",
            namespace=namespace,
            payload={
                "inputs": [
                    {
                        "name": "input-0",
                        "shape": [4],
                        "datatype": "FP32",
                        "data": [[0.1, 0.2, 0.3, 0.4]],
                    }
                ],
            },
        )
>       assert r.status_code == 200
E       assert 404 == 200
E         -404
E         +200

test_prepackaged_servers.py:74: AssertionError
------------------------------ Captured log call -------------------------------
WARNING  root:seldon_e2e_utils.py:186 Failed to find status - sleeping
WARNING  root:seldon_e2e_utils.py:186 Failed to find status - sleeping
WARNING  root:seldon_e2e_utils.py:186 Failed to find status - sleeping
WARNING  root:seldon_e2e_utils.py:186 Failed to find status - sleeping
WARNING  root:seldon_e2e_utils.py:186 Failed to find status - sleeping
WARNING  root:seldon_e2e_utils.py:186 Failed to find status - sleeping
WARNING  root:seldon_e2e_utils.py:186 Failed to find status - sleeping
WARNING  root:seldon_e2e_utils.py:186 Failed to find status - sleeping
WARNING  root:seldon_e2e_utils.py:186 Failed to find status - sleeping
WARNING  root:seldon_e2e_utils.py:186 Failed to find status - sleeping
WARNING  root:seldon_e2e_utils.py:186 Failed to find status - sleeping
WARNING  root:seldon_e2e_utils.py:186 Failed to find status - sleeping
WARNING  root:seldon_e2e_utils.py:186 Failed to find status - sleeping
WARNING  root:seldon_e2e_utils.py:186 Failed to find status - sleeping
WARNING  root:seldon_e2e_utils.py:186 Failed to find status - sleeping
WARNING  root:seldon_e2e_utils.py:186 Failed to find status - sleeping
WARNING  root:seldon_e2e_utils.py:186 Failed to find status - sleeping
WARNING  root:seldon_e2e_utils.py:186 Failed to find status - sleeping
WARNING  root:seldon_e2e_utils.py:186 Failed to find status - sleeping
WARNING  root:seldon_e2e_utils.py:186 Failed to find status - sleeping
WARNING  root:test_prepackaged_servers.py:59 Initial request
_________________________ TestPrepack.test_xgboost_v2 __________________________
[gw2] linux -- Python 3.6.10 /usr/local/bin/python

self = <test_prepackaged_servers.TestPrepack object at 0x7f8538e86630>
namespace = 'test-xgboost-v2'

    @skipif_engine
    def test_xgboost_v2(self, namespace):
        spec = "../resources/iris-xgboost-v2.yaml"
        retry_run(f"kubectl apply -f {spec} -n {namespace}")
        wait_for_status("xgboost", namespace)
>       wait_for_rollout("xgboost", namespace)

test_prepackaged_servers.py:125: 
_ _ _ _ _ _ _ _ _ _ _ _ _ _ _ _ _ _ _ _ _ _ _ _ _ _ _ _ _ _ _ _ _ _ _ _ _ _ _ _ 

sdep_name = 'xgboost', namespace = 'test-xgboost-v2', attempts = 50, sleep = 5
expected_deployments = 1

    def wait_for_rollout(
        sdep_name, namespace, attempts=50, sleep=5, expected_deployments=1
    ):
        deployment_names = []
        for _ in range(attempts):
            deployment_names = get_deployment_names(sdep_name, namespace)
            deployments = len(deployment_names)
    
            if deployments == expected_deployments:
                break
            time.sleep(sleep)
    
        error_msg = (
            f"Expected {expected_deployments} deployment(s) but got {len(deployment_names)}"
        )
>       assert len(deployment_names) == expected_deployments, error_msg
E       AssertionError: Expected 1 deployment(s) but got 0

seldon_e2e_utils.py:140: AssertionError
------------------------------ Captured log call -------------------------------
WARNING  root:seldon_e2e_utils.py:186 Failed to find status - sleeping
WARNING  root:seldon_e2e_utils.py:186 Failed to find status - sleeping
WARNING  root:seldon_e2e_utils.py:186 Failed to find status - sleeping
WARNING  root:seldon_e2e_utils.py:186 Failed to find status - sleeping
WARNING  root:seldon_e2e_utils.py:186 Failed to find status - sleeping
WARNING  root:seldon_e2e_utils.py:186 Failed to find status - sleeping
WARNING  root:seldon_e2e_utils.py:186 Failed to find status - sleeping
WARNING  root:seldon_e2e_utils.py:186 Failed to find status - sleeping
WARNING  root:seldon_e2e_utils.py:186 Failed to find status - sleeping
WARNING  root:seldon_e2e_utils.py:186 Failed to find status - sleeping
WARNING  root:seldon_e2e_utils.py:186 Failed to find status - sleeping
WARNING  root:seldon_e2e_utils.py:186 Failed to find status - sleeping
WARNING  root:seldon_e2e_utils.py:186 Failed to find status - sleeping
WARNING  root:seldon_e2e_utils.py:186 Failed to find status - sleeping
WARNING  root:seldon_e2e_utils.py:186 Failed to find status - sleeping
WARNING  root:seldon_e2e_utils.py:186 Failed to find status - sleeping
WARNING  root:seldon_e2e_utils.py:186 Failed to find status - sleeping
WARNING  root:seldon_e2e_utils.py:186 Failed to find status - sleeping
WARNING  root:seldon_e2e_utils.py:186 Failed to find status - sleeping
WARNING  root:seldon_e2e_utils.py:186 Failed to find status - sleeping
===Flaky Test Report===

test_rolling_deployment[graph1.json-graph2.json-True-ambas] failed (2 runs remaining out of 3).
	<class 'AssertionError'>
	
	[<TracebackEntry /workspace/source/testing/scripts/test_rolling_updates.py:238>, <TracebackEntry /workspace/source/testing/scripts/seldon_e2e_utils.py:601>, <TracebackEntry /workspace/source/testing/scripts/seldon_e2e_utils.py:593>, <TracebackEntry /workspace/source/testing/scripts/seldon_e2e_utils.py:611>]
test_rolling_deployment[graph1.json-graph2.json-True-ambas] passed 1 out of the required 1 times. Success!
test_rolling_deployment[graph1.json-graph3.json-True-istio] passed 1 out of the required 1 times. Success!
test_rolling_deployment[graph7.json-graph8.json-False-ambas] passed 1 out of the required 1 times. Success!
test_rolling_deployment[graph7.json-graph8.json-False-istio] passed 1 out of the required 1 times. Success!
test_rolling_deployment[graph1.json-graph4.json-True-ambas] failed (2 runs remaining out of 3).
	<class 'AssertionError'>
	
	[<TracebackEntry /workspace/source/testing/scripts/test_rolling_updates.py:238>, <TracebackEntry /workspace/source/testing/scripts/seldon_e2e_utils.py:601>, <TracebackEntry /workspace/source/testing/scripts/seldon_e2e_utils.py:593>, <TracebackEntry /workspace/source/testing/scripts/seldon_e2e_utils.py:611>]
test_rolling_deployment[graph1.json-graph4.json-True-ambas] failed (1 runs remaining out of 3).
	<class 'AssertionError'>
	
	[<TracebackEntry /workspace/source/testing/scripts/test_rolling_updates.py:238>, <TracebackEntry /workspace/source/testing/scripts/seldon_e2e_utils.py:601>, <TracebackEntry /workspace/source/testing/scripts/seldon_e2e_utils.py:593>, <TracebackEntry /workspace/source/testing/scripts/seldon_e2e_utils.py:611>]
test_rolling_deployment[graph1.json-graph4.json-True-ambas] passed 1 out of the required 1 times. Success!
test_rolling_deployment[graph1.json-graph5.json-True-ambas] passed 1 out of the required 1 times. Success!
test_rolling_deployment[graph1.json-graph2.json-True-istio] passed 1 out of the required 1 times. Success!
test_rolling_deployment[graph1.json-graph4.json-True-istio] passed 1 out of the required 1 times. Success!
test_rolling_deployment[graph1.json-graph5.json-True-istio] passed 1 out of the required 1 times. Success!
test_rolling_deployment[graph1.json-graph8.json-True-istio] passed 1 out of the required 1 times. Success!
test_rolling_deployment[graph1.json-graph3.json-True-ambas] failed (2 runs remaining out of 3).
	<class 'AssertionError'>
	
	[<TracebackEntry /workspace/source/testing/scripts/test_rolling_updates.py:238>, <TracebackEntry /workspace/source/testing/scripts/seldon_e2e_utils.py:601>, <TracebackEntry /workspace/source/testing/scripts/seldon_e2e_utils.py:593>, <TracebackEntry /workspace/source/testing/scripts/seldon_e2e_utils.py:611>]
test_rolling_deployment[graph1.json-graph3.json-True-ambas] failed (1 runs remaining out of 3).
	<class 'AssertionError'>
	
	[<TracebackEntry /workspace/source/testing/scripts/test_rolling_updates.py:238>, <TracebackEntry /workspace/source/testing/scripts/seldon_e2e_utils.py:601>, <TracebackEntry /workspace/source/testing/scripts/seldon_e2e_utils.py:593>, <TracebackEntry /workspace/source/testing/scripts/seldon_e2e_utils.py:611>]
test_rolling_deployment[graph1.json-graph3.json-True-ambas] passed 1 out of the required 1 times. Success!
test_rolling_deployment[graph1.json-graph8.json-True-ambas] failed (2 runs remaining out of 3).
	<class 'AssertionError'>
	
	[<TracebackEntry /workspace/source/testing/scripts/test_rolling_updates.py:238>, <TracebackEntry /workspace/source/testing/scripts/seldon_e2e_utils.py:601>, <TracebackEntry /workspace/source/testing/scripts/seldon_e2e_utils.py:593>, <TracebackEntry /workspace/source/testing/scripts/seldon_e2e_utils.py:611>]
test_rolling_deployment[graph1.json-graph8.json-True-ambas] passed 1 out of the required 1 times. Success!

===End Flaky Test Report===
================== 2 failed, 33 passed in 1902.01s (0:31:42) ===================
make: *** [Makefile:132: test_parallel] Error 1
Test returned errors
kind delete cluster
Deleting cluster "kind" ...
Stopping Docker: dockerProgram process in pidfile '/var/run/docker-ssd.pid', 1 process(es), refused to die.
[31m
Pipeline failed on stage 'end-to-end' : container 'step-test-end-to-end'. The execution of the pipeline has stopped.[0m
