
Showing logs for build [32mseldonio-seldon-core-pr-2775-in-l2vkz-4[0m stage [32mpr-build-comment[0m and container [32mstep-credential-initializer-lsbwm[0m
{"level":"info","ts":1608222634.7836661,"logger":"fallback-logger","caller":"logging/config.go:69","msg":"Fetch GitHub commit ID from kodata failed: open /var/run/ko/refs/heads/0.8.0-ns-support: no such file or directory"}
{"level":"info","ts":1608222634.7843056,"logger":"fallback-logger","caller":"creds-init/main.go:40","msg":"Credentials initialized."}

Showing logs for build [32mseldonio-seldon-core-pr-2775-in-l2vkz-4[0m stage [32mpr-build-comment[0m and container [32mstep-working-dir-initializer-brzd9[0m
{"level":"info","ts":1608222635.760207,"logger":"fallback-logger","caller":"logging/config.go:69","msg":"Fetch GitHub commit ID from kodata failed: open /var/run/ko/HEAD: no such file or directory"}
{"level":"info","ts":1608222635.7624645,"logger":"fallback-logger","caller":"bash/main.go:64","msg":"Successfully executed command \"sh -c mkdir -p /workspace/source\"; output "}

Showing logs for build [32mseldonio-seldon-core-pr-2775-in-l2vkz-4[0m stage [32mpr-build-comment[0m and container [32mstep-place-tools[0m

Showing logs for build [32mseldonio-seldon-core-pr-2775-in-l2vkz-4[0m stage [32mpr-build-comment[0m and container [32mstep-create-dir-workspace-4r756[0m
{"level":"info","ts":1608222641.9598818,"logger":"fallback-logger","caller":"logging/config.go:69","msg":"Fetch GitHub commit ID from kodata failed: open /var/run/ko/HEAD: no such file or directory"}
{"level":"info","ts":1608222641.9616017,"logger":"fallback-logger","caller":"bash/main.go:64","msg":"Successfully executed command \"sh -c mkdir -p source\"; output "}

Showing logs for build [32mseldonio-seldon-core-pr-2775-in-l2vkz-4[0m stage [32mpr-build-comment[0m and container [32mstep-git-source-seldonio-seldon-core-pr-2775-in-l2vkz-ccmbm[0m
{"level":"info","ts":1608222642.3546138,"logger":"fallback-logger","caller":"logging/config.go:69","msg":"Fetch GitHub commit ID from kodata failed: open /var/run/ko/refs/heads/0.8.0-ns-support: no such file or directory"}
{"level":"info","ts":1608222651.6343634,"logger":"fallback-logger","caller":"git/git.go:103","msg":"Successfully cloned https://github.com/SeldonIO/seldon-core.git @ master in path /workspace/source"}

Showing logs for build [32mseldonio-seldon-core-pr-2775-in-l2vkz-4[0m stage [32mpr-build-comment[0m and container [32mstep-setup-builder-home[0m

Showing logs for build [32mseldonio-seldon-core-pr-2775-in-l2vkz-4[0m stage [32mpr-build-comment[0m and container [32mstep-git-merge[0m
Using SHAs from PULL_REFS=master:e3403ca53625dd5a38878d0e9ee3358a65b126a7,2775:4af0f3fdf544042073fdc63a722925b90a6d4c6a
DEBUG: LC_ALL=C JX_LOG_LEVEL=error git fetch origin --unshallow 4af0f3fdf544042073fdc63a722925b90a6d4c6a: e3403ca53625dd5a38878d0e9ee3358a65b126a7:
DEBUG: ran git fetch --unshallow origin 4af0f3fdf544042073fdc63a722925b90a6d4c6a: e3403ca53625dd5a38878d0e9ee3358a65b126a7: in 
DEBUG: LC_ALL=C JX_LOG_LEVEL=error git branch
DEBUG: JX_LOG_LEVEL=error LC_ALL=C git checkout master
DEBUG: ran git checkout master in 
DEBUG: LC_ALL=C JX_LOG_LEVEL=error git reset --hard e3403ca53625dd5a38878d0e9ee3358a65b126a7
DEBUG: ran git reset --hard e3403ca53625dd5a38878d0e9ee3358a65b126a7 in 
DEBUG: LC_ALL=C JX_LOG_LEVEL=error git clean -fd .
DEBUG: ran clean --force -d . in 
DEBUG: LC_ALL=C JX_LOG_LEVEL=error git merge 4af0f3fdf544042073fdc63a722925b90a6d4c6a
DEBUG: ran git merge 4af0f3fdf544042073fdc63a722925b90a6d4c6a in 
DEBUG: LC_ALL=C JX_LOG_LEVEL=error git log --format=%H%x1f%an%x1f%ae%x1f%cn%x1f%ce%x1f%s%n%b%x1e e3403ca53625dd5a38878d0e9ee3358a65b126a7..HEAD
Merged SHA b1842f9d81e351dee5bc95a46e3ce1a5224e6b96 with commit message 'Merge commit '4af0f3fdf544042073fdc63a722925b90a6d4c6a'' into base branch master
Merged SHA 4af0f3fdf544042073fdc63a722925b90a6d4c6a with commit message 'Bump sigs.k8s.io/controller-runtime from 0.6.4 to 0.7.0 in /operator' into base branch master

Showing logs for build [32mseldonio-seldon-core-pr-2775-in-l2vkz-4[0m stage [32mpr-build-comment[0m and container [32mstep-step2[0m
+++ dirname ./add-pr-build-comment
++ cd .
++ pwd
+ STARTUP_DIR=/workspace/source/ci
+ REPO_OWNER=SeldonIO
+ REPO_NAME=seldon-core
+ PULL_NUMBER=2775
+ BUILD_NUMBER=4
+ PIPELINE_CONTEXT=integration
++ cat
+++ date
+ COMMENT_MSG='Thu Dec 17 16:31:07 UTC 2020
The logs for [integration] [4] will show after the pipeline context has finished.  
https://github.com/SeldonIO/seldon-core/blob/gh-pages/jenkins-x/logs/SeldonIO/seldon-core/PR-2775/4.log

impatient try  
** get build logs SeldonIO/seldon-core/PR-2775 --build=4'
+ ** step pr comment --owner=SeldonIO --repository=seldon-core --pull-request=2775 '--comment=Thu Dec 17 16:31:07 UTC 2020
The logs for [integration] [4] will show after the pipeline context has finished.  
https://github.com/SeldonIO/seldon-core/blob/gh-pages/jenkins-x/logs/SeldonIO/seldon-core/PR-2775/4.log

impatient try  
** get build logs SeldonIO/seldon-core/PR-2775 --build=4'

Showing logs for build [32mseldonio-seldon-core-pr-2775-in-l2vkz-4[0m stage [32mpr-build-comment[0m and container [32mstep-source-mkdir-seldonio-seldon-core-pr-2775-in-l2vkz-rrb9h[0m
{"level":"info","ts":1608222672.425508,"logger":"fallback-logger","caller":"logging/config.go:69","msg":"Fetch GitHub commit ID from kodata failed: open /var/run/ko/HEAD: no such file or directory"}
{"level":"info","ts":1608222672.429507,"logger":"fallback-logger","caller":"bash/main.go:64","msg":"Successfully executed command \"sh -c mkdir -p /pvc/pr-build-comment/workspace\"; output "}

Showing logs for build [32mseldonio-seldon-core-pr-2775-in-l2vkz-4[0m stage [32mpr-build-comment[0m and container [32mstep-source-copy-seldonio-seldon-core-pr-2775-in-l2vkz-kb98v[0m
{"level":"info","ts":1608222672.7456613,"logger":"fallback-logger","caller":"logging/config.go:69","msg":"Fetch GitHub commit ID from kodata failed: open /var/run/ko/HEAD: no such file or directory"}
{"level":"info","ts":1608222673.264726,"logger":"fallback-logger","caller":"bash/main.go:64","msg":"Successfully executed command \"sh -c cp -r source/. /pvc/pr-build-comment/workspace\"; output "}

Showing logs for build [32mseldonio-seldon-core-pr-2775-in-l2vkz-4[0m stage [32mend-to-end[0m and container [32mstep-credential-initializer-jwccb[0m
{"level":"info","ts":1608222676.0881846,"logger":"fallback-logger","caller":"logging/config.go:69","msg":"Fetch GitHub commit ID from kodata failed: open /var/run/ko/refs/heads/0.8.0-ns-support: no such file or directory"}
{"level":"info","ts":1608222676.0886972,"logger":"fallback-logger","caller":"creds-init/main.go:40","msg":"Credentials initialized."}

Showing logs for build [32mseldonio-seldon-core-pr-2775-in-l2vkz-4[0m stage [32mend-to-end[0m and container [32mstep-working-dir-initializer-jdcpd[0m
{"level":"info","ts":1608222677.3828547,"logger":"fallback-logger","caller":"logging/config.go:69","msg":"Fetch GitHub commit ID from kodata failed: open /var/run/ko/HEAD: no such file or directory"}
{"level":"info","ts":1608222677.384636,"logger":"fallback-logger","caller":"bash/main.go:64","msg":"Successfully executed command \"sh -c mkdir -p /workspace/source\"; output "}

Showing logs for build [32mseldonio-seldon-core-pr-2775-in-l2vkz-4[0m stage [32mend-to-end[0m and container [32mstep-place-tools[0m

Showing logs for build [32mseldonio-seldon-core-pr-2775-in-l2vkz-4[0m stage [32mend-to-end[0m and container [32mstep-create-dir-workspace-dmtht[0m
{"level":"info","ts":1608222685.5189123,"logger":"fallback-logger","caller":"logging/config.go:69","msg":"Fetch GitHub commit ID from kodata failed: open /var/run/ko/HEAD: no such file or directory"}
{"level":"info","ts":1608222685.520299,"logger":"fallback-logger","caller":"bash/main.go:64","msg":"Successfully executed command \"sh -c mkdir -p /workspace/source\"; output "}

Showing logs for build [32mseldonio-seldon-core-pr-2775-in-l2vkz-4[0m stage [32mend-to-end[0m and container [32mstep-source-copy-workspace-js79z[0m
{"level":"info","ts":1608222685.9036758,"logger":"fallback-logger","caller":"logging/config.go:69","msg":"Fetch GitHub commit ID from kodata failed: open /var/run/ko/HEAD: no such file or directory"}
{"level":"info","ts":1608222686.4639902,"logger":"fallback-logger","caller":"bash/main.go:64","msg":"Successfully executed command \"sh -c cp -r /pvc/pr-build-comment/workspace/. /workspace/source\"; output "}

Showing logs for build [32mseldonio-seldon-core-pr-2775-in-l2vkz-4[0m stage [32mend-to-end[0m and container [32mstep-setup-builder-home[0m

Showing logs for build [32mseldonio-seldon-core-pr-2775-in-l2vkz-4[0m stage [32mend-to-end[0m and container [32mstep-test-end-to-end[0m
Test run type is: [base]
Starting Docker: docker.
[SETUP] Waiting for Docker to be ready, sleeping for 1 seconds ...
kind create cluster --config ../resources/kind_config.yaml
Creating cluster "kind" ...
 ‚Ä¢ Ensuring node image (kindest/node:v1.16.3) üñº  ...
 ‚úì Ensuring node image (kindest/node:v1.16.3) üñº
 ‚Ä¢ Preparing nodes üì¶  ...
 ‚úì Preparing nodes üì¶
 ‚Ä¢ Writing configuration üìú  ...
 ‚úì Writing configuration üìú
 ‚Ä¢ Starting control-plane üïπÔ∏è  ...
 ‚úì Starting control-plane üïπÔ∏è
 ‚Ä¢ Installing CNI üîå  ...
 ‚úì Installing CNI üîå
 ‚Ä¢ Installing StorageClass üíæ  ...
 ‚úì Installing StorageClass üíæ
 ‚Ä¢ Joining worker nodes üöú  ...
 ‚úì Joining worker nodes üöú
Set kubectl context to "kind-kind"
You can now use your cluster with:

kubectl cluster-info --context kind-kind

Have a nice day! üëã
`kind get kubeconfig-path` is deprecated!

KIND will export and merge kubeconfig like kops, minikube, etc.
This command is now unnecessary and will be removed in a future release.

For more info see: https://github.com/kubernetes-sigs/kind/issues/1060
See also the output of `kind create cluster`

Files changed in python folder:
SKIPPING PYTHON IMAGE BUILD...
Files changed in operator folder:
operator/go.mod
operator/go.sum
cd ../../operator && make kind-image-install
make[1]: Entering directory '/workspace/source/operator'
go: creating new go.mod: module tmp
go: downloading sigs.k8s.io/controller-tools v0.2.9
go: found sigs.k8s.io/controller-tools/cmd/controller-gen in sigs.k8s.io/controller-tools v0.2.9
go: downloading gopkg.in/yaml.v3 v3.0.0-20190905181640-827449938966
go: downloading github.com/fatih/color v1.7.0
go: downloading k8s.io/apimachinery v0.17.0
go: downloading github.com/gobuffalo/flect v0.2.0
go: downloading k8s.io/apiextensions-apiserver v0.17.0
go: downloading sigs.k8s.io/yaml v1.1.0
go: downloading golang.org/x/tools v0.0.0-20190920225731-5eefd052ad72
go: downloading github.com/mattn/go-colorable v0.1.2
go: downloading github.com/mattn/go-isatty v0.0.8
go: downloading github.com/spf13/cobra v0.0.5
go: downloading k8s.io/api v0.17.0
go: downloading golang.org/x/sys v0.0.0-20190826190057-c7b8b68b1456
go: downloading gopkg.in/yaml.v2 v2.2.4
go: downloading github.com/google/gofuzz v1.0.0
go: downloading gopkg.in/inf.v0 v0.9.1
go: downloading k8s.io/klog v1.0.0
go: downloading github.com/spf13/pflag v1.0.5
go: downloading k8s.io/utils v0.0.0-20191114184206-e782cd3c129f
go: downloading github.com/gogo/protobuf v1.2.2-0.20190723190241-65acae22fc9d
go: downloading golang.org/x/net v0.0.0-20191004110552-13f9640d40b9
go: downloading github.com/inconshreveable/mousetrap v1.0.0
go: downloading golang.org/x/text v0.3.2
/builder/home/go/bin/controller-gen object:headerFile=./hack/boilerplate.go.txt paths="./..."
Error: go [list -e -json -compiled=true -test=false -export=false -deps=true -find=false -tags ignore_autogenerated -- ./...]: exit status 1: go: downloading k8s.io/apimachinery v0.19.2
go: downloading github.com/go-logr/logr v0.3.0
go: downloading k8s.io/client-go v0.18.8
go: downloading github.com/ghodss/yaml v1.0.0
go: downloading sigs.k8s.io/controller-runtime v0.7.0
go: downloading istio.io/client-go v0.0.0-20200513180646-f8d9d8ff84e6
go: finding module for package sigs.k8s.io/controller-runtime/pkg/runtime/log
go: downloading github.com/go-logr/zapr v0.2.0
go: downloading k8s.io/apiextensions-apiserver v0.19.2
go: downloading istio.io/api v0.0.0-20200513175333-ae3da0d240e3
go: downloading k8s.io/api v0.19.2
go: downloading github.com/kedacore/keda v0.0.0-20200911122749-717aab81817f
go: downloading go.uber.org/zap v1.15.0
go: downloading github.com/gogo/protobuf v1.3.1
go: downloading golang.org/x/oauth2 v0.0.0-20200107190931-bf48bf16ab8d
go: downloading knative.dev/pkg v0.0.0-20200911145400-2d4efecc6bc1
go: downloading go.uber.org/atomic v1.6.0
go: downloading github.com/evanphx/json-patch v4.9.0+incompatible
go: downloading istio.io/gogo-genproto v0.0.0-20190930162913-45029607206a
go: downloading github.com/golang/protobuf v1.4.2
go: finding module for package k8s.io/api/auditregistration/v1alpha1
go: downloading k8s.io/api v0.20.0
go: downloading github.com/googleapis/gnostic v0.5.1
go: downloading github.com/prometheus/client_golang v1.7.1
go: downloading golang.org/x/net v0.0.0-20200822124328-c89045814202
go: downloading gomodules.xyz/jsonpatch/v2 v2.1.0
go: downloading k8s.io/kube-openapi v0.0.0-20200805222855-6aeccd4b50c6
go: downloading sigs.k8s.io/yaml v1.2.0
go: downloading google.golang.org/protobuf v1.25.0
go: downloading cloud.google.com/go v0.62.0
go: downloading github.com/pkg/errors v0.9.1
go: downloading k8s.io/utils v0.0.0-20200912215256-4140de9c8800
go: downloading github.com/prometheus/procfs v0.1.3
go: finding module for package github.com/googleapis/gnostic/OpenAPIv2
go: downloading golang.org/x/time v0.0.0-20200630173020-3af7569d3a1e
go: downloading github.com/google/gofuzz v1.1.0
go: downloading sigs.k8s.io/structured-merge-diff v1.0.1
go: downloading github.com/prometheus/common v0.10.0
go: downloading github.com/googleapis/gnostic v0.5.3
go: downloading github.com/golang/groupcache v0.0.0-20200121045136-8c9f03a8e57e
go: downloading golang.org/x/text v0.3.3
go: downloading k8s.io/component-base v0.19.2
go: downloading github.com/beorn7/perks v1.0.1
verifying github.com/googleapis/gnostic@v0.5.3: checksum mismatch
	downloaded: h1:2qsuRm+bzgwSIKikigPASa2GhW8H2Dn4Qq7UxD8K/48=
	go.sum:     h1:FP6YXyar5+eeXU8lBWDHJMZLHinornnILMJYBLgqKXk=

SECURITY ERROR
This download does NOT match an earlier download recorded in go.sum.
The bits may have been replaced on the origin server, or an attacker may
have intercepted the download attempt.

For more information, see 'go help module-auth'.

Usage:
  controller-gen [flags]

Examples:
	# Generate RBAC manifests and crds for all types under apis/,
	# outputting crds to /tmp/crds and everything else to stdout
	controller-gen rbac:roleName=<role name> crd paths=./apis/... output:crd:dir=/tmp/crds output:stdout

	# Generate deepcopy/runtime.Object implementations for a particular file
	controller-gen object paths=./apis/v1beta1/some_types.go

	# Generate OpenAPI v3 schemas for API packages and merge them into existing CRD manifests
	controller-gen schemapatch:manifests=./manifests output:dir=./manifests paths=./pkg/apis/... 

	# Run all the generators for a given project
	controller-gen paths=./apis/...

	# Explain the markers for generating CRDs, and their arguments
	controller-gen crd -ww


Flags:
  -h, --detailed-help count   print out more detailed help
                              (up to -hhh for the most detailed output, or -hhhh for json output)
      --help                  print out usage and a summary of options
      --version               show version
  -w, --which-markers count   print out all markers available with the requested generators
                              (up to -www for the most detailed output, or -wwww for json output)


Options


generators

+webhook                                                                                                  package  generates (partial) {Mutating,Validating}WebhookConfiguration objects.                        
+schemapatch:manifests=<string>[,maxDescLen=<int>]                                                        package  patches existing CRDs with new schemata.                                                      
+rbac:roleName=<string>                                                                                   package  generates ClusterRole objects.                                                                
+object[:headerFile=<string>][,year=<string>]                                                             package  generates code containing DeepCopy, DeepCopyInto, and DeepCopyObject method implementations.  
+crd[:crdVersions=<[]string>][,maxDescLen=<int>][,preserveUnknownFields=<bool>][,trivialVersions=<bool>]  package  generates CustomResourceDefinition objects.                                                   


generic

+paths=<[]string>  package  represents paths and go-style path patterns to use as package roots.  


output rules (optionally as output:<generator>:...)

+output:artifacts[:code=<string>],config=<string>  package  outputs artifacts to different locations, depending on whether they're package-associated or not.   
+output:dir=<string>                               package  outputs each artifact to the given directory, regardless of if it's package-associated or not.      
+output:none                                       package  skips outputting anything.                                                                          
+output:stdout                                     package  outputs everything to standard-out, with no separation.                                             

run `controller-gen object:headerFile=./hack/boilerplate.go.txt paths=./... -w` to see all available markers, or `controller-gen object:headerFile=./hack/boilerplate.go.txt paths=./... -h` for usage
make[1]: Leaving directory '/workspace/source/operator'
make[1]: *** [Makefile:144: generate] Error 1
make: *** [Makefile:22: kind_build_operator] Error 2
Operator build returned errors
kind delete cluster
Deleting cluster "kind" ...
Stopping Docker: dockerProgram process in pidfile '/var/run/docker-ssd.pid', 1 process(es), refused to die.
[31m
Pipeline failed on stage 'end-to-end' : container 'step-test-end-to-end'. The execution of the pipeline has stopped.[0m
