
Showing logs for build [32mseldonio-seldon-core-pr-2172-pr-558cn-3[0m stage [32mpr-build-comment[0m and container [32mstep-credential-initializer-fhg5v[0m
{"level":"info","ts":1595273450.212853,"logger":"fallback-logger","caller":"logging/config.go:69","msg":"Fetch GitHub commit ID from kodata failed: open /var/run/ko/refs/heads/0.8.0-ns-support: no such file or directory"}
{"level":"info","ts":1595273450.2133431,"logger":"fallback-logger","caller":"creds-init/main.go:40","msg":"Credentials initialized."}

Showing logs for build [32mseldonio-seldon-core-pr-2172-pr-558cn-3[0m stage [32mpr-build-comment[0m and container [32mstep-working-dir-initializer-l7b8b[0m
{"level":"info","ts":1595273451.3270988,"logger":"fallback-logger","caller":"logging/config.go:69","msg":"Fetch GitHub commit ID from kodata failed: open /var/run/ko/HEAD: no such file or directory"}
{"level":"info","ts":1595273451.3287442,"logger":"fallback-logger","caller":"bash/main.go:64","msg":"Successfully executed command \"sh -c mkdir -p /workspace/source\"; output "}

Showing logs for build [32mseldonio-seldon-core-pr-2172-pr-558cn-3[0m stage [32mpr-build-comment[0m and container [32mstep-place-tools[0m

Showing logs for build [32mseldonio-seldon-core-pr-2172-pr-558cn-3[0m stage [32mpr-build-comment[0m and container [32mstep-create-dir-workspace-pn969[0m
{"level":"info","ts":1595273461.9684846,"logger":"fallback-logger","caller":"logging/config.go:69","msg":"Fetch GitHub commit ID from kodata failed: open /var/run/ko/HEAD: no such file or directory"}
{"level":"info","ts":1595273461.9704013,"logger":"fallback-logger","caller":"bash/main.go:64","msg":"Successfully executed command \"sh -c mkdir -p source\"; output "}

Showing logs for build [32mseldonio-seldon-core-pr-2172-pr-558cn-3[0m stage [32mpr-build-comment[0m and container [32mstep-git-source-seldonio-seldon-core-pr-2172-pr-558cn-5slfh[0m
{"level":"info","ts":1595273462.3381836,"logger":"fallback-logger","caller":"logging/config.go:69","msg":"Fetch GitHub commit ID from kodata failed: open /var/run/ko/refs/heads/0.8.0-ns-support: no such file or directory"}
{"level":"info","ts":1595273468.5701318,"logger":"fallback-logger","caller":"git/git.go:103","msg":"Successfully cloned https://github.com/SeldonIO/seldon-core.git @ master in path /workspace/source"}

Showing logs for build [32mseldonio-seldon-core-pr-2172-pr-558cn-3[0m stage [32mpr-build-comment[0m and container [32mstep-setup-builder-home[0m

Showing logs for build [32mseldonio-seldon-core-pr-2172-pr-558cn-3[0m stage [32mpr-build-comment[0m and container [32mstep-git-merge[0m
Using SHAs from PULL_REFS=master:6e9780f8b2842ef67cf3e798fb14d926a54f131c,2172:65d487f2255655741018a3ff04ac08671012abcf
DEBUG: LC_ALL=C JX_LOG_LEVEL=error git fetch origin --unshallow 65d487f2255655741018a3ff04ac08671012abcf: 6e9780f8b2842ef67cf3e798fb14d926a54f131c:
DEBUG: ran git fetch --unshallow origin 65d487f2255655741018a3ff04ac08671012abcf: 6e9780f8b2842ef67cf3e798fb14d926a54f131c: in 
DEBUG: LC_ALL=C JX_LOG_LEVEL=error git branch
DEBUG: LC_ALL=C JX_LOG_LEVEL=error git checkout master
DEBUG: ran git checkout master in 
DEBUG: JX_LOG_LEVEL=error LC_ALL=C git reset --hard 6e9780f8b2842ef67cf3e798fb14d926a54f131c
DEBUG: ran git reset --hard 6e9780f8b2842ef67cf3e798fb14d926a54f131c in 
DEBUG: LC_ALL=C JX_LOG_LEVEL=error git clean -fd .
DEBUG: ran clean --force -d . in 
DEBUG: LC_ALL=C JX_LOG_LEVEL=error git merge 65d487f2255655741018a3ff04ac08671012abcf
DEBUG: ran git merge 65d487f2255655741018a3ff04ac08671012abcf in 
DEBUG: LC_ALL=C JX_LOG_LEVEL=error git log --format=%H%x1f%an%x1f%ae%x1f%cn%x1f%ce%x1f%s%n%b%x1e 6e9780f8b2842ef67cf3e798fb14d926a54f131c..HEAD
Merged SHA 65d487f2255655741018a3ff04ac08671012abcf with commit message 'Routing disclaimer in executor' into base branch master

Showing logs for build [32mseldonio-seldon-core-pr-2172-pr-558cn-3[0m stage [32mpr-build-comment[0m and container [32mstep-step2[0m
+++ dirname ./add-pr-build-comment
++ cd .
++ pwd
+ STARTUP_DIR=/workspace/source/ci
+ REPO_OWNER=SeldonIO
+ REPO_NAME=seldon-core
+ PULL_NUMBER=2172
+ BUILD_NUMBER=3
+ PIPELINE_CONTEXT=pr-build
++ cat
+ COMMENT_MSG='## STARTING TEST [ pr-build # 3 ]

Logs will be available when test completes in the following link:
https://github.com/SeldonIO/seldon-core/blob/gh-pages/jenkins-x/logs/SeldonIO/seldon-core/PR-2172/3.log

Impatient try:
** get build logs SeldonIO/seldon-core/PR-2172 --build=3'
+ ** step pr comment --owner=SeldonIO --repository=seldon-core --pull-request=2172 '--comment=## STARTING TEST [ pr-build # 3 ]

Logs will be available when test completes in the following link:
https://github.com/SeldonIO/seldon-core/blob/gh-pages/jenkins-x/logs/SeldonIO/seldon-core/PR-2172/3.log

Impatient try:
** get build logs SeldonIO/seldon-core/PR-2172 --build=3'

Showing logs for build [32mseldonio-seldon-core-pr-2172-pr-558cn-3[0m stage [32mpr-build-comment[0m and container [32mstep-source-mkdir-seldonio-seldon-core-pr-2172-pr-558cn-6m7wt[0m
{"level":"info","ts":1595273480.4286225,"logger":"fallback-logger","caller":"logging/config.go:69","msg":"Fetch GitHub commit ID from kodata failed: open /var/run/ko/HEAD: no such file or directory"}
{"level":"info","ts":1595273480.4338098,"logger":"fallback-logger","caller":"bash/main.go:64","msg":"Successfully executed command \"sh -c mkdir -p /pvc/pr-build-comment/workspace\"; output "}

Showing logs for build [32mseldonio-seldon-core-pr-2172-pr-558cn-3[0m stage [32mpr-build-comment[0m and container [32mstep-source-copy-seldonio-seldon-core-pr-2172-pr-558cn-g2zjk[0m
{"level":"info","ts":1595273480.7905576,"logger":"fallback-logger","caller":"logging/config.go:69","msg":"Fetch GitHub commit ID from kodata failed: open /var/run/ko/HEAD: no such file or directory"}
{"level":"info","ts":1595273481.32695,"logger":"fallback-logger","caller":"bash/main.go:64","msg":"Successfully executed command \"sh -c cp -r source/. /pvc/pr-build-comment/workspace\"; output "}

Showing logs for build [32mseldonio-seldon-core-pr-2172-pr-558cn-3[0m stage [32mseldon-python-all[0m and container [32mstep-credential-initializer-zpthf[0m
{"level":"info","ts":1595273521.3964405,"logger":"fallback-logger","caller":"logging/config.go:69","msg":"Fetch GitHub commit ID from kodata failed: open /var/run/ko/refs/heads/0.8.0-ns-support: no such file or directory"}
{"level":"info","ts":1595273521.3971434,"logger":"fallback-logger","caller":"creds-init/main.go:40","msg":"Credentials initialized."}

Showing logs for build [32mseldonio-seldon-core-pr-2172-pr-558cn-3[0m stage [32mseldon-python-all[0m and container [32mstep-working-dir-initializer-4qp25[0m
{"level":"info","ts":1595273523.619505,"logger":"fallback-logger","caller":"logging/config.go:69","msg":"Fetch GitHub commit ID from kodata failed: open /var/run/ko/HEAD: no such file or directory"}
{"level":"info","ts":1595273523.6228135,"logger":"fallback-logger","caller":"bash/main.go:64","msg":"Successfully executed command \"sh -c mkdir -p /workspace/source\"; output "}

Showing logs for build [32mseldonio-seldon-core-pr-2172-pr-558cn-3[0m stage [32mseldon-python-all[0m and container [32mstep-place-tools[0m

Showing logs for build [32mseldonio-seldon-core-pr-2172-pr-558cn-3[0m stage [32mseldon-python-all[0m and container [32mstep-create-dir-workspace-jxht5[0m
{"level":"info","ts":1595273584.1381888,"logger":"fallback-logger","caller":"logging/config.go:69","msg":"Fetch GitHub commit ID from kodata failed: open /var/run/ko/HEAD: no such file or directory"}
{"level":"info","ts":1595273584.1418943,"logger":"fallback-logger","caller":"bash/main.go:64","msg":"Successfully executed command \"sh -c mkdir -p /workspace/source\"; output "}

Showing logs for build [32mseldonio-seldon-core-pr-2172-pr-558cn-3[0m stage [32mseldon-python-all[0m and container [32mstep-source-copy-workspace-kl8vk[0m
{"level":"info","ts":1595273585.1268666,"logger":"fallback-logger","caller":"logging/config.go:69","msg":"Fetch GitHub commit ID from kodata failed: open /var/run/ko/HEAD: no such file or directory"}
{"level":"info","ts":1595273702.3755825,"logger":"fallback-logger","caller":"bash/main.go:64","msg":"Successfully executed command \"sh -c cp -r /pvc/pr-build-comment/workspace/. /workspace/source\"; output "}

Showing logs for build [32mseldonio-seldon-core-pr-2172-pr-558cn-3[0m stage [32mseldon-python-all[0m and container [32mstep-setup-builder-home[0m

Showing logs for build [32mseldonio-seldon-core-pr-2172-pr-558cn-3[0m stage [32mseldon-python-all[0m and container [32mstep-test-python-all[0m
make: Entering directory '/workspace/source/python'
# Protobuf
cp ../proto/prediction.proto seldon_core/proto/
make -C ../proto/tensorflow/ create_protos
make[1]: Entering directory '/workspace/source/proto/tensorflow'
./create-protos.sh
Downloading proto files for master
make[1]: Leaving directory '/workspace/source/proto/tensorflow'
cp -r ../proto/tensorflow/tensorflow \
	seldon_core/proto/
make -C ../proto/tensorflow clean
make[1]: Entering directory '/workspace/source/proto/tensorflow'
removed 'tensorflow/core/framework/resource_handle.proto'
removed 'tensorflow/core/framework/tensor_shape.proto'
removed 'tensorflow/core/framework/tensor.proto'
removed 'tensorflow/core/framework/types.proto'
removed directory 'tensorflow/core/framework'
removed directory 'tensorflow/core'
removed directory 'tensorflow'
make[1]: Leaving directory '/workspace/source/proto/tensorflow'
# OpenAPI
cp ../openapi/wrapper.oas3.json seldon_core/openapi/seldon.json
# Protobuf
cd seldon_core && python \
	-m grpc.tools.protoc \
	-I./ \
	-I./proto/ \
	--python_out=./ \
	--grpc_python_out=./ \
	--mypy_out=./ \
	./proto/prediction.proto
Writing mypy to proto/prediction_pb2.pyi
## We build TF's protobufs as well in case the tensorflow package
## is not found
cd seldon_core/proto && python \
	-m grpc.tools.protoc \
	-I./ \
	-I../ \
	--python_out=./ \
	./tensorflow/core/framework/*.proto
sed -i "s/from tensorflow/from seldon_core.proto.tensorflow/" seldon_core/proto/*.py
sed -i "s/from tensorflow.core.framework/from ./" \
	seldon_core/proto/tensorflow/core/framework/resource_handle_pb2.py seldon_core/proto/tensorflow/core/framework/tensor_pb2.py seldon_core/proto/tensorflow/core/framework/tensor_shape_pb2.py seldon_core/proto/tensorflow/core/framework/types_pb2.py
sed -i "s/from proto/from seldon_core.proto/g" seldon_core/proto/prediction_pb2_grpc.py
sed -i 's/__version__ = .*/__version__ = "1.2.2-dev"/g' seldon_core/version.py
pip install -e . -r requirements-dev.txt
Obtaining file:///workspace/source/python
Requirement already satisfied: Flask<2.0.0 in /usr/local/lib/python3.6/site-packages (from -r requirements.txt (line 1)) (1.1.2)
Requirement already satisfied: jsonschema<4.0.0 in /usr/local/lib/python3.6/site-packages (from -r requirements.txt (line 2)) (3.2.0)
Requirement already satisfied: Flask-cors<4.0.0 in /usr/local/lib/python3.6/site-packages (from -r requirements.txt (line 3)) (3.0.8)
Requirement already satisfied: redis<4.0.0 in /usr/local/lib/python3.6/site-packages (from -r requirements.txt (line 4)) (3.5.3)
Requirement already satisfied: requests<3.0.0 in /usr/local/lib/python3.6/site-packages (from -r requirements.txt (line 5)) (2.24.0)
Requirement already satisfied: numpy<2.0.0 in /usr/local/lib/python3.6/site-packages (from -r requirements.txt (line 6)) (1.19.0)
Requirement already satisfied: flatbuffers<2.0.0 in /usr/local/lib/python3.6/site-packages (from -r requirements.txt (line 7)) (1.12)
Requirement already satisfied: protobuf<4.0.0 in /usr/local/lib/python3.6/site-packages (from -r requirements.txt (line 8)) (3.12.2)
Requirement already satisfied: grpcio<2.0.0 in /usr/local/lib/python3.6/site-packages (from -r requirements.txt (line 9)) (1.30.0)
Requirement already satisfied: Flask-OpenTracing<1.2.0,>=1.1.0 in /usr/local/lib/python3.6/site-packages (from -r requirements.txt (line 10)) (1.1.0)
Requirement already satisfied: opentracing<2.3.0,>=2.2.0 in /usr/local/lib/python3.6/site-packages (from -r requirements.txt (line 11)) (2.2.0)
Requirement already satisfied: jaeger-client<4.2.0,>=4.1.0 in /usr/local/lib/python3.6/site-packages (from -r requirements.txt (line 12)) (4.1.0)
Requirement already satisfied: grpcio-opentracing<1.2.0,>=1.1.4 in /usr/local/lib/python3.6/site-packages (from -r requirements.txt (line 13)) (1.1.4)
Requirement already satisfied: PyYAML<5.4 in /usr/local/lib/python3.6/site-packages (from -r requirements.txt (line 14)) (5.3.1)
Requirement already satisfied: gunicorn<20.1.0,>=19.9.0 in /usr/local/lib/python3.6/site-packages (from -r requirements.txt (line 15)) (20.0.4)
Requirement already satisfied: minio<6.0.0,>=4.0.9 in /usr/local/lib/python3.6/site-packages (from -r requirements.txt (line 16)) (5.0.10)
Requirement already satisfied: azure-storage-blob<3.0.0,>=2.0.1 in /usr/local/lib/python3.6/site-packages (from -r requirements.txt (line 17)) (2.1.0)
Requirement already satisfied: setuptools>=41.0.0 in /usr/local/lib/python3.6/site-packages (from -r requirements.txt (line 18)) (49.2.0)
Requirement already satisfied: google-cloud-storage>=1.16.0 in /usr/local/lib/python3.6/site-packages (from -r requirements.txt (line 19)) (1.29.0)
Requirement already satisfied: prometheus_client<0.9.0,>=0.7.1 in /usr/local/lib/python3.6/site-packages (from -r requirements.txt (line 20)) (0.8.0)
Requirement already satisfied: black==19.10b0 in /usr/local/lib/python3.6/site-packages (from -r requirements-dev.txt (line 2)) (19.10b0)
Requirement already satisfied: flake8==3.8.1 in /usr/local/lib/python3.6/site-packages (from -r requirements-dev.txt (line 3)) (3.8.1)
Requirement already satisfied: mypy<0.783 in /usr/local/lib/python3.6/site-packages (from -r requirements-dev.txt (line 4)) (0.782)
Requirement already satisfied: Pillow==7.2.0 in /usr/local/lib/python3.6/site-packages (from -r requirements-dev.txt (line 5)) (7.2.0)
Requirement already satisfied: pytest==5.4.2 in /usr/local/lib/python3.6/site-packages (from -r requirements-dev.txt (line 6)) (5.4.2)
Requirement already satisfied: pytest-cov==2.10.0 in /usr/local/lib/python3.6/site-packages (from -r requirements-dev.txt (line 7)) (2.10.0)
Requirement already satisfied: tox<4.0.0 in /usr/local/lib/python3.6/site-packages (from -r requirements-dev.txt (line 8)) (3.17.1)
Requirement already satisfied: grpcio-tools==1.30.0 in /usr/local/lib/python3.6/site-packages (from -r requirements-dev.txt (line 9)) (1.30.0)
Requirement already satisfied: mypy-protobuf==1.22 in /usr/local/lib/python3.6/site-packages (from -r requirements-dev.txt (line 10)) (1.22)
Requirement already satisfied: tenacity==6.2.0 in /usr/local/lib/python3.6/site-packages (from -r requirements-dev.txt (line 13)) (6.2.0)
Requirement already satisfied: coverage==5.2 in /usr/local/lib/python3.6/site-packages (from -r requirements-dev.txt (line 16)) (5.2)
Requirement already satisfied: pandas==1.0.1 in /usr/local/lib/python3.6/site-packages (from -r requirements-dev.txt (line 19)) (1.0.1)
Requirement already satisfied: pip-licenses==2.2.1 in /usr/local/lib/python3.6/site-packages (from -r requirements-dev.txt (line 22)) (2.2.1)
Requirement already satisfied: Werkzeug>=0.15 in /usr/local/lib/python3.6/site-packages (from Flask<2.0.0->-r requirements.txt (line 1)) (1.0.1)
Requirement already satisfied: Jinja2>=2.10.1 in /usr/local/lib/python3.6/site-packages (from Flask<2.0.0->-r requirements.txt (line 1)) (2.11.2)
Requirement already satisfied: itsdangerous>=0.24 in /usr/local/lib/python3.6/site-packages (from Flask<2.0.0->-r requirements.txt (line 1)) (1.1.0)
Requirement already satisfied: click>=5.1 in /usr/local/lib/python3.6/site-packages (from Flask<2.0.0->-r requirements.txt (line 1)) (7.1.2)
Requirement already satisfied: importlib-metadata; python_version < "3.8" in /usr/local/lib/python3.6/site-packages (from jsonschema<4.0.0->-r requirements.txt (line 2)) (1.7.0)
Requirement already satisfied: six>=1.11.0 in /usr/local/lib/python3.6/site-packages (from jsonschema<4.0.0->-r requirements.txt (line 2)) (1.15.0)
Requirement already satisfied: attrs>=17.4.0 in /usr/local/lib/python3.6/site-packages (from jsonschema<4.0.0->-r requirements.txt (line 2)) (19.3.0)
Requirement already satisfied: pyrsistent>=0.14.0 in /usr/local/lib/python3.6/site-packages (from jsonschema<4.0.0->-r requirements.txt (line 2)) (0.16.0)
Requirement already satisfied: idna<3,>=2.5 in /usr/local/lib/python3.6/site-packages (from requests<3.0.0->-r requirements.txt (line 5)) (2.10)
Requirement already satisfied: certifi>=2017.4.17 in /usr/local/lib/python3.6/site-packages (from requests<3.0.0->-r requirements.txt (line 5)) (2020.6.20)
Requirement already satisfied: urllib3!=1.25.0,!=1.25.1,<1.26,>=1.21.1 in /usr/local/lib/python3.6/site-packages (from requests<3.0.0->-r requirements.txt (line 5)) (1.25.9)
Requirement already satisfied: chardet<4,>=3.0.2 in /usr/local/lib/python3.6/site-packages (from requests<3.0.0->-r requirements.txt (line 5)) (3.0.4)
Requirement already satisfied: tornado<6,>=4.3 in /usr/local/lib/python3.6/site-packages (from jaeger-client<4.2.0,>=4.1.0->-r requirements.txt (line 12)) (5.1.1)
Requirement already satisfied: thrift in /usr/local/lib/python3.6/site-packages (from jaeger-client<4.2.0,>=4.1.0->-r requirements.txt (line 12)) (0.13.0)
Requirement already satisfied: threadloop<2,>=1 in /usr/local/lib/python3.6/site-packages (from jaeger-client<4.2.0,>=4.1.0->-r requirements.txt (line 12)) (1.0.2)
Requirement already satisfied: python-dateutil in /usr/local/lib/python3.6/site-packages (from minio<6.0.0,>=4.0.9->-r requirements.txt (line 16)) (2.8.1)
Requirement already satisfied: pytz in /usr/local/lib/python3.6/site-packages (from minio<6.0.0,>=4.0.9->-r requirements.txt (line 16)) (2020.1)
Requirement already satisfied: configparser in /usr/local/lib/python3.6/site-packages (from minio<6.0.0,>=4.0.9->-r requirements.txt (line 16)) (5.0.0)
Requirement already satisfied: azure-storage-common~=2.1 in /usr/local/lib/python3.6/site-packages (from azure-storage-blob<3.0.0,>=2.0.1->-r requirements.txt (line 17)) (2.1.0)
Requirement already satisfied: azure-common>=1.1.5 in /usr/local/lib/python3.6/site-packages (from azure-storage-blob<3.0.0,>=2.0.1->-r requirements.txt (line 17)) (1.1.25)
Requirement already satisfied: google-resumable-media<0.6dev,>=0.5.0 in /usr/local/lib/python3.6/site-packages (from google-cloud-storage>=1.16.0->-r requirements.txt (line 19)) (0.5.1)
Requirement already satisfied: google-cloud-core<2.0dev,>=1.2.0 in /usr/local/lib/python3.6/site-packages (from google-cloud-storage>=1.16.0->-r requirements.txt (line 19)) (1.3.0)
Requirement already satisfied: google-auth<2.0dev,>=1.11.0 in /usr/local/lib/python3.6/site-packages (from google-cloud-storage>=1.16.0->-r requirements.txt (line 19)) (1.19.2)
Requirement already satisfied: typed-ast>=1.4.0 in /usr/local/lib/python3.6/site-packages (from black==19.10b0->-r requirements-dev.txt (line 2)) (1.4.1)
Requirement already satisfied: toml>=0.9.4 in /usr/local/lib/python3.6/site-packages (from black==19.10b0->-r requirements-dev.txt (line 2)) (0.10.1)
Requirement already satisfied: pathspec<1,>=0.6 in /usr/local/lib/python3.6/site-packages (from black==19.10b0->-r requirements-dev.txt (line 2)) (0.8.0)
Requirement already satisfied: appdirs in /usr/local/lib/python3.6/site-packages (from black==19.10b0->-r requirements-dev.txt (line 2)) (1.4.4)
Requirement already satisfied: regex in /usr/local/lib/python3.6/site-packages (from black==19.10b0->-r requirements-dev.txt (line 2)) (2020.7.14)
Requirement already satisfied: mccabe<0.7.0,>=0.6.0 in /usr/local/lib/python3.6/site-packages (from flake8==3.8.1->-r requirements-dev.txt (line 3)) (0.6.1)
Requirement already satisfied: pycodestyle<2.7.0,>=2.6.0a1 in /usr/local/lib/python3.6/site-packages (from flake8==3.8.1->-r requirements-dev.txt (line 3)) (2.6.0)
Requirement already satisfied: pyflakes<2.3.0,>=2.2.0 in /usr/local/lib/python3.6/site-packages (from flake8==3.8.1->-r requirements-dev.txt (line 3)) (2.2.0)
Requirement already satisfied: typing-extensions>=3.7.4 in /usr/local/lib/python3.6/site-packages (from mypy<0.783->-r requirements-dev.txt (line 4)) (3.7.4.2)
Requirement already satisfied: mypy-extensions<0.5.0,>=0.4.3 in /usr/local/lib/python3.6/site-packages (from mypy<0.783->-r requirements-dev.txt (line 4)) (0.4.3)
Requirement already satisfied: py>=1.5.0 in /usr/local/lib/python3.6/site-packages (from pytest==5.4.2->-r requirements-dev.txt (line 6)) (1.9.0)
Requirement already satisfied: wcwidth in /usr/local/lib/python3.6/site-packages (from pytest==5.4.2->-r requirements-dev.txt (line 6)) (0.2.5)
Requirement already satisfied: more-itertools>=4.0.0 in /usr/local/lib/python3.6/site-packages (from pytest==5.4.2->-r requirements-dev.txt (line 6)) (8.4.0)
Requirement already satisfied: pluggy<1.0,>=0.12 in /usr/local/lib/python3.6/site-packages (from pytest==5.4.2->-r requirements-dev.txt (line 6)) (0.13.1)
Requirement already satisfied: packaging in /usr/local/lib/python3.6/site-packages (from pytest==5.4.2->-r requirements-dev.txt (line 6)) (20.4)
Requirement already satisfied: virtualenv!=20.0.0,!=20.0.1,!=20.0.2,!=20.0.3,!=20.0.4,!=20.0.5,!=20.0.6,!=20.0.7,>=16.0.0 in /usr/local/lib/python3.6/site-packages (from tox<4.0.0->-r requirements-dev.txt (line 8)) (20.0.27)
Requirement already satisfied: filelock>=3.0.0 in /usr/local/lib/python3.6/site-packages (from tox<4.0.0->-r requirements-dev.txt (line 8)) (3.0.12)
Requirement already satisfied: PTable in /usr/local/lib/python3.6/site-packages (from pip-licenses==2.2.1->-r requirements-dev.txt (line 22)) (0.9.2)
Requirement already satisfied: MarkupSafe>=0.23 in /usr/local/lib/python3.6/site-packages (from Jinja2>=2.10.1->Flask<2.0.0->-r requirements.txt (line 1)) (1.1.1)
Requirement already satisfied: zipp>=0.5 in /usr/local/lib/python3.6/site-packages (from importlib-metadata; python_version < "3.8"->jsonschema<4.0.0->-r requirements.txt (line 2)) (3.1.0)
Requirement already satisfied: cryptography in /usr/local/lib/python3.6/site-packages (from azure-storage-common~=2.1->azure-storage-blob<3.0.0,>=2.0.1->-r requirements.txt (line 17)) (2.9.2)
Requirement already satisfied: google-api-core<2.0.0dev,>=1.16.0 in /usr/local/lib/python3.6/site-packages (from google-cloud-core<2.0dev,>=1.2.0->google-cloud-storage>=1.16.0->-r requirements.txt (line 19)) (1.21.0)
Requirement already satisfied: rsa<5,>=3.1.4; python_version >= "3" in /usr/local/lib/python3.6/site-packages (from google-auth<2.0dev,>=1.11.0->google-cloud-storage>=1.16.0->-r requirements.txt (line 19)) (4.6)
Requirement already satisfied: cachetools<5.0,>=2.0.0 in /usr/local/lib/python3.6/site-packages (from google-auth<2.0dev,>=1.11.0->google-cloud-storage>=1.16.0->-r requirements.txt (line 19)) (4.1.1)
Requirement already satisfied: pyasn1-modules>=0.2.1 in /usr/local/lib/python3.6/site-packages (from google-auth<2.0dev,>=1.11.0->google-cloud-storage>=1.16.0->-r requirements.txt (line 19)) (0.2.8)
Requirement already satisfied: pyparsing>=2.0.2 in /usr/local/lib/python3.6/site-packages (from packaging->pytest==5.4.2->-r requirements-dev.txt (line 6)) (2.4.7)
Requirement already satisfied: importlib-resources>=1.0; python_version < "3.7" in /usr/local/lib/python3.6/site-packages (from virtualenv!=20.0.0,!=20.0.1,!=20.0.2,!=20.0.3,!=20.0.4,!=20.0.5,!=20.0.6,!=20.0.7,>=16.0.0->tox<4.0.0->-r requirements-dev.txt (line 8)) (3.0.0)
Requirement already satisfied: distlib<1,>=0.3.1 in /usr/local/lib/python3.6/site-packages (from virtualenv!=20.0.0,!=20.0.1,!=20.0.2,!=20.0.3,!=20.0.4,!=20.0.5,!=20.0.6,!=20.0.7,>=16.0.0->tox<4.0.0->-r requirements-dev.txt (line 8)) (0.3.1)
Requirement already satisfied: cffi!=1.11.3,>=1.8 in /usr/local/lib/python3.6/site-packages (from cryptography->azure-storage-common~=2.1->azure-storage-blob<3.0.0,>=2.0.1->-r requirements.txt (line 17)) (1.14.0)
Requirement already satisfied: googleapis-common-protos<2.0dev,>=1.6.0 in /usr/local/lib/python3.6/site-packages (from google-api-core<2.0.0dev,>=1.16.0->google-cloud-core<2.0dev,>=1.2.0->google-cloud-storage>=1.16.0->-r requirements.txt (line 19)) (1.52.0)
Requirement already satisfied: pyasn1>=0.1.3 in /usr/local/lib/python3.6/site-packages (from rsa<5,>=3.1.4; python_version >= "3"->google-auth<2.0dev,>=1.11.0->google-cloud-storage>=1.16.0->-r requirements.txt (line 19)) (0.4.8)
Requirement already satisfied: pycparser in /usr/local/lib/python3.6/site-packages (from cffi!=1.11.3,>=1.8->cryptography->azure-storage-common~=2.1->azure-storage-blob<3.0.0,>=2.0.1->-r requirements.txt (line 17)) (2.20)
Installing collected packages: seldon-core
  Running setup.py develop for seldon-core
Successfully installed seldon-core
tox -e all
GLOB sdist-make: /workspace/source/python/setup.py
all create: /workspace/source/python/.tox/all
all installdeps: tenacity, pytest, pytest-cov, Pillow
all inst: /workspace/source/python/.tox/.tmp/package/1/seldon-core-1.2.2.dev0.zip
all installed: absl-py==0.9.0,astunparse==1.6.3,attrs==19.3.0,azure-common==1.1.25,azure-storage-blob==2.1.0,azure-storage-common==2.1.0,cachetools==4.1.1,certifi==2020.6.20,cffi==1.14.0,chardet==3.0.4,click==7.1.2,configparser==5.0.0,coverage==5.2,cryptography==2.9.2,Flask==1.1.2,Flask-Cors==3.0.8,Flask-OpenTracing==1.1.0,flatbuffers==1.12,gast==0.3.3,google-api-core==1.21.0,google-auth==1.19.2,google-auth-oauthlib==0.4.1,google-cloud-core==1.3.0,google-cloud-storage==1.29.0,google-pasta==0.2.0,google-resumable-media==0.5.1,googleapis-common-protos==1.52.0,grpcio==1.30.0,grpcio-opentracing==1.1.4,gunicorn==20.0.4,h5py==2.10.0,idna==2.10,importlib-metadata==1.7.0,itsdangerous==1.1.0,jaeger-client==4.1.0,Jinja2==2.11.2,jsonschema==3.2.0,Keras-Preprocessing==1.1.2,Markdown==3.2.2,MarkupSafe==1.1.1,minio==5.0.10,more-itertools==8.4.0,numpy==1.19.0,oauthlib==3.1.0,opentracing==2.2.0,opt-einsum==3.3.0,packaging==20.4,Pillow==7.2.0,pluggy==0.13.1,prometheus-client==0.8.0,protobuf==3.12.2,py==1.9.0,pyasn1==0.4.8,pyasn1-modules==0.2.8,pycparser==2.20,pyparsing==2.4.7,pyrsistent==0.16.0,pytest==5.4.3,pytest-cov==2.10.0,python-dateutil==2.8.1,pytz==2020.1,PyYAML==5.3.1,redis==3.5.3,requests==2.24.0,requests-oauthlib==1.3.0,rsa==4.6,scipy==1.4.1,seldon-core @ file:///workspace/source/python/.tox/.tmp/package/1/seldon-core-1.2.2.dev0.zip,six==1.15.0,tenacity==6.2.0,tensorboard==2.2.2,tensorboard-plugin-wit==1.7.0,tensorflow==2.2.0,tensorflow-estimator==2.2.0,termcolor==1.1.0,threadloop==1.0.2,thrift==0.13.0,tornado==5.1.1,urllib3==1.25.9,wcwidth==0.2.5,Werkzeug==1.0.1,wrapt==1.12.1,zipp==3.1.0
all run-test-pre: PYTHONHASHSEED='2286947335'
all run-test: commands[0] | pytest
============================= test session starts ==============================
platform linux -- Python 3.6.10, pytest-5.4.3, py-1.9.0, pluggy-0.13.1
cachedir: .tox/all/.pytest_cache
rootdir: /workspace/source/python, inifile: setup.cfg
plugins: cov-2.10.0
collected 369 items

tests/test_api_tester.py ..                                              [  0%]
tests/test_application_exception_microservice.py ..                      [  1%]
tests/test_azure_storage.py ......                                       [  2%]
tests/test_combiner_microservice.py .....................                [  8%]
tests/test_metadata.py ................................................. [ 21%]
...                                                                      [ 22%]
tests/test_metrics.py .................................................. [ 36%]
.................                                                        [ 40%]
tests/test_microservice.py .............                                 [ 44%]
tests/test_microservice_tester.py .....                                  [ 45%]
tests/test_model_microservice.py ....................................... [ 56%]
........                                                                 [ 58%]
tests/test_router_microservice.py .................                      [ 62%]
tests/test_s3_storage.py ...                                             [ 63%]
tests/test_seldon_client.py ..................................           [ 72%]
tests/test_storage.py ........                                           [ 75%]
tests/test_transformer_microservice.py ................................. [ 84%]
........                                                                 [ 86%]
tests/test_user_model.py ....                                            [ 87%]
tests/test_utils.py ...............................................      [100%]

---------- coverage: platform linux, python 3.6.10-final-0 -----------
Name                                                                                           Stmts   Miss  Cover
------------------------------------------------------------------------------------------------------------------
.tox/all/lib/python3.6/site-packages/seldon_core/__init__.py                                       2      0   100%
.tox/all/lib/python3.6/site-packages/seldon_core/api_tester.py                                    81     81     0%
.tox/all/lib/python3.6/site-packages/seldon_core/app.py                                           36      3    92%
.tox/all/lib/python3.6/site-packages/seldon_core/batch_processor.py                               94     94     0%
.tox/all/lib/python3.6/site-packages/seldon_core/flask_utils.py                                   44     24    45%
.tox/all/lib/python3.6/site-packages/seldon_core/imports_helper.py                                19      8    58%
.tox/all/lib/python3.6/site-packages/seldon_core/metadata.py                                      32      3    91%
.tox/all/lib/python3.6/site-packages/seldon_core/metrics.py                                      117     71    39%
.tox/all/lib/python3.6/site-packages/seldon_core/microservice.py                                 199     65    67%
.tox/all/lib/python3.6/site-packages/seldon_core/microservice_tester.py                          140    140     0%
.tox/all/lib/python3.6/site-packages/seldon_core/persistence.py                                   45     23    49%
.tox/all/lib/python3.6/site-packages/seldon_core/proto/__init__.py                                 0      0   100%
.tox/all/lib/python3.6/site-packages/seldon_core/proto/prediction_pb2.py                         158      0   100%
.tox/all/lib/python3.6/site-packages/seldon_core/proto/prediction_pb2_grpc.py                    196    106    46%
.tox/all/lib/python3.6/site-packages/seldon_core/proto/tensorflow/core/framework/__init__.py       3      0   100%
.tox/all/lib/python3.6/site-packages/seldon_core/seldon_client.py                                599    599     0%
.tox/all/lib/python3.6/site-packages/seldon_core/seldon_methods.py                               239    190    21%
.tox/all/lib/python3.6/site-packages/seldon_core/serving_test_gen.py                              40     40     0%
.tox/all/lib/python3.6/site-packages/seldon_core/storage.py                                      154    124    19%
.tox/all/lib/python3.6/site-packages/seldon_core/user_model.py                                   162     92    43%
.tox/all/lib/python3.6/site-packages/seldon_core/utils.py                                        282    142    50%
.tox/all/lib/python3.6/site-packages/seldon_core/version.py                                        1      0   100%
.tox/all/lib/python3.6/site-packages/seldon_core/wrapper.py                                      148     75    49%
seldon_core/__init__.py                                                                            2      0   100%
seldon_core/api_tester.py                                                                         81     38    53%
seldon_core/app.py                                                                                36     22    39%
seldon_core/batch_processor.py                                                                    94     94     0%
seldon_core/flask_utils.py                                                                        44      3    93%
seldon_core/imports_helper.py                                                                     19      8    58%
seldon_core/metadata.py                                                                           32      0   100%
seldon_core/metrics.py                                                                           117      1    99%
seldon_core/microservice.py                                                                      199    120    40%
seldon_core/microservice_tester.py                                                               140     43    69%
seldon_core/persistence.py                                                                        45     23    49%
seldon_core/proto/__init__.py                                                                      0      0   100%
seldon_core/proto/prediction_pb2.py                                                              158      0   100%
seldon_core/proto/prediction_pb2_grpc.py                                                         196     82    58%
seldon_core/proto/tensorflow/core/framework/__init__.py                                            3      0   100%
seldon_core/seldon_client.py                                                                     599    284    53%
seldon_core/seldon_methods.py                                                                    239     11    95%
seldon_core/serving_test_gen.py                                                                   40     40     0%
seldon_core/storage.py                                                                           154     28    82%
seldon_core/user_model.py                                                                        162     25    85%
seldon_core/utils.py                                                                             282     31    89%
seldon_core/version.py                                                                             1      0   100%
seldon_core/wrapper.py                                                                           148     11    93%
------------------------------------------------------------------------------------------------------------------
TOTAL                                                                                           5582   2744    51%


======================= 369 passed in 195.96s (0:03:15) ========================
___________________________________ summary ____________________________________
  all: commands succeeded
  congratulations :)
make: Leaving directory '/workspace/source/python'

Showing logs for build [32mseldonio-seldon-core-pr-2172-pr-558cn-3[0m stage [32mseldon-python-gcs[0m and container [32mstep-credential-initializer-bfjjv[0m
{"level":"info","ts":1595273523.608779,"logger":"fallback-logger","caller":"logging/config.go:69","msg":"Fetch GitHub commit ID from kodata failed: open /var/run/ko/refs/heads/0.8.0-ns-support: no such file or directory"}
{"level":"info","ts":1595273523.6095023,"logger":"fallback-logger","caller":"creds-init/main.go:40","msg":"Credentials initialized."}

Showing logs for build [32mseldonio-seldon-core-pr-2172-pr-558cn-3[0m stage [32mseldon-python-gcs[0m and container [32mstep-working-dir-initializer-gzgn6[0m
{"level":"info","ts":1595273525.9728944,"logger":"fallback-logger","caller":"logging/config.go:69","msg":"Fetch GitHub commit ID from kodata failed: open /var/run/ko/HEAD: no such file or directory"}
{"level":"info","ts":1595273525.9754255,"logger":"fallback-logger","caller":"bash/main.go:64","msg":"Successfully executed command \"sh -c mkdir -p /workspace/source\"; output "}

Showing logs for build [32mseldonio-seldon-core-pr-2172-pr-558cn-3[0m stage [32mseldon-python-gcs[0m and container [32mstep-place-tools[0m

Showing logs for build [32mseldonio-seldon-core-pr-2172-pr-558cn-3[0m stage [32mseldon-python-gcs[0m and container [32mstep-create-dir-workspace-tg7t2[0m
{"level":"info","ts":1595273583.1135318,"logger":"fallback-logger","caller":"logging/config.go:69","msg":"Fetch GitHub commit ID from kodata failed: open /var/run/ko/HEAD: no such file or directory"}
{"level":"info","ts":1595273583.1161146,"logger":"fallback-logger","caller":"bash/main.go:64","msg":"Successfully executed command \"sh -c mkdir -p /workspace/source\"; output "}

Showing logs for build [32mseldonio-seldon-core-pr-2172-pr-558cn-3[0m stage [32mseldon-python-gcs[0m and container [32mstep-source-copy-workspace-zqs9n[0m
{"level":"info","ts":1595273583.9945185,"logger":"fallback-logger","caller":"logging/config.go:69","msg":"Fetch GitHub commit ID from kodata failed: open /var/run/ko/HEAD: no such file or directory"}
{"level":"info","ts":1595273702.3747418,"logger":"fallback-logger","caller":"bash/main.go:64","msg":"Successfully executed command \"sh -c cp -r /pvc/pr-build-comment/workspace/. /workspace/source\"; output "}

Showing logs for build [32mseldonio-seldon-core-pr-2172-pr-558cn-3[0m stage [32mseldon-python-gcs[0m and container [32mstep-setup-builder-home[0m

Showing logs for build [32mseldonio-seldon-core-pr-2172-pr-558cn-3[0m stage [32mseldon-python-gcs[0m and container [32mstep-test-python-gcs[0m
make: Entering directory '/workspace/source/python'
# Protobuf
cp ../proto/prediction.proto seldon_core/proto/
make -C ../proto/tensorflow/ create_protos
make[1]: Entering directory '/workspace/source/proto/tensorflow'
./create-protos.sh
Downloading proto files for master
make[1]: Leaving directory '/workspace/source/proto/tensorflow'
cp -r ../proto/tensorflow/tensorflow \
	seldon_core/proto/
make -C ../proto/tensorflow clean
make[1]: Entering directory '/workspace/source/proto/tensorflow'
removed 'tensorflow/core/framework/resource_handle.proto'
removed 'tensorflow/core/framework/tensor_shape.proto'
removed 'tensorflow/core/framework/tensor.proto'
removed 'tensorflow/core/framework/types.proto'
removed directory 'tensorflow/core/framework'
removed directory 'tensorflow/core'
removed directory 'tensorflow'
make[1]: Leaving directory '/workspace/source/proto/tensorflow'
# OpenAPI
cp ../openapi/wrapper.oas3.json seldon_core/openapi/seldon.json
# Protobuf
cd seldon_core && python \
	-m grpc.tools.protoc \
	-I./ \
	-I./proto/ \
	--python_out=./ \
	--grpc_python_out=./ \
	--mypy_out=./ \
	./proto/prediction.proto
Writing mypy to proto/prediction_pb2.pyi
## We build TF's protobufs as well in case the tensorflow package
## is not found
cd seldon_core/proto && python \
	-m grpc.tools.protoc \
	-I./ \
	-I../ \
	--python_out=./ \
	./tensorflow/core/framework/*.proto
sed -i "s/from tensorflow/from seldon_core.proto.tensorflow/" seldon_core/proto/*.py
sed -i "s/from tensorflow.core.framework/from ./" \
	seldon_core/proto/tensorflow/core/framework/resource_handle_pb2.py seldon_core/proto/tensorflow/core/framework/tensor_pb2.py seldon_core/proto/tensorflow/core/framework/tensor_shape_pb2.py seldon_core/proto/tensorflow/core/framework/types_pb2.py
sed -i "s/from proto/from seldon_core.proto/g" seldon_core/proto/prediction_pb2_grpc.py
sed -i 's/__version__ = .*/__version__ = "1.2.2-dev"/g' seldon_core/version.py
pip install -e . -r requirements-dev.txt
Obtaining file:///workspace/source/python
Requirement already satisfied: Flask<2.0.0 in /usr/local/lib/python3.6/site-packages (from -r requirements.txt (line 1)) (1.1.2)
Requirement already satisfied: jsonschema<4.0.0 in /usr/local/lib/python3.6/site-packages (from -r requirements.txt (line 2)) (3.2.0)
Requirement already satisfied: Flask-cors<4.0.0 in /usr/local/lib/python3.6/site-packages (from -r requirements.txt (line 3)) (3.0.8)
Requirement already satisfied: redis<4.0.0 in /usr/local/lib/python3.6/site-packages (from -r requirements.txt (line 4)) (3.5.3)
Requirement already satisfied: requests<3.0.0 in /usr/local/lib/python3.6/site-packages (from -r requirements.txt (line 5)) (2.24.0)
Requirement already satisfied: numpy<2.0.0 in /usr/local/lib/python3.6/site-packages (from -r requirements.txt (line 6)) (1.19.0)
Requirement already satisfied: flatbuffers<2.0.0 in /usr/local/lib/python3.6/site-packages (from -r requirements.txt (line 7)) (1.12)
Requirement already satisfied: protobuf<4.0.0 in /usr/local/lib/python3.6/site-packages (from -r requirements.txt (line 8)) (3.12.2)
Requirement already satisfied: grpcio<2.0.0 in /usr/local/lib/python3.6/site-packages (from -r requirements.txt (line 9)) (1.30.0)
Requirement already satisfied: Flask-OpenTracing<1.2.0,>=1.1.0 in /usr/local/lib/python3.6/site-packages (from -r requirements.txt (line 10)) (1.1.0)
Requirement already satisfied: opentracing<2.3.0,>=2.2.0 in /usr/local/lib/python3.6/site-packages (from -r requirements.txt (line 11)) (2.2.0)
Requirement already satisfied: jaeger-client<4.2.0,>=4.1.0 in /usr/local/lib/python3.6/site-packages (from -r requirements.txt (line 12)) (4.1.0)
Requirement already satisfied: grpcio-opentracing<1.2.0,>=1.1.4 in /usr/local/lib/python3.6/site-packages (from -r requirements.txt (line 13)) (1.1.4)
Requirement already satisfied: PyYAML<5.4 in /usr/local/lib/python3.6/site-packages (from -r requirements.txt (line 14)) (5.3.1)
Requirement already satisfied: gunicorn<20.1.0,>=19.9.0 in /usr/local/lib/python3.6/site-packages (from -r requirements.txt (line 15)) (20.0.4)
Requirement already satisfied: minio<6.0.0,>=4.0.9 in /usr/local/lib/python3.6/site-packages (from -r requirements.txt (line 16)) (5.0.10)
Requirement already satisfied: azure-storage-blob<3.0.0,>=2.0.1 in /usr/local/lib/python3.6/site-packages (from -r requirements.txt (line 17)) (2.1.0)
Requirement already satisfied: setuptools>=41.0.0 in /usr/local/lib/python3.6/site-packages (from -r requirements.txt (line 18)) (49.2.0)
Requirement already satisfied: google-cloud-storage>=1.16.0 in /usr/local/lib/python3.6/site-packages (from -r requirements.txt (line 19)) (1.29.0)
Requirement already satisfied: prometheus_client<0.9.0,>=0.7.1 in /usr/local/lib/python3.6/site-packages (from -r requirements.txt (line 20)) (0.8.0)
Requirement already satisfied: black==19.10b0 in /usr/local/lib/python3.6/site-packages (from -r requirements-dev.txt (line 2)) (19.10b0)
Requirement already satisfied: flake8==3.8.1 in /usr/local/lib/python3.6/site-packages (from -r requirements-dev.txt (line 3)) (3.8.1)
Requirement already satisfied: mypy<0.783 in /usr/local/lib/python3.6/site-packages (from -r requirements-dev.txt (line 4)) (0.782)
Requirement already satisfied: Pillow==7.2.0 in /usr/local/lib/python3.6/site-packages (from -r requirements-dev.txt (line 5)) (7.2.0)
Requirement already satisfied: pytest==5.4.2 in /usr/local/lib/python3.6/site-packages (from -r requirements-dev.txt (line 6)) (5.4.2)
Requirement already satisfied: pytest-cov==2.10.0 in /usr/local/lib/python3.6/site-packages (from -r requirements-dev.txt (line 7)) (2.10.0)
Requirement already satisfied: tox<4.0.0 in /usr/local/lib/python3.6/site-packages (from -r requirements-dev.txt (line 8)) (3.17.1)
Requirement already satisfied: grpcio-tools==1.30.0 in /usr/local/lib/python3.6/site-packages (from -r requirements-dev.txt (line 9)) (1.30.0)
Requirement already satisfied: mypy-protobuf==1.22 in /usr/local/lib/python3.6/site-packages (from -r requirements-dev.txt (line 10)) (1.22)
Requirement already satisfied: tenacity==6.2.0 in /usr/local/lib/python3.6/site-packages (from -r requirements-dev.txt (line 13)) (6.2.0)
Requirement already satisfied: coverage==5.2 in /usr/local/lib/python3.6/site-packages (from -r requirements-dev.txt (line 16)) (5.2)
Requirement already satisfied: pandas==1.0.1 in /usr/local/lib/python3.6/site-packages (from -r requirements-dev.txt (line 19)) (1.0.1)
Requirement already satisfied: pip-licenses==2.2.1 in /usr/local/lib/python3.6/site-packages (from -r requirements-dev.txt (line 22)) (2.2.1)
Requirement already satisfied: Jinja2>=2.10.1 in /usr/local/lib/python3.6/site-packages (from Flask<2.0.0->-r requirements.txt (line 1)) (2.11.2)
Requirement already satisfied: itsdangerous>=0.24 in /usr/local/lib/python3.6/site-packages (from Flask<2.0.0->-r requirements.txt (line 1)) (1.1.0)
Requirement already satisfied: click>=5.1 in /usr/local/lib/python3.6/site-packages (from Flask<2.0.0->-r requirements.txt (line 1)) (7.1.2)
Requirement already satisfied: Werkzeug>=0.15 in /usr/local/lib/python3.6/site-packages (from Flask<2.0.0->-r requirements.txt (line 1)) (1.0.1)
Requirement already satisfied: importlib-metadata; python_version < "3.8" in /usr/local/lib/python3.6/site-packages (from jsonschema<4.0.0->-r requirements.txt (line 2)) (1.7.0)
Requirement already satisfied: six>=1.11.0 in /usr/local/lib/python3.6/site-packages (from jsonschema<4.0.0->-r requirements.txt (line 2)) (1.15.0)
Requirement already satisfied: attrs>=17.4.0 in /usr/local/lib/python3.6/site-packages (from jsonschema<4.0.0->-r requirements.txt (line 2)) (19.3.0)
Requirement already satisfied: pyrsistent>=0.14.0 in /usr/local/lib/python3.6/site-packages (from jsonschema<4.0.0->-r requirements.txt (line 2)) (0.16.0)
Requirement already satisfied: urllib3!=1.25.0,!=1.25.1,<1.26,>=1.21.1 in /usr/local/lib/python3.6/site-packages (from requests<3.0.0->-r requirements.txt (line 5)) (1.25.9)
Requirement already satisfied: certifi>=2017.4.17 in /usr/local/lib/python3.6/site-packages (from requests<3.0.0->-r requirements.txt (line 5)) (2020.6.20)
Requirement already satisfied: chardet<4,>=3.0.2 in /usr/local/lib/python3.6/site-packages (from requests<3.0.0->-r requirements.txt (line 5)) (3.0.4)
Requirement already satisfied: idna<3,>=2.5 in /usr/local/lib/python3.6/site-packages (from requests<3.0.0->-r requirements.txt (line 5)) (2.10)
Requirement already satisfied: thrift in /usr/local/lib/python3.6/site-packages (from jaeger-client<4.2.0,>=4.1.0->-r requirements.txt (line 12)) (0.13.0)
Requirement already satisfied: tornado<6,>=4.3 in /usr/local/lib/python3.6/site-packages (from jaeger-client<4.2.0,>=4.1.0->-r requirements.txt (line 12)) (5.1.1)
Requirement already satisfied: threadloop<2,>=1 in /usr/local/lib/python3.6/site-packages (from jaeger-client<4.2.0,>=4.1.0->-r requirements.txt (line 12)) (1.0.2)
Requirement already satisfied: configparser in /usr/local/lib/python3.6/site-packages (from minio<6.0.0,>=4.0.9->-r requirements.txt (line 16)) (5.0.0)
Requirement already satisfied: python-dateutil in /usr/local/lib/python3.6/site-packages (from minio<6.0.0,>=4.0.9->-r requirements.txt (line 16)) (2.8.1)
Requirement already satisfied: pytz in /usr/local/lib/python3.6/site-packages (from minio<6.0.0,>=4.0.9->-r requirements.txt (line 16)) (2020.1)
Requirement already satisfied: azure-storage-common~=2.1 in /usr/local/lib/python3.6/site-packages (from azure-storage-blob<3.0.0,>=2.0.1->-r requirements.txt (line 17)) (2.1.0)
Requirement already satisfied: azure-common>=1.1.5 in /usr/local/lib/python3.6/site-packages (from azure-storage-blob<3.0.0,>=2.0.1->-r requirements.txt (line 17)) (1.1.25)
Requirement already satisfied: google-resumable-media<0.6dev,>=0.5.0 in /usr/local/lib/python3.6/site-packages (from google-cloud-storage>=1.16.0->-r requirements.txt (line 19)) (0.5.1)
Requirement already satisfied: google-auth<2.0dev,>=1.11.0 in /usr/local/lib/python3.6/site-packages (from google-cloud-storage>=1.16.0->-r requirements.txt (line 19)) (1.19.2)
Requirement already satisfied: google-cloud-core<2.0dev,>=1.2.0 in /usr/local/lib/python3.6/site-packages (from google-cloud-storage>=1.16.0->-r requirements.txt (line 19)) (1.3.0)
Requirement already satisfied: pathspec<1,>=0.6 in /usr/local/lib/python3.6/site-packages (from black==19.10b0->-r requirements-dev.txt (line 2)) (0.8.0)
Requirement already satisfied: toml>=0.9.4 in /usr/local/lib/python3.6/site-packages (from black==19.10b0->-r requirements-dev.txt (line 2)) (0.10.1)
Requirement already satisfied: regex in /usr/local/lib/python3.6/site-packages (from black==19.10b0->-r requirements-dev.txt (line 2)) (2020.7.14)
Requirement already satisfied: appdirs in /usr/local/lib/python3.6/site-packages (from black==19.10b0->-r requirements-dev.txt (line 2)) (1.4.4)
Requirement already satisfied: typed-ast>=1.4.0 in /usr/local/lib/python3.6/site-packages (from black==19.10b0->-r requirements-dev.txt (line 2)) (1.4.1)
Requirement already satisfied: pycodestyle<2.7.0,>=2.6.0a1 in /usr/local/lib/python3.6/site-packages (from flake8==3.8.1->-r requirements-dev.txt (line 3)) (2.6.0)
Requirement already satisfied: pyflakes<2.3.0,>=2.2.0 in /usr/local/lib/python3.6/site-packages (from flake8==3.8.1->-r requirements-dev.txt (line 3)) (2.2.0)
Requirement already satisfied: mccabe<0.7.0,>=0.6.0 in /usr/local/lib/python3.6/site-packages (from flake8==3.8.1->-r requirements-dev.txt (line 3)) (0.6.1)
Requirement already satisfied: mypy-extensions<0.5.0,>=0.4.3 in /usr/local/lib/python3.6/site-packages (from mypy<0.783->-r requirements-dev.txt (line 4)) (0.4.3)
Requirement already satisfied: typing-extensions>=3.7.4 in /usr/local/lib/python3.6/site-packages (from mypy<0.783->-r requirements-dev.txt (line 4)) (3.7.4.2)
Requirement already satisfied: pluggy<1.0,>=0.12 in /usr/local/lib/python3.6/site-packages (from pytest==5.4.2->-r requirements-dev.txt (line 6)) (0.13.1)
Requirement already satisfied: wcwidth in /usr/local/lib/python3.6/site-packages (from pytest==5.4.2->-r requirements-dev.txt (line 6)) (0.2.5)
Requirement already satisfied: more-itertools>=4.0.0 in /usr/local/lib/python3.6/site-packages (from pytest==5.4.2->-r requirements-dev.txt (line 6)) (8.4.0)
Requirement already satisfied: packaging in /usr/local/lib/python3.6/site-packages (from pytest==5.4.2->-r requirements-dev.txt (line 6)) (20.4)
Requirement already satisfied: py>=1.5.0 in /usr/local/lib/python3.6/site-packages (from pytest==5.4.2->-r requirements-dev.txt (line 6)) (1.9.0)
Requirement already satisfied: filelock>=3.0.0 in /usr/local/lib/python3.6/site-packages (from tox<4.0.0->-r requirements-dev.txt (line 8)) (3.0.12)
Requirement already satisfied: virtualenv!=20.0.0,!=20.0.1,!=20.0.2,!=20.0.3,!=20.0.4,!=20.0.5,!=20.0.6,!=20.0.7,>=16.0.0 in /usr/local/lib/python3.6/site-packages (from tox<4.0.0->-r requirements-dev.txt (line 8)) (20.0.27)
Requirement already satisfied: PTable in /usr/local/lib/python3.6/site-packages (from pip-licenses==2.2.1->-r requirements-dev.txt (line 22)) (0.9.2)
Requirement already satisfied: MarkupSafe>=0.23 in /usr/local/lib/python3.6/site-packages (from Jinja2>=2.10.1->Flask<2.0.0->-r requirements.txt (line 1)) (1.1.1)
Requirement already satisfied: zipp>=0.5 in /usr/local/lib/python3.6/site-packages (from importlib-metadata; python_version < "3.8"->jsonschema<4.0.0->-r requirements.txt (line 2)) (3.1.0)
Requirement already satisfied: cryptography in /usr/local/lib/python3.6/site-packages (from azure-storage-common~=2.1->azure-storage-blob<3.0.0,>=2.0.1->-r requirements.txt (line 17)) (2.9.2)
Requirement already satisfied: cachetools<5.0,>=2.0.0 in /usr/local/lib/python3.6/site-packages (from google-auth<2.0dev,>=1.11.0->google-cloud-storage>=1.16.0->-r requirements.txt (line 19)) (4.1.1)
Requirement already satisfied: pyasn1-modules>=0.2.1 in /usr/local/lib/python3.6/site-packages (from google-auth<2.0dev,>=1.11.0->google-cloud-storage>=1.16.0->-r requirements.txt (line 19)) (0.2.8)
Requirement already satisfied: rsa<5,>=3.1.4; python_version >= "3" in /usr/local/lib/python3.6/site-packages (from google-auth<2.0dev,>=1.11.0->google-cloud-storage>=1.16.0->-r requirements.txt (line 19)) (4.6)
Requirement already satisfied: google-api-core<2.0.0dev,>=1.16.0 in /usr/local/lib/python3.6/site-packages (from google-cloud-core<2.0dev,>=1.2.0->google-cloud-storage>=1.16.0->-r requirements.txt (line 19)) (1.21.0)
Requirement already satisfied: pyparsing>=2.0.2 in /usr/local/lib/python3.6/site-packages (from packaging->pytest==5.4.2->-r requirements-dev.txt (line 6)) (2.4.7)
Requirement already satisfied: distlib<1,>=0.3.1 in /usr/local/lib/python3.6/site-packages (from virtualenv!=20.0.0,!=20.0.1,!=20.0.2,!=20.0.3,!=20.0.4,!=20.0.5,!=20.0.6,!=20.0.7,>=16.0.0->tox<4.0.0->-r requirements-dev.txt (line 8)) (0.3.1)
Requirement already satisfied: importlib-resources>=1.0; python_version < "3.7" in /usr/local/lib/python3.6/site-packages (from virtualenv!=20.0.0,!=20.0.1,!=20.0.2,!=20.0.3,!=20.0.4,!=20.0.5,!=20.0.6,!=20.0.7,>=16.0.0->tox<4.0.0->-r requirements-dev.txt (line 8)) (3.0.0)
Requirement already satisfied: cffi!=1.11.3,>=1.8 in /usr/local/lib/python3.6/site-packages (from cryptography->azure-storage-common~=2.1->azure-storage-blob<3.0.0,>=2.0.1->-r requirements.txt (line 17)) (1.14.0)
Requirement already satisfied: pyasn1<0.5.0,>=0.4.6 in /usr/local/lib/python3.6/site-packages (from pyasn1-modules>=0.2.1->google-auth<2.0dev,>=1.11.0->google-cloud-storage>=1.16.0->-r requirements.txt (line 19)) (0.4.8)
Requirement already satisfied: googleapis-common-protos<2.0dev,>=1.6.0 in /usr/local/lib/python3.6/site-packages (from google-api-core<2.0.0dev,>=1.16.0->google-cloud-core<2.0dev,>=1.2.0->google-cloud-storage>=1.16.0->-r requirements.txt (line 19)) (1.52.0)
Requirement already satisfied: pycparser in /usr/local/lib/python3.6/site-packages (from cffi!=1.11.3,>=1.8->cryptography->azure-storage-common~=2.1->azure-storage-blob<3.0.0,>=2.0.1->-r requirements.txt (line 17)) (2.20)
Installing collected packages: seldon-core
  Running setup.py develop for seldon-core
Successfully installed seldon-core
tox -e gcs
GLOB sdist-make: /workspace/source/python/setup.py
gcs create: /workspace/source/python/.tox/gcs
gcs installdeps: tenacity, pytest, pytest-cov, Pillow
gcs inst: /workspace/source/python/.tox/.tmp/package/1/seldon-core-1.2.2.dev0.zip
gcs installed: attrs==19.3.0,azure-common==1.1.25,azure-storage-blob==2.1.0,azure-storage-common==2.1.0,cachetools==4.1.1,certifi==2020.6.20,cffi==1.14.0,chardet==3.0.4,click==7.1.2,configparser==5.0.0,coverage==5.2,cryptography==2.9.2,Flask==1.1.2,Flask-Cors==3.0.8,Flask-OpenTracing==1.1.0,flatbuffers==1.12,google-api-core==1.21.0,google-auth==1.19.2,google-cloud-core==1.3.0,google-cloud-storage==1.29.0,google-resumable-media==0.5.1,googleapis-common-protos==1.52.0,grpcio==1.30.0,grpcio-opentracing==1.1.4,gunicorn==20.0.4,idna==2.10,importlib-metadata==1.7.0,itsdangerous==1.1.0,jaeger-client==4.1.0,Jinja2==2.11.2,jsonschema==3.2.0,MarkupSafe==1.1.1,minio==5.0.10,more-itertools==8.4.0,numpy==1.19.0,opentracing==2.2.0,packaging==20.4,Pillow==7.2.0,pluggy==0.13.1,prometheus-client==0.8.0,protobuf==3.12.2,py==1.9.0,pyasn1==0.4.8,pyasn1-modules==0.2.8,pycparser==2.20,pyparsing==2.4.7,pyrsistent==0.16.0,pytest==5.4.3,pytest-cov==2.10.0,python-dateutil==2.8.1,pytz==2020.1,PyYAML==5.3.1,redis==3.5.3,requests==2.24.0,rsa==4.6,seldon-core @ file:///workspace/source/python/.tox/.tmp/package/1/seldon-core-1.2.2.dev0.zip,six==1.15.0,tenacity==6.2.0,threadloop==1.0.2,thrift==0.13.0,tornado==5.1.1,urllib3==1.25.9,wcwidth==0.2.5,Werkzeug==1.0.1,zipp==3.1.0
gcs run-test-pre: PYTHONHASHSEED='2431523575'
gcs run-test: commands[0] | pytest
============================= test session starts ==============================
platform linux -- Python 3.6.10, pytest-5.4.3, py-1.9.0, pluggy-0.13.1
cachedir: .tox/gcs/.pytest_cache
rootdir: /workspace/source/python, inifile: setup.cfg
plugins: cov-2.10.0
collected 369 items

tests/test_api_tester.py ..                                              [  0%]
tests/test_application_exception_microservice.py ..                      [  1%]
tests/test_azure_storage.py ......                                       [  2%]
tests/test_combiner_microservice.py .....................                [  8%]
tests/test_metadata.py ................................................. [ 21%]
...                                                                      [ 22%]
tests/test_metrics.py .................................................. [ 36%]
.................                                                        [ 40%]
tests/test_microservice.py ....F........                                 [ 44%]
tests/test_microservice_tester.py .....                                  [ 45%]
tests/test_model_microservice.py ...............s......................s [ 56%]
........                                                                 [ 58%]
tests/test_router_microservice.py .................                      [ 62%]
tests/test_s3_storage.py ...                                             [ 63%]
tests/test_seldon_client.py ..................................           [ 72%]
tests/test_storage.py ........                                           [ 75%]
tests/test_transformer_microservice.py ................................. [ 84%]
........                                                                 [ 86%]
tests/test_user_model.py ....                                            [ 87%]
tests/test_utils.py ..............................sss..............      [100%]

=================================== FAILURES ===================================
________________ test_model_template_app_rest_metrics_endpoint _________________
Traceback (most recent call last):
  File "/workspace/source/python/tests/test_microservice.py", line 82, in test_model_template_app_rest_metrics_endpoint
    assert response.status_code == 200
AssertionError: assert 500 == 200
 +  where 500 = <Response [500]>.status_code
---------------------------- Captured stdout setup -----------------------------
127.0.0.1 - - [20/Jul/2020:19:42:46 +0000] "GET /predict?json=%7B%22meta%22:%7B%22metrics%22:%5B%7B%22key%22:%22mygauge%22,%22type%22:%22GAUGE%22,%22value%22:100%7D%5D%7D,%22data%22:%7B%22names%22:%5B%22a%22,%22b%22%5D,%22ndarray%22:%5B%5B1.0,2.0%5D%5D%7D%7D HTTP/1.1" 200 121 "-" "python-requests/2.24.0"
---------------------------- Captured stderr setup -----------------------------
INFO:root:starting: seldon-core-microservice MyModel REST --service-type MODEL --persistence 0
[2020-07-20 19:42:46 +0000] [2419] [INFO] Worker exiting (pid: 2419)
[2020-07-20 19:42:46 +0000] [2431] [INFO] Booting worker with pid: 2431
[2020-07-20 19:42:46 +0000] [2418] [INFO] Handling signal: term
Error in atexit._run_exitfuncs:
Traceback (most recent call last):
  File "/usr/local/lib/python3.6/multiprocessing/util.py", line 319, in _exit_function
    p.join()
  File "/usr/local/lib/python3.6/multiprocessing/process.py", line 122, in join
    assert self._parent_pid == os.getpid(), 'can only join a child process'
AssertionError: can only join a child process
[2020-07-20 19:42:47 +0000] [2384] [INFO] Shutting down: Master
DEBUG:root:=== trying again
2020-07-20 19:42:49,254 - seldon_core.microservice:main:207 - INFO:  Starting microservice.py:main
2020-07-20 19:42:49,449 - seldon_core.microservice:main:208 - INFO:  Seldon Core version: 1.2.2-dev
2020-07-20 19:42:49,457 - seldon_core.microservice:main:294 - INFO:  Parse JAEGER_EXTRA_TAGS []
2020-07-20 19:42:49,459 - seldon_core.microservice:main:297 - INFO:  Annotations: {}
2020-07-20 19:42:49,459 - seldon_core.microservice:main:301 - INFO:  Importing MyModel
2020-07-20 19:42:49,463 - MyModel:__init__:15 - INFO:  Initializing model
2020-07-20 19:42:49,788 - seldon_core.microservice:main:374 - INFO:  REST gunicorn microservice running on port 5000
2020-07-20 19:42:49,807 - seldon_core.microservice:main:432 - INFO:  REST metrics microservice running on port 6005
2020-07-20 19:42:49,808 - seldon_core.microservice:main:442 - INFO:  Starting servers
[2020-07-20 19:42:50 +0000] [2432] [INFO] Starting gunicorn 20.0.4
[2020-07-20 19:42:50 +0000] [2432] [INFO] Listening at: http://0.0.0.0:5000 (2432)
[2020-07-20 19:42:50 +0000] [2432] [INFO] Using worker: threads
[2020-07-20 19:42:50 +0000] [2471] [INFO] Booting worker with pid: 2471
[2020-07-20 19:42:50 +0000] [2466] [INFO] Starting gunicorn 20.0.4
[2020-07-20 19:42:50 +0000] [2466] [ERROR] Connection in use: ('0.0.0.0', 6005)
[2020-07-20 19:42:50 +0000] [2466] [ERROR] Retrying in 1 second.
[2020-07-20 19:42:51 +0000] [2466] [ERROR] Connection in use: ('0.0.0.0', 6005)
[2020-07-20 19:42:51 +0000] [2466] [ERROR] Retrying in 1 second.
DEBUG:root:=== trying again
INFO:root:microservice ready
------------------------------ Captured log setup ------------------------------
INFO     root:helpers.py:65 starting: seldon-core-microservice MyModel REST --service-type MODEL --persistence 0
DEBUG    root:helpers.py:80 === trying again
DEBUG    root:helpers.py:80 === trying again
INFO     root:helpers.py:88 microservice ready
----------------------------- Captured stderr call -----------------------------
DEBUG:urllib3.connectionpool:Starting new HTTP connection (1): 127.0.0.1:6005
2020-07-20 19:42:52,027 - seldon_core.wrapper:log_exception:1892 - ERROR:  Exception on /metrics-endpoint [GET]
Traceback (most recent call last):
  File "/usr/local/lib/python3.6/multiprocessing/managers.py", line 749, in _callmethod
    conn = self._tls.connection
AttributeError: 'ForkAwareLocal' object has no attribute 'connection'

During handling of the above exception, another exception occurred:

Traceback (most recent call last):
  File "/workspace/source/python/.tox/gcs/lib/python3.6/site-packages/flask/app.py", line 2447, in wsgi_app
    response = self.full_dispatch_request()
  File "/workspace/source/python/.tox/gcs/lib/python3.6/site-packages/flask/app.py", line 1952, in full_dispatch_request
    rv = self.handle_user_exception(e)
  File "/workspace/source/python/.tox/gcs/lib/python3.6/site-packages/flask_cors/extension.py", line 161, in wrapped_function
    return cors_after_request(app.make_response(f(*args, **kwargs)))
  File "/workspace/source/python/.tox/gcs/lib/python3.6/site-packages/flask/app.py", line 1821, in handle_user_exception
    reraise(exc_type, exc_value, tb)
  File "/workspace/source/python/.tox/gcs/lib/python3.6/site-packages/flask/_compat.py", line 39, in reraise
    raise value
  File "/workspace/source/python/.tox/gcs/lib/python3.6/site-packages/flask/app.py", line 1950, in full_dispatch_request
    rv = self.dispatch_request()
  File "/workspace/source/python/.tox/gcs/lib/python3.6/site-packages/flask/app.py", line 1936, in dispatch_request
    return self.view_functions[rule.endpoint](**req.view_args)
  File "/workspace/source/python/.tox/gcs/lib/python3.6/site-packages/seldon_core/wrapper.py", line 163, in Metrics
    metrics, mimetype = seldon_metrics.generate_metrics()
  File "/workspace/source/python/.tox/gcs/lib/python3.6/site-packages/seldon_core/metrics.py", line 152, in generate_metrics
    exposition.generate_latest(myregistry).decode("utf-8"),
  File "/workspace/source/python/.tox/gcs/lib/python3.6/site-packages/prometheus_client/exposition.py", line 106, in generate_latest
    for metric in registry.collect():
  File "/workspace/source/python/.tox/gcs/lib/python3.6/site-packages/prometheus_client/registry.py", line 82, in collect
    for metric in collector.collect():
  File "/workspace/source/python/.tox/gcs/lib/python3.6/site-packages/seldon_core/metrics.py", line 126, in collect
    with self._lock:
  File "/usr/local/lib/python3.6/multiprocessing/managers.py", line 991, in __enter__
    return self._callmethod('acquire')
  File "/usr/local/lib/python3.6/multiprocessing/managers.py", line 753, in _callmethod
    self._connect()
  File "/usr/local/lib/python3.6/multiprocessing/managers.py", line 740, in _connect
    conn = self._Client(self._token.address, authkey=self._authkey)
  File "/usr/local/lib/python3.6/multiprocessing/connection.py", line 487, in Client
    c = SocketClient(address)
  File "/usr/local/lib/python3.6/multiprocessing/connection.py", line 614, in SocketClient
    s.connect(address)
ConnectionRefusedError: [Errno 111] Connection refused
DEBUG:urllib3.connectionpool:http://127.0.0.1:6005 "GET /metrics-endpoint HTTP/1.1" 500 290
------------------------------ Captured log call -------------------------------
DEBUG    urllib3.connectionpool:connectionpool.py:230 Starting new HTTP connection (1): 127.0.0.1:6005
DEBUG    urllib3.connectionpool:connectionpool.py:442 http://127.0.0.1:6005 "GET /metrics-endpoint HTTP/1.1" 500 290
--------------------------- Captured stdout teardown ---------------------------
127.0.0.1 - - [20/Jul/2020:19:42:52 +0000] "GET /metrics-endpoint HTTP/1.1" 500 290 "-" "python-requests/2.24.0"
--------------------------- Captured stderr teardown ---------------------------
[2020-07-20 19:42:52 +0000] [2466] [ERROR] Connection in use: ('0.0.0.0', 6005)
[2020-07-20 19:42:52 +0000] [2466] [ERROR] Retrying in 1 second.
[2020-07-20 19:42:53 +0000] [2466] [ERROR] Connection in use: ('0.0.0.0', 6005)
[2020-07-20 19:42:53 +0000] [2466] [ERROR] Retrying in 1 second.
[2020-07-20 19:42:54 +0000] [2432] [INFO] Handling signal: term

---------- coverage: platform linux, python 3.6.10-final-0 -----------
Name                                                                                                      Stmts   Miss  Cover
-----------------------------------------------------------------------------------------------------------------------------
.tox/gcs/lib/python3.6/site-packages/seldon_core/__init__.py                                                  2      0   100%
.tox/gcs/lib/python3.6/site-packages/seldon_core/api_tester.py                                               81     81     0%
.tox/gcs/lib/python3.6/site-packages/seldon_core/app.py                                                      36      3    92%
.tox/gcs/lib/python3.6/site-packages/seldon_core/batch_processor.py                                          94     94     0%
.tox/gcs/lib/python3.6/site-packages/seldon_core/flask_utils.py                                              44     24    45%
.tox/gcs/lib/python3.6/site-packages/seldon_core/imports_helper.py                                           19      5    74%
.tox/gcs/lib/python3.6/site-packages/seldon_core/metadata.py                                                 32      3    91%
.tox/gcs/lib/python3.6/site-packages/seldon_core/metrics.py                                                 117     71    39%
.tox/gcs/lib/python3.6/site-packages/seldon_core/microservice.py                                            199     65    67%
.tox/gcs/lib/python3.6/site-packages/seldon_core/microservice_tester.py                                     140    140     0%
.tox/gcs/lib/python3.6/site-packages/seldon_core/persistence.py                                              45     23    49%
.tox/gcs/lib/python3.6/site-packages/seldon_core/proto/__init__.py                                            0      0   100%
.tox/gcs/lib/python3.6/site-packages/seldon_core/proto/prediction_pb2.py                                    158      0   100%
.tox/gcs/lib/python3.6/site-packages/seldon_core/proto/prediction_pb2_grpc.py                               196    106    46%
.tox/gcs/lib/python3.6/site-packages/seldon_core/proto/tensorflow/core/framework/__init__.py                  3      1    67%
.tox/gcs/lib/python3.6/site-packages/seldon_core/proto/tensorflow/core/framework/resource_handle_pb2.py      20      0   100%
.tox/gcs/lib/python3.6/site-packages/seldon_core/proto/tensorflow/core/framework/tensor_pb2.py               34      0   100%
.tox/gcs/lib/python3.6/site-packages/seldon_core/proto/tensorflow/core/framework/tensor_shape_pb2.py         16      0   100%
.tox/gcs/lib/python3.6/site-packages/seldon_core/proto/tensorflow/core/framework/types_pb2.py                60      0   100%
.tox/gcs/lib/python3.6/site-packages/seldon_core/seldon_client.py                                           599    599     0%
.tox/gcs/lib/python3.6/site-packages/seldon_core/seldon_methods.py                                          239    190    21%
.tox/gcs/lib/python3.6/site-packages/seldon_core/serving_test_gen.py                                         40     40     0%
.tox/gcs/lib/python3.6/site-packages/seldon_core/storage.py                                                 154    124    19%
.tox/gcs/lib/python3.6/site-packages/seldon_core/user_model.py                                              162     92    43%
.tox/gcs/lib/python3.6/site-packages/seldon_core/utils.py                                                   282    144    49%
.tox/gcs/lib/python3.6/site-packages/seldon_core/version.py                                                   1      0   100%
.tox/gcs/lib/python3.6/site-packages/seldon_core/wrapper.py                                                 148     75    49%
seldon_core/__init__.py                                                                                       2      0   100%
seldon_core/api_tester.py                                                                                    81     38    53%
seldon_core/app.py                                                                                           36     22    39%
seldon_core/batch_processor.py                                                                               94     94     0%
seldon_core/flask_utils.py                                                                                   44      3    93%
seldon_core/imports_helper.py                                                                                19      5    74%
seldon_core/metadata.py                                                                                      32      0   100%
seldon_core/metrics.py                                                                                      117      1    99%
seldon_core/microservice.py                                                                                 199    120    40%
seldon_core/microservice_tester.py                                                                          140     43    69%
seldon_core/persistence.py                                                                                   45     23    49%
seldon_core/proto/__init__.py                                                                                 0      0   100%
seldon_core/proto/prediction_pb2.py                                                                         158      0   100%
seldon_core/proto/prediction_pb2_grpc.py                                                                    196     82    58%
seldon_core/proto/tensorflow/core/framework/__init__.py                                                       3      1    67%
seldon_core/proto/tensorflow/core/framework/resource_handle_pb2.py                                           20      0   100%
seldon_core/proto/tensorflow/core/framework/tensor_pb2.py                                                    34      0   100%
seldon_core/proto/tensorflow/core/framework/tensor_shape_pb2.py                                              16      0   100%
seldon_core/proto/tensorflow/core/framework/types_pb2.py                                                     60      0   100%
seldon_core/seldon_client.py                                                                                599    284    53%
seldon_core/seldon_methods.py                                                                               239     11    95%
seldon_core/serving_test_gen.py                                                                              40     40     0%
seldon_core/storage.py                                                                                      154     28    82%
seldon_core/user_model.py                                                                                   162     25    85%
seldon_core/utils.py                                                                                        282     43    85%
seldon_core/version.py                                                                                        1      0   100%
seldon_core/wrapper.py                                                                                      148     11    93%
-----------------------------------------------------------------------------------------------------------------------------
TOTAL                                                                                                      5842   2754    53%

=========================== short test summary info ============================
FAILED tests/test_microservice.py::test_model_template_app_rest_metrics_endpoint
============= 1 failed, 363 passed, 5 skipped in 233.51s (0:03:53) =============
ERROR: InvocationError for command /workspace/source/python/.tox/gcs/bin/pytest (exited with code 1)
___________________________________ summary ____________________________________
ERROR:   gcs: commands failed
make: Leaving directory '/workspace/source/python'
make: *** [Makefile:70: test] Error 1
[31m
Pipeline failed on stage 'seldon-python-gcs' : container 'step-test-python-gcs'. The execution of the pipeline has stopped.[0m

Showing logs for build [32mseldonio-seldon-core-pr-2172-pr-558cn-3[0m stage [32mseldon-operator[0m and container [32mstep-credential-initializer-btjvk[0m
{"level":"info","ts":1595273521.3915925,"logger":"fallback-logger","caller":"logging/config.go:69","msg":"Fetch GitHub commit ID from kodata failed: open /var/run/ko/refs/heads/0.8.0-ns-support: no such file or directory"}
{"level":"info","ts":1595273521.3921826,"logger":"fallback-logger","caller":"creds-init/main.go:40","msg":"Credentials initialized."}

Showing logs for build [32mseldonio-seldon-core-pr-2172-pr-558cn-3[0m stage [32mseldon-operator[0m and container [32mstep-working-dir-initializer-9tnwq[0m
{"level":"info","ts":1595273523.607847,"logger":"fallback-logger","caller":"logging/config.go:69","msg":"Fetch GitHub commit ID from kodata failed: open /var/run/ko/HEAD: no such file or directory"}
{"level":"info","ts":1595273523.609448,"logger":"fallback-logger","caller":"bash/main.go:64","msg":"Successfully executed command \"sh -c mkdir -p /workspace/source\"; output "}

Showing logs for build [32mseldonio-seldon-core-pr-2172-pr-558cn-3[0m stage [32mseldon-operator[0m and container [32mstep-place-tools[0m

Showing logs for build [32mseldonio-seldon-core-pr-2172-pr-558cn-3[0m stage [32mseldon-operator[0m and container [32mstep-create-dir-workspace-6hvwg[0m
{"level":"info","ts":1595273543.2821465,"logger":"fallback-logger","caller":"logging/config.go:69","msg":"Fetch GitHub commit ID from kodata failed: open /var/run/ko/HEAD: no such file or directory"}
{"level":"info","ts":1595273543.284608,"logger":"fallback-logger","caller":"bash/main.go:64","msg":"Successfully executed command \"sh -c mkdir -p /workspace/source\"; output "}

Showing logs for build [32mseldonio-seldon-core-pr-2172-pr-558cn-3[0m stage [32mseldon-operator[0m and container [32mstep-source-copy-workspace-p9vtg[0m
{"level":"info","ts":1595273543.7333276,"logger":"fallback-logger","caller":"logging/config.go:69","msg":"Fetch GitHub commit ID from kodata failed: open /var/run/ko/HEAD: no such file or directory"}
{"level":"info","ts":1595273702.3735652,"logger":"fallback-logger","caller":"bash/main.go:64","msg":"Successfully executed command \"sh -c cp -r /pvc/pr-build-comment/workspace/. /workspace/source\"; output "}

Showing logs for build [32mseldonio-seldon-core-pr-2172-pr-558cn-3[0m stage [32mseldon-operator[0m and container [32mstep-setup-builder-home[0m

Showing logs for build [32mseldonio-seldon-core-pr-2172-pr-558cn-3[0m stage [32mseldon-operator[0m and container [32mstep-test-operator[0m
make: Entering directory '/workspace/source/operator'
go: creating new go.mod: module tmp
go: downloading sigs.k8s.io/controller-tools v0.2.5
go: found sigs.k8s.io/controller-tools/cmd/controller-gen in sigs.k8s.io/controller-tools v0.2.5
go: downloading github.com/spf13/cobra v0.0.5
go: downloading k8s.io/apimachinery v0.17.0
go: downloading github.com/gobuffalo/flect v0.2.0
go: downloading k8s.io/apiextensions-apiserver v0.17.0
go: downloading golang.org/x/tools v0.0.0-20190920225731-5eefd052ad72
go: downloading github.com/fatih/color v1.7.0
go: downloading k8s.io/api v0.17.0
go: downloading github.com/mattn/go-isatty v0.0.8
go: downloading sigs.k8s.io/yaml v1.1.0
go: downloading github.com/inconshreveable/mousetrap v1.0.0
go: downloading gopkg.in/yaml.v2 v2.2.4
go: downloading github.com/mattn/go-colorable v0.1.2
go: downloading golang.org/x/sys v0.0.0-20190826190057-c7b8b68b1456
go: downloading k8s.io/utils v0.0.0-20191114184206-e782cd3c129f
go: downloading gopkg.in/yaml.v3 v3.0.0-20190905181640-827449938966
go: downloading github.com/gogo/protobuf v1.2.2-0.20190723190241-65acae22fc9d
go: downloading k8s.io/klog v1.0.0
go: downloading github.com/google/gofuzz v1.0.0
go: downloading github.com/spf13/pflag v1.0.5
go: downloading golang.org/x/net v0.0.0-20191004110552-13f9640d40b9
go: downloading gopkg.in/inf.v0 v0.9.1
go: downloading golang.org/x/text v0.3.2
/builder/home/go/bin/controller-gen object:headerFile=./hack/boilerplate.go.txt paths="./..."
go fmt ./...
go vet ./...
go: downloading github.com/onsi/gomega v1.10.1
go: downloading github.com/onsi/ginkgo v1.14.0
go: downloading golang.org/x/xerrors v0.0.0-20191204190536-9bdfabe68543
go: downloading github.com/nxadm/tail v1.4.4
go: downloading gopkg.in/tomb.v1 v1.0.0-20141024135613-dd632973f1e7
go: downloading github.com/fsnotify/fsnotify v1.4.9
/builder/home/go/bin/controller-gen "crd:trivialVersions=true" rbac:roleName=manager-role webhook paths="./..." output:crd:artifacts:config=config/crd/bases
rm -rf generated
mkdir generated
kustomize build config/default/ -o generated
cp generated/apiextensions.k8s.io_v1beta1_customresourcedefinition_seldondeployments.machinelearning.seldon.io.yaml testing/machinelearning.seldon.io_seldondeployments.yaml
ginkgo -r -outputdir=. -cover -coverprofile=cover.out ./controllers ./utils ./apis
[1595274004] [1mController Suite[0m - 37/37 specs [1mSTEP[0m: bootstrapping test environment
2020-07-20T19:42:42.412Z	DEBUG	controller-runtime.test-env	starting control plane	{"api server flags": []}
2020-07-20T19:43:10.806Z	ERROR	controller-runtime.test-env	unable to start the controlplane	{"tries": 0, "error": "timeout waiting for process kube-apiserver to start"}
github.com/go-logr/zapr.(*zapLogger).Error
	/builder/home/go/pkg/mod/github.com/go-logr/zapr@v0.1.0/zapr.go:128
sigs.k8s.io/controller-runtime/pkg/envtest.(*Environment).startControlPlane
	/builder/home/go/pkg/mod/sigs.k8s.io/controller-runtime@v0.5.8/pkg/envtest/server.go:279
sigs.k8s.io/controller-runtime/pkg/envtest.(*Environment).Start
	/builder/home/go/pkg/mod/sigs.k8s.io/controller-runtime@v0.5.8/pkg/envtest/server.go:241
github.com/seldonio/seldon-core/operator/controllers.glob..func22
	/workspace/source/operator/controllers/suite_test.go:157
reflect.Value.call
	/usr/local/go/src/reflect/value.go:460
reflect.Value.Call
	/usr/local/go/src/reflect/value.go:321
github.com/onsi/ginkgo/internal/leafnodes.newRunner.func1
	/builder/home/go/pkg/mod/github.com/onsi/ginkgo@v1.14.0/internal/leafnodes/runner.go:49
github.com/onsi/ginkgo/internal/leafnodes.(*runner).runAsync.func1
	/builder/home/go/pkg/mod/github.com/onsi/ginkgo@v1.14.0/internal/leafnodes/runner.go:86
2020-07-20T19:43:23.530Z	DEBUG	controller-runtime.test-env	installing CRDs
2020-07-20T19:43:23.530Z	DEBUG	controller-runtime.test-env	reading CRDs from path	{"path": "../testing"}
2020-07-20T19:43:23.556Z	DEBUG	controller-runtime.test-env	read CRDs from file	{"file": "istio-crd-10.yaml"}
2020-07-20T19:43:23.620Z	DEBUG	controller-runtime.test-env	read CRDs from file	{"file": "machinelearning.seldon.io_seldondeployments.yaml"}
2020-07-20T19:43:23.641Z	DEBUG	controller-runtime.test-env	installing CRD	{"crd": "destinationrules.networking.istio.io"}
2020-07-20T19:43:25.275Z	DEBUG	controller-runtime.test-env	installing CRD	{"crd": "policies.authentication.istio.io"}
2020-07-20T19:43:30.751Z	DEBUG	controller-runtime.test-env	installing CRD	{"crd": "httpapispecs.config.istio.io"}
2020-07-20T19:43:31.685Z	DEBUG	controller-runtime.test-env	installing CRD	{"crd": "attributemanifests.config.istio.io"}
2020-07-20T19:43:33.705Z	DEBUG	controller-runtime.test-env	installing CRD	{"crd": "templates.config.istio.io"}
2020-07-20T19:43:35.031Z	DEBUG	controller-runtime.test-env	installing CRD	{"crd": "handlers.config.istio.io"}
2020-07-20T19:43:36.027Z	DEBUG	controller-runtime.test-env	installing CRD	{"crd": "virtualservices.networking.istio.io"}
2020-07-20T19:43:36.348Z	DEBUG	controller-runtime.test-env	installing CRD	{"crd": "rbacconfigs.rbac.istio.io"}
2020-07-20T19:43:37.269Z	DEBUG	controller-runtime.test-env	installing CRD	{"crd": "instances.config.istio.io"}
2020-07-20T19:43:37.926Z	DEBUG	controller-runtime.test-env	installing CRD	{"crd": "serviceentries.networking.istio.io"}
2020-07-20T19:43:39.092Z	DEBUG	controller-runtime.test-env	installing CRD	{"crd": "httpapispecbindings.config.istio.io"}
2020-07-20T19:43:39.746Z	DEBUG	controller-runtime.test-env	installing CRD	{"crd": "quotaspecs.config.istio.io"}
2020-07-20T19:43:40.963Z	DEBUG	controller-runtime.test-env	installing CRD	{"crd": "servicerolebindings.rbac.istio.io"}
2020-07-20T19:43:40.969Z	DEBUG	controller-runtime.test-env	installing CRD	{"crd": "seldondeployments.machinelearning.seldon.io"}

[90m------------------------------[0m
[91m[1mTimeout [60.000 seconds][0m
[91m[1m[BeforeSuite] BeforeSuite [0m
[37m/workspace/source/operator/controllers/suite_test.go:142[0m

  [91mTimed out[0m

  /workspace/source/operator/controllers/suite_test.go:142
[90m------------------------------[0m
[1mSTEP[0m: tearing down the test environment
[91m[1mFailure [2.219 seconds][0m
[91m[1m[AfterSuite] AfterSuite [0m
[37m/workspace/source/operator/controllers/suite_test.go:227[0m

  [91mUnexpected error:
      <*url.Error | 0xc000373b00>: {
          Op: "Post",
          URL: "http://127.0.0.1:33087/apis/apiextensions.k8s.io/v1beta1/customresourcedefinitions",
          Err: {
              Op: "dial",
              Net: "tcp",
              Source: nil,
              Addr: {
                  IP: [0, 0, 0, 0, 0, 0, 0, 0, 0, 0, 255, 255, 127, 0, 0, 1],
                  Port: 33087,
                  Zone: "",
              },
              Err: {Syscall: "connect", Err: 0x6f},
          },
      }
      Post "http://127.0.0.1:33087/apis/apiextensions.k8s.io/v1beta1/customresourcedefinitions": dial tcp 127.0.0.1:33087: connect: connection refused
  occurred[0m

  /workspace/source/operator/controllers/suite_test.go:158
[90m------------------------------[0m


[1m[91mRan 37 of 0 Specs in 62.221 seconds[0m
[1m[91mFAIL![0m -- [32m[1m0 Passed[0m | [91m[1m37 Failed[0m | [33m[1m0 Pending[0m | [36m[1m0 Skipped[0m
--- FAIL: TestAPIs (62.23s)
FAIL
coverage: 38.5% of statements
path is /workspace/source/operator
Unable to read coverage file  to combine, open : no such file or directory

Ginkgo ran 1 suite in 3m40.754800725s
Test Suite Failed
make: *** [Makefile:35: test] Error 1
make: Leaving directory '/workspace/source/operator'
[31m
Pipeline failed on stage 'seldon-operator' : container 'step-test-operator'. The execution of the pipeline has stopped.[0m

Showing logs for build [32mseldonio-seldon-core-pr-2172-pr-558cn-3[0m stage [32mseldon-python-tensorflow[0m and container [32mstep-credential-initializer-54bqk[0m
{"level":"info","ts":1595273526.0709462,"logger":"fallback-logger","caller":"logging/config.go:69","msg":"Fetch GitHub commit ID from kodata failed: open /var/run/ko/refs/heads/0.8.0-ns-support: no such file or directory"}
{"level":"info","ts":1595273526.0716956,"logger":"fallback-logger","caller":"creds-init/main.go:40","msg":"Credentials initialized."}

Showing logs for build [32mseldonio-seldon-core-pr-2172-pr-558cn-3[0m stage [32mseldon-python-tensorflow[0m and container [32mstep-working-dir-initializer-h6vmf[0m
{"level":"info","ts":1595273529.142581,"logger":"fallback-logger","caller":"logging/config.go:69","msg":"Fetch GitHub commit ID from kodata failed: open /var/run/ko/HEAD: no such file or directory"}
{"level":"info","ts":1595273529.1453152,"logger":"fallback-logger","caller":"bash/main.go:64","msg":"Successfully executed command \"sh -c mkdir -p /workspace/source\"; output "}

Showing logs for build [32mseldonio-seldon-core-pr-2172-pr-558cn-3[0m stage [32mseldon-python-tensorflow[0m and container [32mstep-place-tools[0m

Showing logs for build [32mseldonio-seldon-core-pr-2172-pr-558cn-3[0m stage [32mseldon-python-tensorflow[0m and container [32mstep-create-dir-workspace-7xg7m[0m
{"level":"info","ts":1595273604.4134083,"logger":"fallback-logger","caller":"logging/config.go:69","msg":"Fetch GitHub commit ID from kodata failed: open /var/run/ko/HEAD: no such file or directory"}
{"level":"info","ts":1595273604.4157133,"logger":"fallback-logger","caller":"bash/main.go:64","msg":"Successfully executed command \"sh -c mkdir -p /workspace/source\"; output "}

Showing logs for build [32mseldonio-seldon-core-pr-2172-pr-558cn-3[0m stage [32mseldon-python-tensorflow[0m and container [32mstep-source-copy-workspace-n62wf[0m
{"level":"info","ts":1595273604.930839,"logger":"fallback-logger","caller":"logging/config.go:69","msg":"Fetch GitHub commit ID from kodata failed: open /var/run/ko/HEAD: no such file or directory"}
{"level":"info","ts":1595273702.3731496,"logger":"fallback-logger","caller":"bash/main.go:64","msg":"Successfully executed command \"sh -c cp -r /pvc/pr-build-comment/workspace/. /workspace/source\"; output "}

Showing logs for build [32mseldonio-seldon-core-pr-2172-pr-558cn-3[0m stage [32mseldon-python-tensorflow[0m and container [32mstep-setup-builder-home[0m

Showing logs for build [32mseldonio-seldon-core-pr-2172-pr-558cn-3[0m stage [32mseldon-python-tensorflow[0m and container [32mstep-test-python-tensorflow[0m
make: Entering directory '/workspace/source/python'
# Protobuf
cp ../proto/prediction.proto seldon_core/proto/
make -C ../proto/tensorflow/ create_protos
make[1]: Entering directory '/workspace/source/proto/tensorflow'
./create-protos.sh
Downloading proto files for master
make[1]: Leaving directory '/workspace/source/proto/tensorflow'
cp -r ../proto/tensorflow/tensorflow \
	seldon_core/proto/
make -C ../proto/tensorflow clean
make[1]: Entering directory '/workspace/source/proto/tensorflow'
removed 'tensorflow/core/framework/resource_handle.proto'
removed 'tensorflow/core/framework/tensor_shape.proto'
removed 'tensorflow/core/framework/tensor.proto'
removed 'tensorflow/core/framework/types.proto'
removed directory 'tensorflow/core/framework'
removed directory 'tensorflow/core'
removed directory 'tensorflow'
make[1]: Leaving directory '/workspace/source/proto/tensorflow'
# OpenAPI
cp ../openapi/wrapper.oas3.json seldon_core/openapi/seldon.json
# Protobuf
cd seldon_core && python \
	-m grpc.tools.protoc \
	-I./ \
	-I./proto/ \
	--python_out=./ \
	--grpc_python_out=./ \
	--mypy_out=./ \
	./proto/prediction.proto
Writing mypy to proto/prediction_pb2.pyi
## We build TF's protobufs as well in case the tensorflow package
## is not found
cd seldon_core/proto && python \
	-m grpc.tools.protoc \
	-I./ \
	-I../ \
	--python_out=./ \
	./tensorflow/core/framework/*.proto
sed -i "s/from tensorflow/from seldon_core.proto.tensorflow/" seldon_core/proto/*.py
sed -i "s/from tensorflow.core.framework/from ./" \
	seldon_core/proto/tensorflow/core/framework/resource_handle_pb2.py seldon_core/proto/tensorflow/core/framework/tensor_pb2.py seldon_core/proto/tensorflow/core/framework/tensor_shape_pb2.py seldon_core/proto/tensorflow/core/framework/types_pb2.py
sed -i "s/from proto/from seldon_core.proto/g" seldon_core/proto/prediction_pb2_grpc.py
sed -i 's/__version__ = .*/__version__ = "1.2.2-dev"/g' seldon_core/version.py
pip install -e . -r requirements-dev.txt
Obtaining file:///workspace/source/python
Requirement already satisfied: Flask<2.0.0 in /usr/local/lib/python3.6/site-packages (from -r requirements.txt (line 1)) (1.1.2)
Requirement already satisfied: jsonschema<4.0.0 in /usr/local/lib/python3.6/site-packages (from -r requirements.txt (line 2)) (3.2.0)
Requirement already satisfied: Flask-cors<4.0.0 in /usr/local/lib/python3.6/site-packages (from -r requirements.txt (line 3)) (3.0.8)
Requirement already satisfied: redis<4.0.0 in /usr/local/lib/python3.6/site-packages (from -r requirements.txt (line 4)) (3.5.3)
Requirement already satisfied: requests<3.0.0 in /usr/local/lib/python3.6/site-packages (from -r requirements.txt (line 5)) (2.24.0)
Requirement already satisfied: numpy<2.0.0 in /usr/local/lib/python3.6/site-packages (from -r requirements.txt (line 6)) (1.19.0)
Requirement already satisfied: flatbuffers<2.0.0 in /usr/local/lib/python3.6/site-packages (from -r requirements.txt (line 7)) (1.12)
Requirement already satisfied: protobuf<4.0.0 in /usr/local/lib/python3.6/site-packages (from -r requirements.txt (line 8)) (3.12.2)
Requirement already satisfied: grpcio<2.0.0 in /usr/local/lib/python3.6/site-packages (from -r requirements.txt (line 9)) (1.30.0)
Requirement already satisfied: Flask-OpenTracing<1.2.0,>=1.1.0 in /usr/local/lib/python3.6/site-packages (from -r requirements.txt (line 10)) (1.1.0)
Requirement already satisfied: opentracing<2.3.0,>=2.2.0 in /usr/local/lib/python3.6/site-packages (from -r requirements.txt (line 11)) (2.2.0)
Requirement already satisfied: jaeger-client<4.2.0,>=4.1.0 in /usr/local/lib/python3.6/site-packages (from -r requirements.txt (line 12)) (4.1.0)
Requirement already satisfied: grpcio-opentracing<1.2.0,>=1.1.4 in /usr/local/lib/python3.6/site-packages (from -r requirements.txt (line 13)) (1.1.4)
Requirement already satisfied: PyYAML<5.4 in /usr/local/lib/python3.6/site-packages (from -r requirements.txt (line 14)) (5.3.1)
Requirement already satisfied: gunicorn<20.1.0,>=19.9.0 in /usr/local/lib/python3.6/site-packages (from -r requirements.txt (line 15)) (20.0.4)
Requirement already satisfied: minio<6.0.0,>=4.0.9 in /usr/local/lib/python3.6/site-packages (from -r requirements.txt (line 16)) (5.0.10)
Requirement already satisfied: azure-storage-blob<3.0.0,>=2.0.1 in /usr/local/lib/python3.6/site-packages (from -r requirements.txt (line 17)) (2.1.0)
Requirement already satisfied: setuptools>=41.0.0 in /usr/local/lib/python3.6/site-packages (from -r requirements.txt (line 18)) (49.2.0)
Requirement already satisfied: google-cloud-storage>=1.16.0 in /usr/local/lib/python3.6/site-packages (from -r requirements.txt (line 19)) (1.29.0)
Requirement already satisfied: prometheus_client<0.9.0,>=0.7.1 in /usr/local/lib/python3.6/site-packages (from -r requirements.txt (line 20)) (0.8.0)
Requirement already satisfied: black==19.10b0 in /usr/local/lib/python3.6/site-packages (from -r requirements-dev.txt (line 2)) (19.10b0)
Requirement already satisfied: flake8==3.8.1 in /usr/local/lib/python3.6/site-packages (from -r requirements-dev.txt (line 3)) (3.8.1)
Requirement already satisfied: mypy<0.783 in /usr/local/lib/python3.6/site-packages (from -r requirements-dev.txt (line 4)) (0.782)
Requirement already satisfied: Pillow==7.2.0 in /usr/local/lib/python3.6/site-packages (from -r requirements-dev.txt (line 5)) (7.2.0)
Requirement already satisfied: pytest==5.4.2 in /usr/local/lib/python3.6/site-packages (from -r requirements-dev.txt (line 6)) (5.4.2)
Requirement already satisfied: pytest-cov==2.10.0 in /usr/local/lib/python3.6/site-packages (from -r requirements-dev.txt (line 7)) (2.10.0)
Requirement already satisfied: tox<4.0.0 in /usr/local/lib/python3.6/site-packages (from -r requirements-dev.txt (line 8)) (3.17.1)
Requirement already satisfied: grpcio-tools==1.30.0 in /usr/local/lib/python3.6/site-packages (from -r requirements-dev.txt (line 9)) (1.30.0)
Requirement already satisfied: mypy-protobuf==1.22 in /usr/local/lib/python3.6/site-packages (from -r requirements-dev.txt (line 10)) (1.22)
Requirement already satisfied: tenacity==6.2.0 in /usr/local/lib/python3.6/site-packages (from -r requirements-dev.txt (line 13)) (6.2.0)
Requirement already satisfied: coverage==5.2 in /usr/local/lib/python3.6/site-packages (from -r requirements-dev.txt (line 16)) (5.2)
Requirement already satisfied: pandas==1.0.1 in /usr/local/lib/python3.6/site-packages (from -r requirements-dev.txt (line 19)) (1.0.1)
Requirement already satisfied: pip-licenses==2.2.1 in /usr/local/lib/python3.6/site-packages (from -r requirements-dev.txt (line 22)) (2.2.1)
Requirement already satisfied: click>=5.1 in /usr/local/lib/python3.6/site-packages (from Flask<2.0.0->-r requirements.txt (line 1)) (7.1.2)
Requirement already satisfied: itsdangerous>=0.24 in /usr/local/lib/python3.6/site-packages (from Flask<2.0.0->-r requirements.txt (line 1)) (1.1.0)
Requirement already satisfied: Jinja2>=2.10.1 in /usr/local/lib/python3.6/site-packages (from Flask<2.0.0->-r requirements.txt (line 1)) (2.11.2)
Requirement already satisfied: Werkzeug>=0.15 in /usr/local/lib/python3.6/site-packages (from Flask<2.0.0->-r requirements.txt (line 1)) (1.0.1)
Requirement already satisfied: six>=1.11.0 in /usr/local/lib/python3.6/site-packages (from jsonschema<4.0.0->-r requirements.txt (line 2)) (1.15.0)
Requirement already satisfied: importlib-metadata; python_version < "3.8" in /usr/local/lib/python3.6/site-packages (from jsonschema<4.0.0->-r requirements.txt (line 2)) (1.7.0)
Requirement already satisfied: attrs>=17.4.0 in /usr/local/lib/python3.6/site-packages (from jsonschema<4.0.0->-r requirements.txt (line 2)) (19.3.0)
Requirement already satisfied: pyrsistent>=0.14.0 in /usr/local/lib/python3.6/site-packages (from jsonschema<4.0.0->-r requirements.txt (line 2)) (0.16.0)
Requirement already satisfied: urllib3!=1.25.0,!=1.25.1,<1.26,>=1.21.1 in /usr/local/lib/python3.6/site-packages (from requests<3.0.0->-r requirements.txt (line 5)) (1.25.9)
Requirement already satisfied: certifi>=2017.4.17 in /usr/local/lib/python3.6/site-packages (from requests<3.0.0->-r requirements.txt (line 5)) (2020.6.20)
Requirement already satisfied: chardet<4,>=3.0.2 in /usr/local/lib/python3.6/site-packages (from requests<3.0.0->-r requirements.txt (line 5)) (3.0.4)
Requirement already satisfied: idna<3,>=2.5 in /usr/local/lib/python3.6/site-packages (from requests<3.0.0->-r requirements.txt (line 5)) (2.10)
Requirement already satisfied: tornado<6,>=4.3 in /usr/local/lib/python3.6/site-packages (from jaeger-client<4.2.0,>=4.1.0->-r requirements.txt (line 12)) (5.1.1)
Requirement already satisfied: thrift in /usr/local/lib/python3.6/site-packages (from jaeger-client<4.2.0,>=4.1.0->-r requirements.txt (line 12)) (0.13.0)
Requirement already satisfied: threadloop<2,>=1 in /usr/local/lib/python3.6/site-packages (from jaeger-client<4.2.0,>=4.1.0->-r requirements.txt (line 12)) (1.0.2)
Requirement already satisfied: configparser in /usr/local/lib/python3.6/site-packages (from minio<6.0.0,>=4.0.9->-r requirements.txt (line 16)) (5.0.0)
Requirement already satisfied: pytz in /usr/local/lib/python3.6/site-packages (from minio<6.0.0,>=4.0.9->-r requirements.txt (line 16)) (2020.1)
Requirement already satisfied: python-dateutil in /usr/local/lib/python3.6/site-packages (from minio<6.0.0,>=4.0.9->-r requirements.txt (line 16)) (2.8.1)
Requirement already satisfied: azure-common>=1.1.5 in /usr/local/lib/python3.6/site-packages (from azure-storage-blob<3.0.0,>=2.0.1->-r requirements.txt (line 17)) (1.1.25)
Requirement already satisfied: azure-storage-common~=2.1 in /usr/local/lib/python3.6/site-packages (from azure-storage-blob<3.0.0,>=2.0.1->-r requirements.txt (line 17)) (2.1.0)
Requirement already satisfied: google-auth<2.0dev,>=1.11.0 in /usr/local/lib/python3.6/site-packages (from google-cloud-storage>=1.16.0->-r requirements.txt (line 19)) (1.19.2)
Requirement already satisfied: google-cloud-core<2.0dev,>=1.2.0 in /usr/local/lib/python3.6/site-packages (from google-cloud-storage>=1.16.0->-r requirements.txt (line 19)) (1.3.0)
Requirement already satisfied: google-resumable-media<0.6dev,>=0.5.0 in /usr/local/lib/python3.6/site-packages (from google-cloud-storage>=1.16.0->-r requirements.txt (line 19)) (0.5.1)
Requirement already satisfied: regex in /usr/local/lib/python3.6/site-packages (from black==19.10b0->-r requirements-dev.txt (line 2)) (2020.7.14)
Requirement already satisfied: toml>=0.9.4 in /usr/local/lib/python3.6/site-packages (from black==19.10b0->-r requirements-dev.txt (line 2)) (0.10.1)
Requirement already satisfied: pathspec<1,>=0.6 in /usr/local/lib/python3.6/site-packages (from black==19.10b0->-r requirements-dev.txt (line 2)) (0.8.0)
Requirement already satisfied: appdirs in /usr/local/lib/python3.6/site-packages (from black==19.10b0->-r requirements-dev.txt (line 2)) (1.4.4)
Requirement already satisfied: typed-ast>=1.4.0 in /usr/local/lib/python3.6/site-packages (from black==19.10b0->-r requirements-dev.txt (line 2)) (1.4.1)
Requirement already satisfied: pyflakes<2.3.0,>=2.2.0 in /usr/local/lib/python3.6/site-packages (from flake8==3.8.1->-r requirements-dev.txt (line 3)) (2.2.0)
Requirement already satisfied: pycodestyle<2.7.0,>=2.6.0a1 in /usr/local/lib/python3.6/site-packages (from flake8==3.8.1->-r requirements-dev.txt (line 3)) (2.6.0)
Requirement already satisfied: mccabe<0.7.0,>=0.6.0 in /usr/local/lib/python3.6/site-packages (from flake8==3.8.1->-r requirements-dev.txt (line 3)) (0.6.1)
Requirement already satisfied: mypy-extensions<0.5.0,>=0.4.3 in /usr/local/lib/python3.6/site-packages (from mypy<0.783->-r requirements-dev.txt (line 4)) (0.4.3)
Requirement already satisfied: typing-extensions>=3.7.4 in /usr/local/lib/python3.6/site-packages (from mypy<0.783->-r requirements-dev.txt (line 4)) (3.7.4.2)
Requirement already satisfied: wcwidth in /usr/local/lib/python3.6/site-packages (from pytest==5.4.2->-r requirements-dev.txt (line 6)) (0.2.5)
Requirement already satisfied: pluggy<1.0,>=0.12 in /usr/local/lib/python3.6/site-packages (from pytest==5.4.2->-r requirements-dev.txt (line 6)) (0.13.1)
Requirement already satisfied: packaging in /usr/local/lib/python3.6/site-packages (from pytest==5.4.2->-r requirements-dev.txt (line 6)) (20.4)
Requirement already satisfied: more-itertools>=4.0.0 in /usr/local/lib/python3.6/site-packages (from pytest==5.4.2->-r requirements-dev.txt (line 6)) (8.4.0)
Requirement already satisfied: py>=1.5.0 in /usr/local/lib/python3.6/site-packages (from pytest==5.4.2->-r requirements-dev.txt (line 6)) (1.9.0)
Requirement already satisfied: virtualenv!=20.0.0,!=20.0.1,!=20.0.2,!=20.0.3,!=20.0.4,!=20.0.5,!=20.0.6,!=20.0.7,>=16.0.0 in /usr/local/lib/python3.6/site-packages (from tox<4.0.0->-r requirements-dev.txt (line 8)) (20.0.27)
Requirement already satisfied: filelock>=3.0.0 in /usr/local/lib/python3.6/site-packages (from tox<4.0.0->-r requirements-dev.txt (line 8)) (3.0.12)
Requirement already satisfied: PTable in /usr/local/lib/python3.6/site-packages (from pip-licenses==2.2.1->-r requirements-dev.txt (line 22)) (0.9.2)
Requirement already satisfied: MarkupSafe>=0.23 in /usr/local/lib/python3.6/site-packages (from Jinja2>=2.10.1->Flask<2.0.0->-r requirements.txt (line 1)) (1.1.1)
Requirement already satisfied: zipp>=0.5 in /usr/local/lib/python3.6/site-packages (from importlib-metadata; python_version < "3.8"->jsonschema<4.0.0->-r requirements.txt (line 2)) (3.1.0)
Requirement already satisfied: cryptography in /usr/local/lib/python3.6/site-packages (from azure-storage-common~=2.1->azure-storage-blob<3.0.0,>=2.0.1->-r requirements.txt (line 17)) (2.9.2)
Requirement already satisfied: pyasn1-modules>=0.2.1 in /usr/local/lib/python3.6/site-packages (from google-auth<2.0dev,>=1.11.0->google-cloud-storage>=1.16.0->-r requirements.txt (line 19)) (0.2.8)
Requirement already satisfied: cachetools<5.0,>=2.0.0 in /usr/local/lib/python3.6/site-packages (from google-auth<2.0dev,>=1.11.0->google-cloud-storage>=1.16.0->-r requirements.txt (line 19)) (4.1.1)
Requirement already satisfied: rsa<5,>=3.1.4; python_version >= "3" in /usr/local/lib/python3.6/site-packages (from google-auth<2.0dev,>=1.11.0->google-cloud-storage>=1.16.0->-r requirements.txt (line 19)) (4.6)
Requirement already satisfied: google-api-core<2.0.0dev,>=1.16.0 in /usr/local/lib/python3.6/site-packages (from google-cloud-core<2.0dev,>=1.2.0->google-cloud-storage>=1.16.0->-r requirements.txt (line 19)) (1.21.0)
Requirement already satisfied: pyparsing>=2.0.2 in /usr/local/lib/python3.6/site-packages (from packaging->pytest==5.4.2->-r requirements-dev.txt (line 6)) (2.4.7)
Requirement already satisfied: importlib-resources>=1.0; python_version < "3.7" in /usr/local/lib/python3.6/site-packages (from virtualenv!=20.0.0,!=20.0.1,!=20.0.2,!=20.0.3,!=20.0.4,!=20.0.5,!=20.0.6,!=20.0.7,>=16.0.0->tox<4.0.0->-r requirements-dev.txt (line 8)) (3.0.0)
Requirement already satisfied: distlib<1,>=0.3.1 in /usr/local/lib/python3.6/site-packages (from virtualenv!=20.0.0,!=20.0.1,!=20.0.2,!=20.0.3,!=20.0.4,!=20.0.5,!=20.0.6,!=20.0.7,>=16.0.0->tox<4.0.0->-r requirements-dev.txt (line 8)) (0.3.1)
Requirement already satisfied: cffi!=1.11.3,>=1.8 in /usr/local/lib/python3.6/site-packages (from cryptography->azure-storage-common~=2.1->azure-storage-blob<3.0.0,>=2.0.1->-r requirements.txt (line 17)) (1.14.0)
Requirement already satisfied: pyasn1<0.5.0,>=0.4.6 in /usr/local/lib/python3.6/site-packages (from pyasn1-modules>=0.2.1->google-auth<2.0dev,>=1.11.0->google-cloud-storage>=1.16.0->-r requirements.txt (line 19)) (0.4.8)
Requirement already satisfied: googleapis-common-protos<2.0dev,>=1.6.0 in /usr/local/lib/python3.6/site-packages (from google-api-core<2.0.0dev,>=1.16.0->google-cloud-core<2.0dev,>=1.2.0->google-cloud-storage>=1.16.0->-r requirements.txt (line 19)) (1.52.0)
Requirement already satisfied: pycparser in /usr/local/lib/python3.6/site-packages (from cffi!=1.11.3,>=1.8->cryptography->azure-storage-common~=2.1->azure-storage-blob<3.0.0,>=2.0.1->-r requirements.txt (line 17)) (2.20)
Installing collected packages: seldon-core
  Running setup.py develop for seldon-core
Successfully installed seldon-core
tox -e tensorflow
GLOB sdist-make: /workspace/source/python/setup.py
tensorflow create: /workspace/source/python/.tox/tensorflow
tensorflow installdeps: tenacity, pytest, pytest-cov, Pillow
tensorflow inst: /workspace/source/python/.tox/.tmp/package/1/seldon-core-1.2.2.dev0.zip
tensorflow installed: absl-py==0.9.0,astunparse==1.6.3,attrs==19.3.0,azure-common==1.1.25,azure-storage-blob==2.1.0,azure-storage-common==2.1.0,cachetools==4.1.1,certifi==2020.6.20,cffi==1.14.0,chardet==3.0.4,click==7.1.2,configparser==5.0.0,coverage==5.2,cryptography==2.9.2,Flask==1.1.2,Flask-Cors==3.0.8,Flask-OpenTracing==1.1.0,flatbuffers==1.12,gast==0.3.3,google-auth==1.19.2,google-auth-oauthlib==0.4.1,google-pasta==0.2.0,grpcio==1.30.0,grpcio-opentracing==1.1.4,gunicorn==20.0.4,h5py==2.10.0,idna==2.10,importlib-metadata==1.7.0,itsdangerous==1.1.0,jaeger-client==4.1.0,Jinja2==2.11.2,jsonschema==3.2.0,Keras-Preprocessing==1.1.2,Markdown==3.2.2,MarkupSafe==1.1.1,minio==5.0.10,more-itertools==8.4.0,numpy==1.19.0,oauthlib==3.1.0,opentracing==2.2.0,opt-einsum==3.3.0,packaging==20.4,Pillow==7.2.0,pluggy==0.13.1,prometheus-client==0.8.0,protobuf==3.12.2,py==1.9.0,pyasn1==0.4.8,pyasn1-modules==0.2.8,pycparser==2.20,pyparsing==2.4.7,pyrsistent==0.16.0,pytest==5.4.3,pytest-cov==2.10.0,python-dateutil==2.8.1,pytz==2020.1,PyYAML==5.3.1,redis==3.5.3,requests==2.24.0,requests-oauthlib==1.3.0,rsa==4.6,scipy==1.4.1,seldon-core @ file:///workspace/source/python/.tox/.tmp/package/1/seldon-core-1.2.2.dev0.zip,six==1.15.0,tenacity==6.2.0,tensorboard==2.2.2,tensorboard-plugin-wit==1.7.0,tensorflow==2.2.0,tensorflow-estimator==2.2.0,termcolor==1.1.0,threadloop==1.0.2,thrift==0.13.0,tornado==5.1.1,urllib3==1.25.9,wcwidth==0.2.5,Werkzeug==1.0.1,wrapt==1.12.1,zipp==3.1.0
tensorflow run-test-pre: PYTHONHASHSEED='3614169398'
tensorflow run-test: commands[0] | pytest
============================= test session starts ==============================
platform linux -- Python 3.6.10, pytest-5.4.3, py-1.9.0, pluggy-0.13.1
cachedir: .tox/tensorflow/.pytest_cache
rootdir: /workspace/source/python, inifile: setup.cfg
plugins: cov-2.10.0
collected 369 items

tests/test_api_tester.py ..                                              [  0%]
tests/test_application_exception_microservice.py ..                      [  1%]
tests/test_azure_storage.py ......                                       [  2%]
tests/test_combiner_microservice.py .....................                [  8%]
tests/test_metadata.py ................................................. [ 21%]
...                                                                      [ 22%]
tests/test_metrics.py .................................................. [ 36%]
.................                                                        [ 40%]
tests/test_microservice.py .............                                 [ 44%]
tests/test_microservice_tester.py .....                                  [ 45%]
tests/test_model_microservice.py ....................................... [ 56%]
........                                                                 [ 58%]
tests/test_router_microservice.py .................                      [ 62%]
tests/test_s3_storage.py ...                                             [ 63%]
tests/test_seldon_client.py ..................................           [ 72%]
tests/test_storage.py ...s...s                                           [ 75%]
tests/test_transformer_microservice.py ................................. [ 84%]
........                                                                 [ 86%]
tests/test_user_model.py ....                                            [ 87%]
tests/test_utils.py ...............................................      [100%]

---------- coverage: platform linux, python 3.6.10-final-0 -----------
Name                                                                                                  Stmts   Miss  Cover
-------------------------------------------------------------------------------------------------------------------------
.tox/tensorflow/lib/python3.6/site-packages/seldon_core/__init__.py                                       2      0   100%
.tox/tensorflow/lib/python3.6/site-packages/seldon_core/api_tester.py                                    81     81     0%
.tox/tensorflow/lib/python3.6/site-packages/seldon_core/app.py                                           36      3    92%
.tox/tensorflow/lib/python3.6/site-packages/seldon_core/batch_processor.py                               94     94     0%
.tox/tensorflow/lib/python3.6/site-packages/seldon_core/flask_utils.py                                   44     24    45%
.tox/tensorflow/lib/python3.6/site-packages/seldon_core/imports_helper.py                                19      5    74%
.tox/tensorflow/lib/python3.6/site-packages/seldon_core/metadata.py                                      32      3    91%
.tox/tensorflow/lib/python3.6/site-packages/seldon_core/metrics.py                                      117     71    39%
.tox/tensorflow/lib/python3.6/site-packages/seldon_core/microservice.py                                 199     65    67%
.tox/tensorflow/lib/python3.6/site-packages/seldon_core/microservice_tester.py                          140    140     0%
.tox/tensorflow/lib/python3.6/site-packages/seldon_core/persistence.py                                   45     23    49%
.tox/tensorflow/lib/python3.6/site-packages/seldon_core/proto/__init__.py                                 0      0   100%
.tox/tensorflow/lib/python3.6/site-packages/seldon_core/proto/prediction_pb2.py                         158      0   100%
.tox/tensorflow/lib/python3.6/site-packages/seldon_core/proto/prediction_pb2_grpc.py                    196    106    46%
.tox/tensorflow/lib/python3.6/site-packages/seldon_core/proto/tensorflow/core/framework/__init__.py       3      0   100%
.tox/tensorflow/lib/python3.6/site-packages/seldon_core/seldon_client.py                                599    599     0%
.tox/tensorflow/lib/python3.6/site-packages/seldon_core/seldon_methods.py                               239    190    21%
.tox/tensorflow/lib/python3.6/site-packages/seldon_core/serving_test_gen.py                              40     40     0%
.tox/tensorflow/lib/python3.6/site-packages/seldon_core/storage.py                                      154    126    18%
.tox/tensorflow/lib/python3.6/site-packages/seldon_core/user_model.py                                   162     92    43%
.tox/tensorflow/lib/python3.6/site-packages/seldon_core/utils.py                                        282    142    50%
.tox/tensorflow/lib/python3.6/site-packages/seldon_core/version.py                                        1      0   100%
.tox/tensorflow/lib/python3.6/site-packages/seldon_core/wrapper.py                                      148     75    49%
seldon_core/__init__.py                                                                                   2      0   100%
seldon_core/api_tester.py                                                                                81     38    53%
seldon_core/app.py                                                                                       36     22    39%
seldon_core/batch_processor.py                                                                           94     94     0%
seldon_core/flask_utils.py                                                                               44      3    93%
seldon_core/imports_helper.py                                                                            19      5    74%
seldon_core/metadata.py                                                                                  32      0   100%
seldon_core/metrics.py                                                                                  117      1    99%
seldon_core/microservice.py                                                                             199    120    40%
seldon_core/microservice_tester.py                                                                      140     43    69%
seldon_core/persistence.py                                                                               45     23    49%
seldon_core/proto/__init__.py                                                                             0      0   100%
seldon_core/proto/prediction_pb2.py                                                                     158      0   100%
seldon_core/proto/prediction_pb2_grpc.py                                                                196     82    58%
seldon_core/proto/tensorflow/core/framework/__init__.py                                                   3      0   100%
seldon_core/seldon_client.py                                                                            599    284    53%
seldon_core/seldon_methods.py                                                                           239     11    95%
seldon_core/serving_test_gen.py                                                                          40     40     0%
seldon_core/storage.py                                                                                  154     53    66%
seldon_core/user_model.py                                                                               162     25    85%
seldon_core/utils.py                                                                                    282     31    89%
seldon_core/version.py                                                                                    1      0   100%
seldon_core/wrapper.py                                                                                  148     11    93%
-------------------------------------------------------------------------------------------------------------------------
TOTAL                                                                                                  5582   2765    50%


================== 367 passed, 2 skipped in 189.02s (0:03:09) ==================
___________________________________ summary ____________________________________
  tensorflow: commands succeeded
  congratulations :)
make: Leaving directory '/workspace/source/python'

Showing logs for build [32mseldonio-seldon-core-pr-2172-pr-558cn-3[0m stage [32mseldon-executor[0m and container [32mstep-credential-initializer-hc5b7[0m
{"level":"info","ts":1595273517.625849,"logger":"fallback-logger","caller":"logging/config.go:69","msg":"Fetch GitHub commit ID from kodata failed: open /var/run/ko/refs/heads/0.8.0-ns-support: no such file or directory"}
{"level":"info","ts":1595273517.6264007,"logger":"fallback-logger","caller":"creds-init/main.go:40","msg":"Credentials initialized."}

Showing logs for build [32mseldonio-seldon-core-pr-2172-pr-558cn-3[0m stage [32mseldon-executor[0m and container [32mstep-working-dir-initializer-dw2q7[0m
{"level":"info","ts":1595273520.3885312,"logger":"fallback-logger","caller":"logging/config.go:69","msg":"Fetch GitHub commit ID from kodata failed: open /var/run/ko/HEAD: no such file or directory"}
{"level":"info","ts":1595273520.3928103,"logger":"fallback-logger","caller":"bash/main.go:64","msg":"Successfully executed command \"sh -c mkdir -p /workspace/source\"; output "}

Showing logs for build [32mseldonio-seldon-core-pr-2172-pr-558cn-3[0m stage [32mseldon-executor[0m and container [32mstep-place-tools[0m

Showing logs for build [32mseldonio-seldon-core-pr-2172-pr-558cn-3[0m stage [32mseldon-executor[0m and container [32mstep-create-dir-workspace-2lkfc[0m
{"level":"info","ts":1595273625.691726,"logger":"fallback-logger","caller":"logging/config.go:69","msg":"Fetch GitHub commit ID from kodata failed: open /var/run/ko/HEAD: no such file or directory"}
{"level":"info","ts":1595273625.6950152,"logger":"fallback-logger","caller":"bash/main.go:64","msg":"Successfully executed command \"sh -c mkdir -p /workspace/source\"; output "}

Showing logs for build [32mseldonio-seldon-core-pr-2172-pr-558cn-3[0m stage [32mseldon-executor[0m and container [32mstep-source-copy-workspace-gz7k6[0m
{"level":"info","ts":1595273626.3572142,"logger":"fallback-logger","caller":"logging/config.go:69","msg":"Fetch GitHub commit ID from kodata failed: open /var/run/ko/HEAD: no such file or directory"}
{"level":"info","ts":1595273702.3693843,"logger":"fallback-logger","caller":"bash/main.go:64","msg":"Successfully executed command \"sh -c cp -r /pvc/pr-build-comment/workspace/. /workspace/source\"; output "}

Showing logs for build [32mseldonio-seldon-core-pr-2172-pr-558cn-3[0m stage [32mseldon-executor[0m and container [32mstep-setup-builder-home[0m

Showing logs for build [32mseldonio-seldon-core-pr-2172-pr-558cn-3[0m stage [32mseldon-executor[0m and container [32mstep-test-executor[0m
make: Entering directory '/workspace/source/executor'
go fmt ./api/... ./predictor/... ./k8s/...
go: downloading github.com/prometheus/client_golang v1.7.1
go: downloading github.com/google/uuid v1.1.1
go: downloading google.golang.org/grpc v1.30.0
go: downloading sigs.k8s.io/controller-runtime v0.5.8
go: downloading github.com/go-logr/logr v0.1.0
go: downloading github.com/grpc-ecosystem/go-grpc-middleware v1.2.0
go: downloading k8s.io/apimachinery v0.17.8
go: downloading k8s.io/api v0.17.8
go: downloading github.com/prometheus/client_model v0.2.0
go: downloading github.com/opentracing/opentracing-go v1.2.0
go: downloading github.com/golang/protobuf v1.4.2
go: downloading google.golang.org/protobuf v1.23.0
go: downloading github.com/gorilla/mux v1.7.4
go: downloading gopkg.in/fsnotify.v1 v1.4.7
go: downloading k8s.io/client-go v0.17.8
go: downloading github.com/cloudevents/sdk-go v1.2.0
go: downloading github.com/gogo/protobuf v1.3.1
go: downloading github.com/uber/jaeger-client-go v2.24.0+incompatible
go: downloading github.com/pkg/errors v0.9.1
go: downloading github.com/json-iterator/go v1.1.10
go: downloading golang.org/x/net v0.0.0-20200520004742-59133d7f0dd7
go: downloading github.com/cespare/xxhash/v2 v2.1.1
go: downloading github.com/spf13/pflag v1.0.5
go: downloading github.com/modern-go/concurrent v0.0.0-20180306012644-bacd9c7ef1dd
go: downloading github.com/prometheus/common v0.10.0
go: downloading go.uber.org/zap v1.15.0
go: downloading sigs.k8s.io/yaml v1.1.0
go: downloading go.opencensus.io v0.22.0
go: downloading github.com/evanphx/json-patch v4.5.0+incompatible
go: downloading github.com/uber/jaeger-lib v2.2.0+incompatible
go: downloading github.com/google/gofuzz v1.0.0
go: downloading k8s.io/klog v1.0.0
go: downloading gopkg.in/inf.v0 v0.9.1
go: downloading golang.org/x/time v0.0.0-20190921001708-c4c64cad1fd0
go: downloading golang.org/x/sys v0.0.0-20200615200032-f1bc736245b1
go: downloading gopkg.in/yaml.v2 v2.3.0
go: downloading github.com/googleapis/gnostic v0.3.1
go: downloading github.com/go-logr/zapr v0.1.0
go: downloading github.com/beorn7/perks v1.0.1
go: downloading k8s.io/apiextensions-apiserver v0.17.8
go: downloading github.com/imdario/mergo v0.3.9
go: downloading github.com/hashicorp/golang-lru v0.5.4
go: downloading github.com/prometheus/procfs v0.1.3
go: downloading google.golang.org/genproto v0.0.0-20190916214212-f660b8655731
go: downloading k8s.io/utils v0.0.0-20200619165400-6e3d28b6ed19
go: downloading github.com/modern-go/reflect2 v1.0.1
go: downloading go.uber.org/atomic v1.6.0
go: downloading golang.org/x/crypto v0.0.0-20200622213623-75b288015ac9
go: downloading golang.org/x/oauth2 v0.0.0-20190604053449-0f29369cfe45
go: downloading go.uber.org/multierr v1.5.0
go: downloading gomodules.xyz/jsonpatch/v2 v2.0.1
go: downloading github.com/matttproud/golang_protobuf_extensions v1.0.1
go: downloading github.com/davecgh/go-spew v1.1.1
go: downloading golang.org/x/text v0.3.3
go: downloading k8s.io/klog/v2 v2.0.0
go: downloading github.com/lightstep/tracecontext.go v0.0.0-20181129014701-1757c391b1ac
go: downloading golang.org/x/xerrors v0.0.0-20191204190536-9bdfabe68543
go: downloading github.com/golang/groupcache v0.0.0-20190702054246-869f871628b6
go: downloading github.com/google/go-cmp v0.5.0
go: downloading k8s.io/kube-openapi v0.0.0-20200410145947-bcb3869e6f29
go vet ./api/... ./predictor/... ./k8s/...
go: downloading github.com/onsi/gomega v1.10.1
go: downloading gotest.tools v2.2.0+incompatible
go test ./api/... ./predictor/... ./k8s/... -coverprofile cover.out
?   	github.com/seldonio/seldon-core/executor/api	[no test files]
?   	github.com/seldonio/seldon-core/executor/api/client	[no test files]
ok  	github.com/seldonio/seldon-core/executor/api/grpc	0.657s	coverage: 18.0% of statements
ok  	github.com/seldonio/seldon-core/executor/api/grpc/seldon	1.423s	coverage: 48.5% of statements
?   	github.com/seldonio/seldon-core/executor/api/grpc/seldon/proto	[no test files]
?   	github.com/seldonio/seldon-core/executor/api/grpc/seldon/test	[no test files]
ok  	github.com/seldonio/seldon-core/executor/api/grpc/tensorflow	0.398s	coverage: 19.0% of statements
ok  	github.com/seldonio/seldon-core/executor/api/metric	0.496s	coverage: 31.6% of statements
ok  	github.com/seldonio/seldon-core/executor/api/payload	0.826s	coverage: 64.3% of statements
ok  	github.com/seldonio/seldon-core/executor/api/rest	1.328s	coverage: 67.4% of statements
?   	github.com/seldonio/seldon-core/executor/api/test	[no test files]
ok  	github.com/seldonio/seldon-core/executor/api/tracing	0.884s	coverage: 72.2% of statements
ok  	github.com/seldonio/seldon-core/executor/api/util	0.315s	coverage: 48.1% of statements
ok  	github.com/seldonio/seldon-core/executor/predictor	0.336s	coverage: 78.5% of statements
ok  	github.com/seldonio/seldon-core/executor/k8s	0.040s	coverage: 72.7% of statements
make: Leaving directory '/workspace/source/executor'
