
Showing logs for build [32mseldonio-seldon-core-pr-1806-in-dg8c4-3[0m stage [32mpr-build-comment[0m and container [32mstep-credential-initializer-jq2jz[0m
{"level":"warn","ts":1588847317.0539277,"logger":"fallback-logger","caller":"logging/config.go:69","msg":"Fetch GitHub commit ID from kodata failed: \"ref: refs/heads/0.8.0-**-support-backwards-incompats\" is not a valid GitHub commit ID"}
{"level":"info","ts":1588847317.0543745,"logger":"fallback-logger","caller":"creds-init/main.go:40","msg":"Credentials initialized."}

Showing logs for build [32mseldonio-seldon-core-pr-1806-in-dg8c4-3[0m stage [32mpr-build-comment[0m and container [32mstep-working-dir-initializer-7kzwq[0m
{"level":"warn","ts":1588847317.8235183,"logger":"fallback-logger","caller":"logging/config.go:69","msg":"Fetch GitHub commit ID from kodata failed: open /var/run/ko/HEAD: no such file or directory"}
{"level":"info","ts":1588847317.8252466,"logger":"fallback-logger","caller":"bash/main.go:64","msg":"Successfully executed command \"sh -c mkdir -p /workspace/source\"; output "}

Showing logs for build [32mseldonio-seldon-core-pr-1806-in-dg8c4-3[0m stage [32mpr-build-comment[0m and container [32mstep-place-tools[0m

Showing logs for build [32mseldonio-seldon-core-pr-1806-in-dg8c4-3[0m stage [32mpr-build-comment[0m and container [32mstep-create-dir-workspace-kf4xx[0m
{"level":"warn","ts":1588847328.136156,"logger":"fallback-logger","caller":"logging/config.go:69","msg":"Fetch GitHub commit ID from kodata failed: open /var/run/ko/HEAD: no such file or directory"}
{"level":"info","ts":1588847328.1399388,"logger":"fallback-logger","caller":"bash/main.go:64","msg":"Successfully executed command \"sh -c mkdir -p source\"; output "}

Showing logs for build [32mseldonio-seldon-core-pr-1806-in-dg8c4-3[0m stage [32mpr-build-comment[0m and container [32mstep-git-source-seldonio-seldon-core-pr-1806-in-v99xr[0m
{"level":"warn","ts":1588847328.489324,"logger":"fallback-logger","caller":"logging/config.go:69","msg":"Fetch GitHub commit ID from kodata failed: \"ref: refs/heads/0.8.0-**-support-backwards-incompats\" is not a valid GitHub commit ID"}
{"level":"info","ts":1588847333.1588743,"logger":"fallback-logger","caller":"git/git.go:103","msg":"Successfully cloned https://github.com/SeldonIO/seldon-core.git @ master in path /workspace/source"}

Showing logs for build [32mseldonio-seldon-core-pr-1806-in-dg8c4-3[0m stage [32mpr-build-comment[0m and container [32mstep-git-merge[0m
Using SHAs from PULL_REFS=master:dbc55c4ea8edba6bd241702aa6abe70e34cfadcd,1806:031c823f34ab224d637a90156c241f6f5ca56041
DEBUG: ran git fetch --unshallow origin 031c823f34ab224d637a90156c241f6f5ca56041: dbc55c4ea8edba6bd241702aa6abe70e34cfadcd: in 
DEBUG: ran git checkout master in 
DEBUG: ran git reset --hard dbc55c4ea8edba6bd241702aa6abe70e34cfadcd in 
DEBUG: ran clean --force -d . in 
DEBUG: ran git merge 031c823f34ab224d637a90156c241f6f5ca56041 in 
Merged SHA f525b85d9c1331b536b822f96edc80843117aafd with commit message 'Merge commit '031c823f34ab224d637a90156c241f6f5ca56041'' into base branch master
Merged SHA 031c823f34ab224d637a90156c241f6f5ca56041 with commit message 'Merge branch 'master' of github.com:SeldonIO/seldon-core' into base branch master
Merged SHA 41b6b086fe4aa90a2e0ce504dd2c543f944d21c9 with commit message 'update helm template' into base branch master
Merged SHA 0a919463e869481e51051f8e2701e000a0a5cf44 with commit message 'configurable metrics port name' into base branch master

Showing logs for build [32mseldonio-seldon-core-pr-1806-in-dg8c4-3[0m stage [32mpr-build-comment[0m and container [32mstep-step2[0m
+++ dirname ./add-pr-build-comment
++ cd .
++ pwd
+ STARTUP_DIR=/workspace/source/ci
+ REPO_OWNER=SeldonIO
+ REPO_NAME=seldon-core
+ PULL_NUMBER=1806
+ BUILD_NUMBER=3
+ PIPELINE_CONTEXT=integration
++ cat
+++ date
+ COMMENT_MSG='Thu May  7 10:29:00 UTC 2020
The logs for [integration] [3] will show after the pipeline context has finished.  
https://github.com/SeldonIO/seldon-core/blob/gh-pages/jenkins-x/logs/SeldonIO/seldon-core/PR-1806/3.log

impatient try  
** get build logs SeldonIO/seldon-core/PR-1806 --build=3'
+ ** step pr comment --owner=SeldonIO --repository=seldon-core --pull-request=1806 '--comment=Thu May  7 10:29:00 UTC 2020
The logs for [integration] [3] will show after the pipeline context has finished.  
https://github.com/SeldonIO/seldon-core/blob/gh-pages/jenkins-x/logs/SeldonIO/seldon-core/PR-1806/3.log

impatient try  
** get build logs SeldonIO/seldon-core/PR-1806 --build=3'

Showing logs for build [32mseldonio-seldon-core-pr-1806-in-dg8c4-3[0m stage [32mpr-build-comment[0m and container [32mstep-source-mkdir-seldonio-seldon-core-pr-1806-in-9xlkf[0m
{"level":"warn","ts":1588847343.49441,"logger":"fallback-logger","caller":"logging/config.go:69","msg":"Fetch GitHub commit ID from kodata failed: open /var/run/ko/HEAD: no such file or directory"}
{"level":"info","ts":1588847343.5291624,"logger":"fallback-logger","caller":"bash/main.go:64","msg":"Successfully executed command \"sh -c mkdir -p /pvc/pr-build-comment/workspace\"; output "}

Showing logs for build [32mseldonio-seldon-core-pr-1806-in-dg8c4-3[0m stage [32mpr-build-comment[0m and container [32mstep-source-copy-seldonio-seldon-core-pr-1806-in-pn9nz[0m
{"level":"warn","ts":1588847343.85441,"logger":"fallback-logger","caller":"logging/config.go:69","msg":"Fetch GitHub commit ID from kodata failed: open /var/run/ko/HEAD: no such file or directory"}
{"level":"info","ts":1588847344.2972982,"logger":"fallback-logger","caller":"bash/main.go:64","msg":"Successfully executed command \"sh -c cp -r source/. /pvc/pr-build-comment/workspace\"; output "}

Showing logs for build [32mseldonio-seldon-core-pr-1806-in-dg8c4-3[0m stage [32mend-to-end[0m and container [32mstep-credential-initializer-jswh4[0m
{"level":"warn","ts":1588847368.9127376,"logger":"fallback-logger","caller":"logging/config.go:69","msg":"Fetch GitHub commit ID from kodata failed: \"ref: refs/heads/0.8.0-**-support-backwards-incompats\" is not a valid GitHub commit ID"}
{"level":"info","ts":1588847368.9132636,"logger":"fallback-logger","caller":"creds-init/main.go:40","msg":"Credentials initialized."}

Showing logs for build [32mseldonio-seldon-core-pr-1806-in-dg8c4-3[0m stage [32mend-to-end[0m and container [32mstep-working-dir-initializer-br5dp[0m
{"level":"warn","ts":1588847370.0685904,"logger":"fallback-logger","caller":"logging/config.go:69","msg":"Fetch GitHub commit ID from kodata failed: open /var/run/ko/HEAD: no such file or directory"}
{"level":"info","ts":1588847370.0702631,"logger":"fallback-logger","caller":"bash/main.go:64","msg":"Successfully executed command \"sh -c mkdir -p /workspace/source\"; output "}

Showing logs for build [32mseldonio-seldon-core-pr-1806-in-dg8c4-3[0m stage [32mend-to-end[0m and container [32mstep-place-tools[0m

Showing logs for build [32mseldonio-seldon-core-pr-1806-in-dg8c4-3[0m stage [32mend-to-end[0m and container [32mstep-create-dir-workspace-fkjs7[0m
{"level":"warn","ts":1588847377.4476845,"logger":"fallback-logger","caller":"logging/config.go:69","msg":"Fetch GitHub commit ID from kodata failed: open /var/run/ko/HEAD: no such file or directory"}
{"level":"info","ts":1588847377.4495108,"logger":"fallback-logger","caller":"bash/main.go:64","msg":"Successfully executed command \"sh -c mkdir -p /workspace/source\"; output "}

Showing logs for build [32mseldonio-seldon-core-pr-1806-in-dg8c4-3[0m stage [32mend-to-end[0m and container [32mstep-source-copy-workspace-8s6dl[0m
{"level":"warn","ts":1588847377.870482,"logger":"fallback-logger","caller":"logging/config.go:69","msg":"Fetch GitHub commit ID from kodata failed: open /var/run/ko/HEAD: no such file or directory"}
{"level":"info","ts":1588847378.2134783,"logger":"fallback-logger","caller":"bash/main.go:64","msg":"Successfully executed command \"sh -c cp -r /pvc/pr-build-comment/workspace/. /workspace/source\"; output "}

Showing logs for build [32mseldonio-seldon-core-pr-1806-in-dg8c4-3[0m stage [32mend-to-end[0m and container [32mstep-test-end-to-end[0m
Test run type is: [base]
Starting Docker: docker.
[SETUP] Waiting for Docker to be ready, sleeping for 1 seconds ...
kind create cluster --config ../resources/kind_config.yaml
Creating cluster "kind" ...
 ‚Ä¢ Ensuring node image (kindest/node:v1.16.3) üñº  ...
 ‚úì Ensuring node image (kindest/node:v1.16.3) üñº
 ‚Ä¢ Preparing nodes üì¶  ...
 ‚úì Preparing nodes üì¶
 ‚Ä¢ Writing configuration üìú  ...
 ‚úì Writing configuration üìú
 ‚Ä¢ Starting control-plane üïπÔ∏è  ...
 ‚úì Starting control-plane üïπÔ∏è
 ‚Ä¢ Installing CNI üîå  ...
 ‚úì Installing CNI üîå
 ‚Ä¢ Installing StorageClass üíæ  ...
 ‚úì Installing StorageClass üíæ
 ‚Ä¢ Joining worker nodes üöú  ...
 ‚úì Joining worker nodes üöú
Set kubectl context to "kind-kind"
You can now use your cluster with:

kubectl cluster-info --context kind-kind

Thanks for using kind! üòä
`kind get kubeconfig-path` is deprecated!

KIND will export and merge kubeconfig like kops, minikube, etc.
This command is now unnecessary and will be removed in a future release.

For more info see: https://github.com/kubernetes-sigs/kind/issues/1060
See also the output of `kind create cluster`

Files changed in python folder:
SKIPPING PYTHON IMAGE BUILD...
Files changed in operator folder:
operator/apis/machinelearning.seldon.io/v1/seldondeployment_types.go
operator/apis/machinelearning.seldon.io/v1/seldondeployment_webhook.go
operator/apis/machinelearning.seldon.io/v1/seldondeployment_webhook_test.go
operator/constants/constants.go
operator/controllers/seldondeployment_controller.go
operator/controllers/seldondeployment_engine.go
cd ../../operator && make kind-image-install
make[1]: Entering directory '/workspace/source/operator'
go: creating new go.mod: module tmp
go: finding sigs.k8s.io v0.2.5
go: finding sigs.k8s.io/controller-tools v0.2.5
go: finding sigs.k8s.io/controller-tools/cmd/controller-gen v0.2.5
go: finding sigs.k8s.io/controller-tools/cmd v0.2.5
go: downloading sigs.k8s.io/controller-tools v0.2.5
go: extracting sigs.k8s.io/controller-tools v0.2.5
go: downloading github.com/fatih/color v1.7.0
go: downloading sigs.k8s.io/yaml v1.1.0
go: downloading k8s.io/apimachinery v0.17.0
go: downloading k8s.io/apiextensions-apiserver v0.17.0
go: downloading github.com/spf13/cobra v0.0.5
go: downloading gopkg.in/yaml.v3 v3.0.0-20190905181640-827449938966
go: downloading golang.org/x/tools v0.0.0-20190920225731-5eefd052ad72
go: extracting sigs.k8s.io/yaml v1.1.0
go: extracting golang.org/x/tools v0.0.0-20190920225731-5eefd052ad72
go: extracting github.com/spf13/cobra v0.0.5
go: extracting gopkg.in/yaml.v3 v3.0.0-20190905181640-827449938966
go: extracting k8s.io/apiextensions-apiserver v0.17.0
go: extracting k8s.io/apimachinery v0.17.0
go: extracting github.com/fatih/color v1.7.0
go: downloading gopkg.in/yaml.v2 v2.2.4
go: downloading github.com/mattn/go-isatty v0.0.8
go: downloading k8s.io/api v0.17.0
go: downloading github.com/gogo/protobuf v1.2.2-0.20190723190241-65acae22fc9d
go: downloading github.com/mattn/go-colorable v0.1.2
go: downloading k8s.io/utils v0.0.0-20191114184206-e782cd3c129f
go: downloading github.com/google/gofuzz v1.0.0
go: downloading golang.org/x/net v0.0.0-20191004110552-13f9640d40b9
go: downloading gopkg.in/inf.v0 v0.9.1
go: extracting k8s.io/utils v0.0.0-20191114184206-e782cd3c129f
go: extracting github.com/google/gofuzz v1.0.0
go: extracting gopkg.in/yaml.v2 v2.2.4
go: extracting github.com/mattn/go-isatty v0.0.8
go: extracting k8s.io/api v0.17.0
go: extracting gopkg.in/inf.v0 v0.9.1
go: extracting golang.org/x/net v0.0.0-20191004110552-13f9640d40b9
go: extracting github.com/gogo/protobuf v1.2.2-0.20190723190241-65acae22fc9d
go: downloading github.com/spf13/pflag v1.0.5
go: extracting github.com/mattn/go-colorable v0.1.2
go: downloading github.com/gobuffalo/flect v0.2.0
go: downloading golang.org/x/sys v0.0.0-20190826190057-c7b8b68b1456
go: downloading github.com/inconshreveable/mousetrap v1.0.0
go: downloading k8s.io/klog v1.0.0
go: extracting github.com/gobuffalo/flect v0.2.0
go: extracting github.com/spf13/pflag v1.0.5
go: extracting github.com/inconshreveable/mousetrap v1.0.0
go: extracting k8s.io/klog v1.0.0
go: downloading golang.org/x/text v0.3.2
go: extracting golang.org/x/sys v0.0.0-20190826190057-c7b8b68b1456
go: extracting golang.org/x/text v0.3.2
go: finding github.com/spf13/cobra v0.0.5
go: finding github.com/fatih/color v1.7.0
go: finding golang.org/x/tools v0.0.0-20190920225731-5eefd052ad72
go: finding k8s.io/api v0.17.0
go: finding gopkg.in/yaml.v3 v3.0.0-20190905181640-827449938966
go: finding k8s.io/apiextensions-apiserver v0.17.0
go: finding k8s.io/apimachinery v0.17.0
go: finding github.com/gobuffalo/flect v0.2.0
go: finding sigs.k8s.io/yaml v1.1.0
go: finding github.com/mattn/go-colorable v0.1.2
go: finding github.com/mattn/go-isatty v0.0.8
go: finding github.com/gogo/protobuf v1.2.2-0.20190723190241-65acae22fc9d
go: finding github.com/spf13/pflag v1.0.5
go: finding github.com/google/gofuzz v1.0.0
go: finding gopkg.in/inf.v0 v0.9.1
go: finding gopkg.in/yaml.v2 v2.2.4
go: finding k8s.io/klog v1.0.0
go: finding k8s.io/utils v0.0.0-20191114184206-e782cd3c129f
go: finding golang.org/x/sys v0.0.0-20190826190057-c7b8b68b1456
go: finding golang.org/x/net v0.0.0-20191004110552-13f9640d40b9
go: finding golang.org/x/text v0.3.2
/builder/home/go/bin/controller-gen object:headerFile=./hack/boilerplate.go.txt paths="./..."
go fmt ./...
go vet ./...
go: downloading github.com/onsi/gomega v1.8.1
go: downloading github.com/onsi/ginkgo v1.12.0
go: extracting github.com/onsi/gomega v1.8.1
go: extracting github.com/onsi/ginkgo v1.12.0
go: downloading golang.org/x/xerrors v0.0.0-20190717185122-a985d3407aa7
go: extracting golang.org/x/xerrors v0.0.0-20190717185122-a985d3407aa7
go: downloading github.com/hpcloud/tail v1.0.0
go: extracting github.com/hpcloud/tail v1.0.0
go: downloading gopkg.in/tomb.v1 v1.0.0-20141024135613-dd632973f1e7
go: extracting gopkg.in/tomb.v1 v1.0.0-20141024135613-dd632973f1e7
/builder/home/go/bin/controller-gen "crd:trivialVersions=true" rbac:roleName=manager-role webhook paths="./..." output:crd:artifacts:config=config/crd/bases
rm -rf generated
mkdir generated
kustomize build config/default/ -o generated
cp generated/apiextensions.k8s.io_v1beta1_customresourcedefinition_seldondeployments.machinelearning.seldon.io.yaml testing/machinelearning.seldon.io_seldondeployments.yaml
ginkgo -r -outputdir=. -cover -coverprofile=cover.out ./controllers ./utils ./apis  
[1mSTEP[0m: Creating a resource
[1mSTEP[0m: Creating a resource
[1mSTEP[0m: Creating a resource
[1mSTEP[0m: Creating a resource
[1mSTEP[0m: Creating a predictive unit resource with an envSecretRefName and a default env var
[1mSTEP[0m: Creating a predictive unit resource with an envSecretRefName and no default env var
[1mSTEP[0m: Creating a predictive unit resource without an envSecretRefName and a default env var
[1mSTEP[0m: Creating a predictive unit resource without an envSecretRefName and without default env var
[1mSTEP[0m: Creating a resource
[1mSTEP[0m: Creating a resource
[1mSTEP[0m: Creating a resource
[1mSTEP[0m: Creating a broken resource
[1mSTEP[0m: Creating a resources sequentially
[1mSTEP[0m: Creating a resource
[1mSTEP[0m: Creating a resource
[1588847533] [1mController Suite[0m - 34/34 specs test k8s client
&{Reader:0xc00034f880 Writer:0xc0006ae340 StatusClient:0xc0006ae340}
[32m‚Ä¢[0m[32m‚Ä¢[0m[32m‚Ä¢[0m[32m‚Ä¢[0m[32m‚Ä¢[0m[32m‚Ä¢[0m[32m‚Ä¢[0m[32m‚Ä¢[0m[32m‚Ä¢[0m[32m‚Ä¢[0m[32m‚Ä¢[0m[32m‚Ä¢[0m[32m‚Ä¢[0m[32m‚Ä¢[0m[32m‚Ä¢[0m[32m‚Ä¢[0m[32m‚Ä¢[0m[32m‚Ä¢[0m[32m‚Ä¢[0m[32m‚Ä¢[0m[32m‚Ä¢[0m[32m‚Ä¢[0m[32m‚Ä¢[0m[32m‚Ä¢[0m[32m‚Ä¢[0m[32m‚Ä¢[0m[32m‚Ä¢[0m[32m‚Ä¢[0m[32m‚Ä¢[0m[32m‚Ä¢[0m[32m‚Ä¢[0m[32m‚Ä¢[0m[32m‚Ä¢[0m[32m‚Ä¢[0mE0507 10:33:02.037166   22521 reflector.go:307] pkg/mod/k8s.io/client-go@v0.17.2/tools/cache/reflector.go:105: Failed to watch *v1.Service: Get http://127.0.0.1:35881/api/v1/services?allowWatchBookmarks=true&resourceVersion=301&timeoutSeconds=395&watch=true: dial tcp 127.0.0.1:35881: connect: connection refused
E0507 10:33:02.037620   22521 reflector.go:307] pkg/mod/k8s.io/client-go@v0.17.2/tools/cache/reflector.go:105: Failed to watch *v1.Deployment: Get http://127.0.0.1:35881/apis/apps/v1/deployments?allowWatchBookmarks=true&resourceVersion=303&timeoutSeconds=503&watch=true: dial tcp 127.0.0.1:35881: connect: connection refused
E0507 10:33:02.037667   22521 reflector.go:307] pkg/mod/k8s.io/client-go@v0.17.2/tools/cache/reflector.go:105: Failed to watch *v1.SeldonDeployment: Get http://127.0.0.1:35881/apis/machinelearning.seldon.io/v1/seldondeployments?allowWatchBookmarks=true&resourceVersion=316&timeoutSeconds=384&watch=true: dial tcp 127.0.0.1:35881: connect: connection refused
E0507 10:33:02.037674   22521 reflector.go:307] pkg/mod/k8s.io/client-go@v0.17.2/tools/cache/reflector.go:105: Failed to watch *v1alpha3.VirtualService: Get http://127.0.0.1:35881/apis/networking.istio.io/v1alpha3/virtualservices?allowWatchBookmarks=true&resourceVersion=117&timeoutSeconds=440&watch=true: dial tcp 127.0.0.1:35881: connect: connection refused
E0507 10:33:02.038427   22521 reflector.go:307] pkg/mod/k8s.io/client-go@v0.17.2/tools/cache/reflector.go:105: Failed to watch *v2beta1.HorizontalPodAutoscaler: Get http://127.0.0.1:35881/apis/autoscaling/v2beta1/horizontalpodautoscalers?allowWatchBookmarks=true&resourceVersion=187&timeoutSeconds=360&watch=true: dial tcp 127.0.0.1:35881: connect: connection refused
E0507 10:33:02.038470   22521 reflector.go:307] pkg/mod/k8s.io/client-go@v0.17.2/tools/cache/reflector.go:105: Failed to watch *v1.Namespace: Get http://127.0.0.1:35881/api/v1/namespaces?allowWatchBookmarks=true&resourceVersion=273&timeoutSeconds=365&watch=true: dial tcp 127.0.0.1:35881: connect: connection refused
E0507 10:33:02.038627   22521 reflector.go:307] pkg/mod/k8s.io/client-go@v0.17.2/tools/cache/reflector.go:105: Failed to watch *v1.ConfigMap: Get http://127.0.0.1:35881/api/v1/configmaps?allowWatchBookmarks=true&resourceVersion=117&timeoutSeconds=387&watch=true: dial tcp 127.0.0.1:35881: connect: connection refused

 [32mSUCCESS![0m 29.759283679s PASS
coverage: 61.0% of statements
=== RUN   TestGcsSecret
--- PASS: TestGcsSecret (0.00s)
PASS
coverage: 100.0% of statements
=== RUN   TestS3Secret
--- PASS: TestS3Secret (0.00s)
PASS
coverage: 94.6% of statements
=== RUN   TestGenerateCerts
--- PASS: TestGenerateCerts (3.18s)
=== RUN   TestConfigmapCreate
--- PASS: TestConfigmapCreate (0.00s)
=== RUN   TestMutatingWebhookCreate
--- PASS: TestMutatingWebhookCreate (1.38s)
=== RUN   TestMutatingWebhookCreateNamespaced
--- PASS: TestMutatingWebhookCreateNamespaced (1.55s)
=== RUN   TestValidatingWebhookCreate
--- PASS: TestValidatingWebhookCreate (3.83s)
=== RUN   TestValidatingWebhookCreateNamespaced
--- PASS: TestValidatingWebhookCreateNamespaced (5.91s)
=== RUN   TestWebHookSvcCreate
--- PASS: TestWebHookSvcCreate (1.04s)
PASS
coverage: 50.2% of statements
=== RUN   TestGetDeploymentNameOneModel
--- PASS: TestGetDeploymentNameOneModel (0.00s)
=== RUN   TestGetDeploymentNameLong
--- PASS: TestGetDeploymentNameLong (0.00s)
=== RUN   TestValidateBadProtocol
--- PASS: TestValidateBadProtocol (0.00s)
=== RUN   TestValidateBadTransport
--- PASS: TestValidateBadTransport (0.00s)
=== RUN   TestValidateMixedTransport
--- PASS: TestValidateMixedTransport (0.00s)
=== RUN   TestValidateMixedMultipleTransport
--- PASS: TestValidateMixedMultipleTransport (0.00s)
=== RUN   TestDefaultSingleContainer
--- PASS: TestDefaultSingleContainer (0.00s)
=== RUN   TestMetricsPortAddedTwoContainers
--- PASS: TestMetricsPortAddedTwoContainers (0.00s)
=== RUN   TestMetricsPortAddedTwoComponentSpecsTwoContainers
--- PASS: TestMetricsPortAddedTwoComponentSpecsTwoContainers (0.00s)
=== RUN   TestOverrideMetricsPortName
Failed to find config map seldon-config
no kind is registered for the type v1.ConfigMap in scheme "pkg/runtime/scheme.go:101"
--- FAIL: TestOverrideMetricsPortName (0.00s)
    seldondeployment_webhook_test.go:416: 
        Expected
            <*v1.ContainerPort | 0x0>: nil
        not to be nil
=== RUN   TestPortUseExisting
--- PASS: TestPortUseExisting (0.00s)
=== RUN   TestMetricsPortAddedToPrepacked
Failed to find config map seldon-config
no kind is registered for the type v1.ConfigMap in scheme "pkg/runtime/scheme.go:101"
--- PASS: TestMetricsPortAddedToPrepacked (0.00s)
=== RUN   TestPredictorProtocolGrpc
Failed to find config map seldon-config
no kind is registered for the type v1.ConfigMap in scheme "pkg/runtime/scheme.go:101"
--- PASS: TestPredictorProtocolGrpc (0.00s)
=== RUN   TestPrepackedWithExistingContainer
Failed to find config map seldon-config
no kind is registered for the type v1.ConfigMap in scheme "pkg/runtime/scheme.go:101"
--- PASS: TestPrepackedWithExistingContainer (0.00s)
=== RUN   TestMetricsPortAddedToTwoPrepacked
Failed to find config map seldon-config
no kind is registered for the type v1.ConfigMap in scheme "pkg/runtime/scheme.go:101"
Failed to find config map seldon-config
no kind is registered for the type v1.ConfigMap in scheme "pkg/runtime/scheme.go:101"
--- PASS: TestMetricsPortAddedToTwoPrepacked (0.00s)
=== RUN   TestDefaultPrepackagedServerType
Failed to find config map seldon-config
no kind is registered for the type v1.ConfigMap in scheme "pkg/runtime/scheme.go:101"
--- PASS: TestDefaultPrepackagedServerType (0.00s)
=== RUN   TestValidateSingleModel
--- PASS: TestValidateSingleModel (0.00s)
=== RUN   TestValidateSingleModelNoName
--- PASS: TestValidateSingleModelNoName (0.00s)
=== RUN   TestValidateNoEngineMultiGraph
--- PASS: TestValidateNoEngineMultiGraph (0.00s)
=== RUN   TestValidateDuplPredictorName
--- PASS: TestValidateDuplPredictorName (0.00s)
=== RUN   TestValidateTrafficSum
--- PASS: TestValidateTrafficSum (0.00s)
=== RUN   TestDefaultABTest
--- PASS: TestDefaultABTest (0.00s)
FAIL
coverage: 37.8% of statements
path is /workspace/source/operator
All profiles combined

Ginkgo ran 5 suites in 1m6.20397828s
Test Suite Failed
make[1]: Leaving directory '/workspace/source/operator'
make[1]: *** [Makefile:25: test] Error 1
make: *** [Makefile:17: kind_build_operator] Error 2
Operator build returned errors
kind delete cluster
Deleting cluster "kind" ...
Stopping Docker: dockerProgram process in pidfile '/var/run/docker-ssd.pid', 1 process(es), refused to die.
[31m
Pipeline failed on stage 'end-to-end' : container 'step-test-end-to-end'. The execution of the pipeline has stopped.[0m
